   1               		.file	"platform.c"
   2               	__SP_H__ = 0x3e
   3               	__SP_L__ = 0x3d
   4               	__SREG__ = 0x3f
   5               	__tmp_reg__ = 0
   6               	__zero_reg__ = 1
   7               		.file 1 "/usr/lib/gcc/avr/12.2.0/include/stdint-gcc.h"
   8               		.file 2 "../../types/types.h"
   9               		.file 3 "lcd/lcd.h"
  10               		.file 4 "timer/timer.h"
  11               		.file 5 "random/random.h"
  12               		.file 6 "serial/serial.h"
  13               		.file 7 "xmem/xmem.h"
  14               		.file 8 "platform.c"
  15               		.section	.gnu.debuglto_.debug_info,"e",@progbits
  16               	.Ldebug_info0:
  17               		.hidden	platform.c.aa686f0c
  18               		.weak	platform.c.aa686f0c
  19               	platform.c.aa686f0c:
  20 0000 2B04 0000 		.long	0x42b
  21 0004 0500      		.word	0x5
  22 0006 01        		.byte	0x1
  23 0007 04        		.byte	0x4
  24 0008 0000 0000 		.long	.Ldebug_abbrev0
  25 000c 0D        		.uleb128 0xd
  26 000d 0000 0000 		.long	.LASF45
  27 0011 0C        		.byte	0xc
  28 0012 0000 0000 		.long	.LASF0
  29 0016 0000 0000 		.long	.LASF1
  30 001a 0000 0000 		.long	.Ldebug_line0
  31 001e 0E        		.uleb128 0xe
  32 001f 02        		.byte	0x2
  33 0020 05        		.byte	0x5
  34 0021 696E 7400 		.string	"int"
  35 0025 04        		.uleb128 0x4
  36 0026 02        		.byte	0x2
  37 0027 07        		.byte	0x7
  38 0028 0000 0000 		.long	.LASF2
  39 002c 04        		.uleb128 0x4
  40 002d 01        		.byte	0x1
  41 002e 06        		.byte	0x6
  42 002f 0000 0000 		.long	.LASF3
  43 0033 06        		.uleb128 0x6
  44 0034 0000 0000 		.long	.LASF6
  45 0038 01        		.byte	0x1
  46 0039 28        		.byte	0x28
  47 003a 18        		.byte	0x18
  48 003b 3F00 0000 		.long	0x3f
  49 003f 04        		.uleb128 0x4
  50 0040 04        		.byte	0x4
  51 0041 05        		.byte	0x5
  52 0042 0000 0000 		.long	.LASF4
  53 0046 04        		.uleb128 0x4
  54 0047 08        		.byte	0x8
  55 0048 05        		.byte	0x5
  56 0049 0000 0000 		.long	.LASF5
  57 004d 06        		.uleb128 0x6
  58 004e 0000 0000 		.long	.LASF7
  59 0052 01        		.byte	0x1
  60 0053 2E        		.byte	0x2e
  61 0054 18        		.byte	0x18
  62 0055 5900 0000 		.long	0x59
  63 0059 04        		.uleb128 0x4
  64 005a 01        		.byte	0x1
  65 005b 08        		.byte	0x8
  66 005c 0000 0000 		.long	.LASF8
  67 0060 06        		.uleb128 0x6
  68 0061 0000 0000 		.long	.LASF9
  69 0065 01        		.byte	0x1
  70 0066 31        		.byte	0x31
  71 0067 19        		.byte	0x19
  72 0068 2500 0000 		.long	0x25
  73 006c 06        		.uleb128 0x6
  74 006d 0000 0000 		.long	.LASF10
  75 0071 01        		.byte	0x1
  76 0072 34        		.byte	0x34
  77 0073 19        		.byte	0x19
  78 0074 7800 0000 		.long	0x78
  79 0078 04        		.uleb128 0x4
  80 0079 04        		.byte	0x4
  81 007a 07        		.byte	0x7
  82 007b 0000 0000 		.long	.LASF11
  83 007f 04        		.uleb128 0x4
  84 0080 08        		.byte	0x8
  85 0081 07        		.byte	0x7
  86 0082 0000 0000 		.long	.LASF12
  87 0086 07        		.uleb128 0x7
  88 0087 6933 3200 		.string	"i32"
  89 008b 14        		.byte	0x14
  90 008c 11        		.byte	0x11
  91 008d 3300 0000 		.long	0x33
  92 0091 07        		.uleb128 0x7
  93 0092 7533 3200 		.string	"u32"
  94 0096 20        		.byte	0x20
  95 0097 12        		.byte	0x12
  96 0098 6C00 0000 		.long	0x6c
  97 009c 07        		.uleb128 0x7
  98 009d 7531 3600 		.string	"u16"
  99 00a1 23        		.byte	0x23
 100 00a2 12        		.byte	0x12
 101 00a3 6000 0000 		.long	0x60
 102 00a7 07        		.uleb128 0x7
 103 00a8 7538 00   		.string	"u8"
 104 00ab 26        		.byte	0x26
 105 00ac 11        		.byte	0x11
 106 00ad 4D00 0000 		.long	0x4d
 107 00b1 04        		.uleb128 0x4
 108 00b2 04        		.byte	0x4
 109 00b3 04        		.byte	0x4
 110 00b4 0000 0000 		.long	.LASF13
 111 00b8 04        		.uleb128 0x4
 112 00b9 04        		.byte	0x4
 113 00ba 04        		.byte	0x4
 114 00bb 0000 0000 		.long	.LASF14
 115 00bf 06        		.uleb128 0x6
 116 00c0 0000 0000 		.long	.LASF15
 117 00c4 03        		.byte	0x3
 118 00c5 2F        		.byte	0x2f
 119 00c6 0D        		.byte	0xd
 120 00c7 9C00 0000 		.long	0x9c
 121 00cb 0A        		.uleb128 0xa
 122 00cc 0000 0000 		.long	.LASF16
 123 00d0 04        		.byte	0x4
 124 00d1 18        		.byte	0x18
 125 00d2 9100 0000 		.long	0x91
 126 00d6 0A        		.uleb128 0xa
 127 00d7 0000 0000 		.long	.LASF17
 128 00db 05        		.byte	0x5
 129 00dc 19        		.byte	0x19
 130 00dd 9100 0000 		.long	0x91
 131 00e1 08        		.uleb128 0x8
 132 00e2 0000 0000 		.long	.LASF19
 133 00e6 06        		.byte	0x6
 134 00e7 16        		.byte	0x16
 135 00e8 F200 0000 		.long	0xf2
 136 00ec 03        		.uleb128 0x3
 137 00ed F200 0000 		.long	0xf2
 138 00f1 00        		.byte	0
 139 00f2 04        		.uleb128 0x4
 140 00f3 01        		.byte	0x1
 141 00f4 08        		.byte	0x8
 142 00f5 0000 0000 		.long	.LASF18
 143 00f9 0F        		.uleb128 0xf
 144 00fa F200 0000 		.long	0xf2
 145 00fe 10        		.uleb128 0x10
 146 00ff 0000 0000 		.long	.LASF46
 147 0103 03        		.byte	0x3
 148 0104 48        		.byte	0x48
 149 0105 08        		.byte	0x8
 150 0106 BF00 0000 		.long	0xbf
 151 010a 1E01 0000 		.long	0x11e
 152 010e 03        		.uleb128 0x3
 153 010f A700 0000 		.long	0xa7
 154 0113 03        		.uleb128 0x3
 155 0114 A700 0000 		.long	0xa7
 156 0118 03        		.uleb128 0x3
 157 0119 A700 0000 		.long	0xa7
 158 011d 00        		.byte	0
 159 011e 08        		.uleb128 0x8
 160 011f 0000 0000 		.long	.LASF20
 161 0123 03        		.byte	0x3
 162 0124 53        		.byte	0x53
 163 0125 4301 0000 		.long	0x143
 164 0129 03        		.uleb128 0x3
 165 012a 9C00 0000 		.long	0x9c
 166 012e 03        		.uleb128 0x3
 167 012f 9C00 0000 		.long	0x9c
 168 0133 03        		.uleb128 0x3
 169 0134 9C00 0000 		.long	0x9c
 170 0138 03        		.uleb128 0x3
 171 0139 9C00 0000 		.long	0x9c
 172 013d 03        		.uleb128 0x3
 173 013e BF00 0000 		.long	0xbf
 174 0142 00        		.byte	0
 175 0143 08        		.uleb128 0x8
 176 0144 0000 0000 		.long	.LASF21
 177 0148 07        		.byte	0x7
 178 0149 23        		.byte	0x23
 179 014a 5E01 0000 		.long	0x15e
 180 014e 03        		.uleb128 0x3
 181 014f 9100 0000 		.long	0x91
 182 0153 03        		.uleb128 0x3
 183 0154 5E01 0000 		.long	0x15e
 184 0158 03        		.uleb128 0x3
 185 0159 9C00 0000 		.long	0x9c
 186 015d 00        		.byte	0
 187 015e 0C        		.uleb128 0xc
 188 015f 6301 0000 		.long	0x163
 189 0163 11        		.uleb128 0x11
 190 0164 08        		.uleb128 0x8
 191 0165 0000 0000 		.long	.LASF22
 192 0169 07        		.byte	0x7
 193 016a 1A        		.byte	0x1a
 194 016b 7F01 0000 		.long	0x17f
 195 016f 03        		.uleb128 0x3
 196 0170 9100 0000 		.long	0x91
 197 0174 03        		.uleb128 0x3
 198 0175 7F01 0000 		.long	0x17f
 199 0179 03        		.uleb128 0x3
 200 017a 9C00 0000 		.long	0x9c
 201 017e 00        		.byte	0
 202 017f 12        		.uleb128 0x12
 203 0180 02        		.byte	0x2
 204 0181 0A        		.uleb128 0xa
 205 0182 0000 0000 		.long	.LASF23
 206 0186 07        		.byte	0x7
 207 0187 33        		.byte	0x33
 208 0188 9100 0000 		.long	0x91
 209 018c 0B        		.uleb128 0xb
 210 018d 0000 0000 		.long	.LASF24
 211 0191 7B        		.byte	0x7b
 212 0192 9100 0000 		.long	0x91
 213 0196 0B        		.uleb128 0xb
 214 0197 0000 0000 		.long	.LASF25
 215 019b 74        		.byte	0x74
 216 019c 9100 0000 		.long	0x91
 217 01a0 05        		.uleb128 0x5
 218 01a1 0000 0000 		.long	.LASF28
 219 01a5 68        		.byte	0x68
 220 01a6 D701 0000 		.long	0x1d7
 221 01aa 02        		.uleb128 0x2
 222 01ab 0000 0000 		.long	.LASF26
 223 01af 68        		.byte	0x68
 224 01b0 23        		.byte	0x23
 225 01b1 5E01 0000 		.long	0x15e
 226 01b5 01        		.uleb128 0x1
 227 01b6 6C65 6E00 		.string	"len"
 228 01ba 68        		.byte	0x68
 229 01bb 2D        		.byte	0x2d
 230 01bc 9100 0000 		.long	0x91
 231 01c0 13        		.uleb128 0x13
 232 01c1 6900      		.string	"i"
 233 01c3 08        		.byte	0x8
 234 01c4 6A        		.byte	0x6a
 235 01c5 06        		.byte	0x6
 236 01c6 9100 0000 		.long	0x91
 237 01ca 14        		.uleb128 0x14
 238 01cb 0000 0000 		.long	.LASF27
 239 01cf 08        		.byte	0x8
 240 01d0 6B        		.byte	0x6b
 241 01d1 0E        		.byte	0xe
 242 01d2 D701 0000 		.long	0x1d7
 243 01d6 00        		.byte	0
 244 01d7 0C        		.uleb128 0xc
 245 01d8 F900 0000 		.long	0xf9
 246 01dc 05        		.uleb128 0x5
 247 01dd 0000 0000 		.long	.LASF29
 248 01e1 5D        		.byte	0x5d
 249 01e2 2A02 0000 		.long	0x22a
 250 01e6 01        		.uleb128 0x1
 251 01e7 7800      		.string	"x"
 252 01e9 5E        		.byte	0x5e
 253 01ea 06        		.byte	0x6
 254 01eb 8600 0000 		.long	0x86
 255 01ef 01        		.uleb128 0x1
 256 01f0 7900      		.string	"y"
 257 01f2 5E        		.byte	0x5e
 258 01f3 0D        		.byte	0xd
 259 01f4 8600 0000 		.long	0x86
 260 01f8 01        		.uleb128 0x1
 261 01f9 7700      		.string	"w"
 262 01fb 5E        		.byte	0x5e
 263 01fc 14        		.byte	0x14
 264 01fd 8600 0000 		.long	0x86
 265 0201 01        		.uleb128 0x1
 266 0202 6800      		.string	"h"
 267 0204 5E        		.byte	0x5e
 268 0205 1B        		.byte	0x1b
 269 0206 8600 0000 		.long	0x86
 270 020a 01        		.uleb128 0x1
 271 020b 6667 00   		.string	"fg"
 272 020e 5E        		.byte	0x5e
 273 020f 22        		.byte	0x22
 274 0210 9100 0000 		.long	0x91
 275 0214 01        		.uleb128 0x1
 276 0215 6267 00   		.string	"bg"
 277 0218 5E        		.byte	0x5e
 278 0219 2A        		.byte	0x2a
 279 021a 9100 0000 		.long	0x91
 280 021e 02        		.uleb128 0x2
 281 021f 0000 0000 		.long	.LASF30
 282 0223 5E        		.byte	0x5e
 283 0224 32        		.byte	0x32
 284 0225 9100 0000 		.long	0x91
 285 0229 00        		.byte	0
 286 022a 05        		.uleb128 0x5
 287 022b 0000 0000 		.long	.LASF31
 288 022f 54        		.byte	0x54
 289 0230 7802 0000 		.long	0x278
 290 0234 01        		.uleb128 0x1
 291 0235 7800      		.string	"x"
 292 0237 55        		.byte	0x55
 293 0238 06        		.byte	0x6
 294 0239 8600 0000 		.long	0x86
 295 023d 01        		.uleb128 0x1
 296 023e 7900      		.string	"y"
 297 0240 55        		.byte	0x55
 298 0241 0D        		.byte	0xd
 299 0242 8600 0000 		.long	0x86
 300 0246 01        		.uleb128 0x1
 301 0247 7700      		.string	"w"
 302 0249 55        		.byte	0x55
 303 024a 14        		.byte	0x14
 304 024b 8600 0000 		.long	0x86
 305 024f 01        		.uleb128 0x1
 306 0250 6800      		.string	"h"
 307 0252 55        		.byte	0x55
 308 0253 1B        		.byte	0x1b
 309 0254 8600 0000 		.long	0x86
 310 0258 01        		.uleb128 0x1
 311 0259 6667 00   		.string	"fg"
 312 025c 55        		.byte	0x55
 313 025d 22        		.byte	0x22
 314 025e 9100 0000 		.long	0x91
 315 0262 01        		.uleb128 0x1
 316 0263 6267 00   		.string	"bg"
 317 0266 55        		.byte	0x55
 318 0267 2A        		.byte	0x2a
 319 0268 9100 0000 		.long	0x91
 320 026c 02        		.uleb128 0x2
 321 026d 0000 0000 		.long	.LASF30
 322 0271 55        		.byte	0x55
 323 0272 32        		.byte	0x32
 324 0273 9100 0000 		.long	0x91
 325 0277 00        		.byte	0
 326 0278 05        		.uleb128 0x5
 327 0279 0000 0000 		.long	.LASF32
 328 027d 4D        		.byte	0x4d
 329 027e B202 0000 		.long	0x2b2
 330 0282 01        		.uleb128 0x1
 331 0283 7800      		.string	"x"
 332 0285 4D        		.byte	0x4d
 333 0286 1F        		.byte	0x1f
 334 0287 8600 0000 		.long	0x86
 335 028b 01        		.uleb128 0x1
 336 028c 7900      		.string	"y"
 337 028e 4D        		.byte	0x4d
 338 028f 26        		.byte	0x26
 339 0290 8600 0000 		.long	0x86
 340 0294 01        		.uleb128 0x1
 341 0295 7700      		.string	"w"
 342 0297 4D        		.byte	0x4d
 343 0298 2D        		.byte	0x2d
 344 0299 8600 0000 		.long	0x86
 345 029d 01        		.uleb128 0x1
 346 029e 6800      		.string	"h"
 347 02a0 4D        		.byte	0x4d
 348 02a1 34        		.byte	0x34
 349 02a2 8600 0000 		.long	0x86
 350 02a6 02        		.uleb128 0x2
 351 02a7 0000 0000 		.long	.LASF30
 352 02ab 4D        		.byte	0x4d
 353 02ac 3B        		.byte	0x3b
 354 02ad 9100 0000 		.long	0x91
 355 02b1 00        		.byte	0
 356 02b2 05        		.uleb128 0x5
 357 02b3 0000 0000 		.long	.LASF33
 358 02b7 46        		.byte	0x46
 359 02b8 EC02 0000 		.long	0x2ec
 360 02bc 01        		.uleb128 0x1
 361 02bd 7800      		.string	"x"
 362 02bf 46        		.byte	0x46
 363 02c0 1C        		.byte	0x1c
 364 02c1 8600 0000 		.long	0x86
 365 02c5 01        		.uleb128 0x1
 366 02c6 7900      		.string	"y"
 367 02c8 46        		.byte	0x46
 368 02c9 23        		.byte	0x23
 369 02ca 8600 0000 		.long	0x86
 370 02ce 01        		.uleb128 0x1
 371 02cf 7700      		.string	"w"
 372 02d1 46        		.byte	0x46
 373 02d2 2A        		.byte	0x2a
 374 02d3 8600 0000 		.long	0x86
 375 02d7 01        		.uleb128 0x1
 376 02d8 6800      		.string	"h"
 377 02da 46        		.byte	0x46
 378 02db 31        		.byte	0x31
 379 02dc 8600 0000 		.long	0x86
 380 02e0 02        		.uleb128 0x2
 381 02e1 0000 0000 		.long	.LASF30
 382 02e5 46        		.byte	0x46
 383 02e6 38        		.byte	0x38
 384 02e7 9100 0000 		.long	0x91
 385 02eb 00        		.byte	0
 386 02ec 05        		.uleb128 0x5
 387 02ed 0000 0000 		.long	.LASF34
 388 02f1 3A        		.byte	0x3a
 389 02f2 2603 0000 		.long	0x326
 390 02f6 01        		.uleb128 0x1
 391 02f7 7800      		.string	"x"
 392 02f9 3A        		.byte	0x3a
 393 02fa 1D        		.byte	0x1d
 394 02fb 8600 0000 		.long	0x86
 395 02ff 01        		.uleb128 0x1
 396 0300 7900      		.string	"y"
 397 0302 3A        		.byte	0x3a
 398 0303 24        		.byte	0x24
 399 0304 8600 0000 		.long	0x86
 400 0308 01        		.uleb128 0x1
 401 0309 7700      		.string	"w"
 402 030b 3A        		.byte	0x3a
 403 030c 2B        		.byte	0x2b
 404 030d 8600 0000 		.long	0x86
 405 0311 01        		.uleb128 0x1
 406 0312 6800      		.string	"h"
 407 0314 3A        		.byte	0x3a
 408 0315 32        		.byte	0x32
 409 0316 8600 0000 		.long	0x86
 410 031a 02        		.uleb128 0x2
 411 031b 0000 0000 		.long	.LASF30
 412 031f 3A        		.byte	0x3a
 413 0320 39        		.byte	0x39
 414 0321 9100 0000 		.long	0x91
 415 0325 00        		.byte	0
 416 0326 05        		.uleb128 0x5
 417 0327 0000 0000 		.long	.LASF35
 418 032b 35        		.byte	0x35
 419 032c 6003 0000 		.long	0x360
 420 0330 01        		.uleb128 0x1
 421 0331 7800      		.string	"x"
 422 0333 35        		.byte	0x35
 423 0334 17        		.byte	0x17
 424 0335 8600 0000 		.long	0x86
 425 0339 01        		.uleb128 0x1
 426 033a 7900      		.string	"y"
 427 033c 35        		.byte	0x35
 428 033d 1E        		.byte	0x1e
 429 033e 8600 0000 		.long	0x86
 430 0342 01        		.uleb128 0x1
 431 0343 7700      		.string	"w"
 432 0345 35        		.byte	0x35
 433 0346 25        		.byte	0x25
 434 0347 8600 0000 		.long	0x86
 435 034b 01        		.uleb128 0x1
 436 034c 6800      		.string	"h"
 437 034e 35        		.byte	0x35
 438 034f 2C        		.byte	0x2c
 439 0350 8600 0000 		.long	0x86
 440 0354 02        		.uleb128 0x2
 441 0355 0000 0000 		.long	.LASF36
 442 0359 35        		.byte	0x35
 443 035a 33        		.byte	0x33
 444 035b 9100 0000 		.long	0x91
 445 035f 00        		.byte	0
 446 0360 09        		.uleb128 0x9
 447 0361 0000 0000 		.long	.LASF37
 448 0365 2D        		.byte	0x2d
 449 0366 0F        		.byte	0xf
 450 0367 BF00 0000 		.long	0xbf
 451 036b 7B03 0000 		.long	0x37b
 452 036f 02        		.uleb128 0x2
 453 0370 0000 0000 		.long	.LASF36
 454 0374 2D        		.byte	0x2d
 455 0375 23        		.byte	0x23
 456 0376 9100 0000 		.long	0x91
 457 037a 00        		.byte	0
 458 037b 09        		.uleb128 0x9
 459 037c 0000 0000 		.long	.LASF38
 460 0380 2A        		.byte	0x2a
 461 0381 12        		.byte	0x12
 462 0382 A700 0000 		.long	0xa7
 463 0386 9603 0000 		.long	0x396
 464 038a 02        		.uleb128 0x2
 465 038b 0000 0000 		.long	.LASF36
 466 038f 2A        		.byte	0x2a
 467 0390 1E        		.byte	0x1e
 468 0391 9100 0000 		.long	0x91
 469 0395 00        		.byte	0
 470 0396 09        		.uleb128 0x9
 471 0397 0000 0000 		.long	.LASF39
 472 039b 27        		.byte	0x27
 473 039c 12        		.byte	0x12
 474 039d A700 0000 		.long	0xa7
 475 03a1 B103 0000 		.long	0x3b1
 476 03a5 02        		.uleb128 0x2
 477 03a6 0000 0000 		.long	.LASF36
 478 03aa 27        		.byte	0x27
 479 03ab 1E        		.byte	0x1e
 480 03ac 9100 0000 		.long	0x91
 481 03b0 00        		.byte	0
 482 03b1 09        		.uleb128 0x9
 483 03b2 0000 0000 		.long	.LASF40
 484 03b6 24        		.byte	0x24
 485 03b7 12        		.byte	0x12
 486 03b8 A700 0000 		.long	0xa7
 487 03bc CC03 0000 		.long	0x3cc
 488 03c0 02        		.uleb128 0x2
 489 03c1 0000 0000 		.long	.LASF36
 490 03c5 24        		.byte	0x24
 491 03c6 1E        		.byte	0x1e
 492 03c7 9100 0000 		.long	0x91
 493 03cb 00        		.byte	0
 494 03cc 05        		.uleb128 0x5
 495 03cd 0000 0000 		.long	.LASF41
 496 03d1 1C        		.byte	0x1c
 497 03d2 F803 0000 		.long	0x3f8
 498 03d6 02        		.uleb128 0x2
 499 03d7 0000 0000 		.long	.LASF30
 500 03db 1C        		.byte	0x1c
 501 03dc 1B        		.byte	0x1b
 502 03dd 9100 0000 		.long	0x91
 503 03e1 02        		.uleb128 0x2
 504 03e2 0000 0000 		.long	.LASF26
 505 03e6 1C        		.byte	0x1c
 506 03e7 2D        		.byte	0x2d
 507 03e8 5E01 0000 		.long	0x15e
 508 03ec 02        		.uleb128 0x2
 509 03ed 0000 0000 		.long	.LASF42
 510 03f1 1C        		.byte	0x1c
 511 03f2 37        		.byte	0x37
 512 03f3 9100 0000 		.long	0x91
 513 03f7 00        		.byte	0
 514 03f8 05        		.uleb128 0x5
 515 03f9 0000 0000 		.long	.LASF43
 516 03fd 17        		.byte	0x17
 517 03fe 2404 0000 		.long	0x424
 518 0402 02        		.uleb128 0x2
 519 0403 0000 0000 		.long	.LASF30
 520 0407 17        		.byte	0x17
 521 0408 1A        		.byte	0x1a
 522 0409 9100 0000 		.long	0x91
 523 040d 02        		.uleb128 0x2
 524 040e 0000 0000 		.long	.LASF26
 525 0412 17        		.byte	0x17
 526 0413 26        		.byte	0x26
 527 0414 7F01 0000 		.long	0x17f
 528 0418 02        		.uleb128 0x2
 529 0419 0000 0000 		.long	.LASF42
 530 041d 17        		.byte	0x17
 531 041e 30        		.byte	0x30
 532 041f 9100 0000 		.long	0x91
 533 0423 00        		.byte	0
 534 0424 0B        		.uleb128 0xb
 535 0425 0000 0000 		.long	.LASF44
 536 0429 12        		.byte	0x12
 537 042a 9100 0000 		.long	0x91
 538 042e 00        		.byte	0
 539               		.section	.gnu.debuglto_.debug_abbrev,"e",@progbits
 540               	.Ldebug_abbrev0:
 541 0000 01        		.uleb128 0x1
 542 0001 05        		.uleb128 0x5
 543 0002 00        		.byte	0
 544 0003 03        		.uleb128 0x3
 545 0004 08        		.uleb128 0x8
 546 0005 3A        		.uleb128 0x3a
 547 0006 21        		.uleb128 0x21
 548 0007 08        		.sleb128 8
 549 0008 3B        		.uleb128 0x3b
 550 0009 0B        		.uleb128 0xb
 551 000a 39        		.uleb128 0x39
 552 000b 0B        		.uleb128 0xb
 553 000c 49        		.uleb128 0x49
 554 000d 13        		.uleb128 0x13
 555 000e 00        		.byte	0
 556 000f 00        		.byte	0
 557 0010 02        		.uleb128 0x2
 558 0011 05        		.uleb128 0x5
 559 0012 00        		.byte	0
 560 0013 03        		.uleb128 0x3
 561 0014 0E        		.uleb128 0xe
 562 0015 3A        		.uleb128 0x3a
 563 0016 21        		.uleb128 0x21
 564 0017 08        		.sleb128 8
 565 0018 3B        		.uleb128 0x3b
 566 0019 0B        		.uleb128 0xb
 567 001a 39        		.uleb128 0x39
 568 001b 0B        		.uleb128 0xb
 569 001c 49        		.uleb128 0x49
 570 001d 13        		.uleb128 0x13
 571 001e 00        		.byte	0
 572 001f 00        		.byte	0
 573 0020 03        		.uleb128 0x3
 574 0021 05        		.uleb128 0x5
 575 0022 00        		.byte	0
 576 0023 49        		.uleb128 0x49
 577 0024 13        		.uleb128 0x13
 578 0025 00        		.byte	0
 579 0026 00        		.byte	0
 580 0027 04        		.uleb128 0x4
 581 0028 24        		.uleb128 0x24
 582 0029 00        		.byte	0
 583 002a 0B        		.uleb128 0xb
 584 002b 0B        		.uleb128 0xb
 585 002c 3E        		.uleb128 0x3e
 586 002d 0B        		.uleb128 0xb
 587 002e 03        		.uleb128 0x3
 588 002f 0E        		.uleb128 0xe
 589 0030 00        		.byte	0
 590 0031 00        		.byte	0
 591 0032 05        		.uleb128 0x5
 592 0033 2E        		.uleb128 0x2e
 593 0034 01        		.byte	0x1
 594 0035 3F        		.uleb128 0x3f
 595 0036 19        		.uleb128 0x19
 596 0037 03        		.uleb128 0x3
 597 0038 0E        		.uleb128 0xe
 598 0039 3A        		.uleb128 0x3a
 599 003a 21        		.uleb128 0x21
 600 003b 08        		.sleb128 8
 601 003c 3B        		.uleb128 0x3b
 602 003d 0B        		.uleb128 0xb
 603 003e 39        		.uleb128 0x39
 604 003f 21        		.uleb128 0x21
 605 0040 06        		.sleb128 6
 606 0041 27        		.uleb128 0x27
 607 0042 19        		.uleb128 0x19
 608 0043 01        		.uleb128 0x1
 609 0044 13        		.uleb128 0x13
 610 0045 00        		.byte	0
 611 0046 00        		.byte	0
 612 0047 06        		.uleb128 0x6
 613 0048 16        		.uleb128 0x16
 614 0049 00        		.byte	0
 615 004a 03        		.uleb128 0x3
 616 004b 0E        		.uleb128 0xe
 617 004c 3A        		.uleb128 0x3a
 618 004d 0B        		.uleb128 0xb
 619 004e 3B        		.uleb128 0x3b
 620 004f 0B        		.uleb128 0xb
 621 0050 39        		.uleb128 0x39
 622 0051 0B        		.uleb128 0xb
 623 0052 49        		.uleb128 0x49
 624 0053 13        		.uleb128 0x13
 625 0054 00        		.byte	0
 626 0055 00        		.byte	0
 627 0056 07        		.uleb128 0x7
 628 0057 16        		.uleb128 0x16
 629 0058 00        		.byte	0
 630 0059 03        		.uleb128 0x3
 631 005a 08        		.uleb128 0x8
 632 005b 3A        		.uleb128 0x3a
 633 005c 21        		.uleb128 0x21
 634 005d 02        		.sleb128 2
 635 005e 3B        		.uleb128 0x3b
 636 005f 0B        		.uleb128 0xb
 637 0060 39        		.uleb128 0x39
 638 0061 0B        		.uleb128 0xb
 639 0062 49        		.uleb128 0x49
 640 0063 13        		.uleb128 0x13
 641 0064 00        		.byte	0
 642 0065 00        		.byte	0
 643 0066 08        		.uleb128 0x8
 644 0067 2E        		.uleb128 0x2e
 645 0068 01        		.byte	0x1
 646 0069 3F        		.uleb128 0x3f
 647 006a 19        		.uleb128 0x19
 648 006b 03        		.uleb128 0x3
 649 006c 0E        		.uleb128 0xe
 650 006d 3A        		.uleb128 0x3a
 651 006e 0B        		.uleb128 0xb
 652 006f 3B        		.uleb128 0x3b
 653 0070 0B        		.uleb128 0xb
 654 0071 39        		.uleb128 0x39
 655 0072 21        		.uleb128 0x21
 656 0073 06        		.sleb128 6
 657 0074 27        		.uleb128 0x27
 658 0075 19        		.uleb128 0x19
 659 0076 3C        		.uleb128 0x3c
 660 0077 19        		.uleb128 0x19
 661 0078 01        		.uleb128 0x1
 662 0079 13        		.uleb128 0x13
 663 007a 00        		.byte	0
 664 007b 00        		.byte	0
 665 007c 09        		.uleb128 0x9
 666 007d 2E        		.uleb128 0x2e
 667 007e 01        		.byte	0x1
 668 007f 03        		.uleb128 0x3
 669 0080 0E        		.uleb128 0xe
 670 0081 3A        		.uleb128 0x3a
 671 0082 21        		.uleb128 0x21
 672 0083 08        		.sleb128 8
 673 0084 3B        		.uleb128 0x3b
 674 0085 0B        		.uleb128 0xb
 675 0086 39        		.uleb128 0x39
 676 0087 0B        		.uleb128 0xb
 677 0088 27        		.uleb128 0x27
 678 0089 19        		.uleb128 0x19
 679 008a 49        		.uleb128 0x49
 680 008b 13        		.uleb128 0x13
 681 008c 01        		.uleb128 0x1
 682 008d 13        		.uleb128 0x13
 683 008e 00        		.byte	0
 684 008f 00        		.byte	0
 685 0090 0A        		.uleb128 0xa
 686 0091 2E        		.uleb128 0x2e
 687 0092 00        		.byte	0
 688 0093 3F        		.uleb128 0x3f
 689 0094 19        		.uleb128 0x19
 690 0095 03        		.uleb128 0x3
 691 0096 0E        		.uleb128 0xe
 692 0097 3A        		.uleb128 0x3a
 693 0098 0B        		.uleb128 0xb
 694 0099 3B        		.uleb128 0x3b
 695 009a 0B        		.uleb128 0xb
 696 009b 39        		.uleb128 0x39
 697 009c 21        		.uleb128 0x21
 698 009d 05        		.sleb128 5
 699 009e 27        		.uleb128 0x27
 700 009f 19        		.uleb128 0x19
 701 00a0 49        		.uleb128 0x49
 702 00a1 13        		.uleb128 0x13
 703 00a2 3C        		.uleb128 0x3c
 704 00a3 19        		.uleb128 0x19
 705 00a4 00        		.byte	0
 706 00a5 00        		.byte	0
 707 00a6 0B        		.uleb128 0xb
 708 00a7 2E        		.uleb128 0x2e
 709 00a8 00        		.byte	0
 710 00a9 3F        		.uleb128 0x3f
 711 00aa 19        		.uleb128 0x19
 712 00ab 03        		.uleb128 0x3
 713 00ac 0E        		.uleb128 0xe
 714 00ad 3A        		.uleb128 0x3a
 715 00ae 21        		.uleb128 0x21
 716 00af 08        		.sleb128 8
 717 00b0 3B        		.uleb128 0x3b
 718 00b1 0B        		.uleb128 0xb
 719 00b2 39        		.uleb128 0x39
 720 00b3 21        		.uleb128 0x21
 721 00b4 05        		.sleb128 5
 722 00b5 27        		.uleb128 0x27
 723 00b6 19        		.uleb128 0x19
 724 00b7 49        		.uleb128 0x49
 725 00b8 13        		.uleb128 0x13
 726 00b9 00        		.byte	0
 727 00ba 00        		.byte	0
 728 00bb 0C        		.uleb128 0xc
 729 00bc 0F        		.uleb128 0xf
 730 00bd 00        		.byte	0
 731 00be 0B        		.uleb128 0xb
 732 00bf 21        		.uleb128 0x21
 733 00c0 02        		.sleb128 2
 734 00c1 49        		.uleb128 0x49
 735 00c2 13        		.uleb128 0x13
 736 00c3 00        		.byte	0
 737 00c4 00        		.byte	0
 738 00c5 0D        		.uleb128 0xd
 739 00c6 11        		.uleb128 0x11
 740 00c7 01        		.byte	0x1
 741 00c8 25        		.uleb128 0x25
 742 00c9 0E        		.uleb128 0xe
 743 00ca 13        		.uleb128 0x13
 744 00cb 0B        		.uleb128 0xb
 745 00cc 03        		.uleb128 0x3
 746 00cd 1F        		.uleb128 0x1f
 747 00ce 1B        		.uleb128 0x1b
 748 00cf 1F        		.uleb128 0x1f
 749 00d0 10        		.uleb128 0x10
 750 00d1 17        		.uleb128 0x17
 751 00d2 00        		.byte	0
 752 00d3 00        		.byte	0
 753 00d4 0E        		.uleb128 0xe
 754 00d5 24        		.uleb128 0x24
 755 00d6 00        		.byte	0
 756 00d7 0B        		.uleb128 0xb
 757 00d8 0B        		.uleb128 0xb
 758 00d9 3E        		.uleb128 0x3e
 759 00da 0B        		.uleb128 0xb
 760 00db 03        		.uleb128 0x3
 761 00dc 08        		.uleb128 0x8
 762 00dd 00        		.byte	0
 763 00de 00        		.byte	0
 764 00df 0F        		.uleb128 0xf
 765 00e0 26        		.uleb128 0x26
 766 00e1 00        		.byte	0
 767 00e2 49        		.uleb128 0x49
 768 00e3 13        		.uleb128 0x13
 769 00e4 00        		.byte	0
 770 00e5 00        		.byte	0
 771 00e6 10        		.uleb128 0x10
 772 00e7 2E        		.uleb128 0x2e
 773 00e8 01        		.byte	0x1
 774 00e9 3F        		.uleb128 0x3f
 775 00ea 19        		.uleb128 0x19
 776 00eb 03        		.uleb128 0x3
 777 00ec 0E        		.uleb128 0xe
 778 00ed 3A        		.uleb128 0x3a
 779 00ee 0B        		.uleb128 0xb
 780 00ef 3B        		.uleb128 0x3b
 781 00f0 0B        		.uleb128 0xb
 782 00f1 39        		.uleb128 0x39
 783 00f2 0B        		.uleb128 0xb
 784 00f3 27        		.uleb128 0x27
 785 00f4 19        		.uleb128 0x19
 786 00f5 49        		.uleb128 0x49
 787 00f6 13        		.uleb128 0x13
 788 00f7 3C        		.uleb128 0x3c
 789 00f8 19        		.uleb128 0x19
 790 00f9 01        		.uleb128 0x1
 791 00fa 13        		.uleb128 0x13
 792 00fb 00        		.byte	0
 793 00fc 00        		.byte	0
 794 00fd 11        		.uleb128 0x11
 795 00fe 26        		.uleb128 0x26
 796 00ff 00        		.byte	0
 797 0100 00        		.byte	0
 798 0101 00        		.byte	0
 799 0102 12        		.uleb128 0x12
 800 0103 0F        		.uleb128 0xf
 801 0104 00        		.byte	0
 802 0105 0B        		.uleb128 0xb
 803 0106 0B        		.uleb128 0xb
 804 0107 00        		.byte	0
 805 0108 00        		.byte	0
 806 0109 13        		.uleb128 0x13
 807 010a 34        		.uleb128 0x34
 808 010b 00        		.byte	0
 809 010c 03        		.uleb128 0x3
 810 010d 08        		.uleb128 0x8
 811 010e 3A        		.uleb128 0x3a
 812 010f 0B        		.uleb128 0xb
 813 0110 3B        		.uleb128 0x3b
 814 0111 0B        		.uleb128 0xb
 815 0112 39        		.uleb128 0x39
 816 0113 0B        		.uleb128 0xb
 817 0114 49        		.uleb128 0x49
 818 0115 13        		.uleb128 0x13
 819 0116 00        		.byte	0
 820 0117 00        		.byte	0
 821 0118 14        		.uleb128 0x14
 822 0119 34        		.uleb128 0x34
 823 011a 00        		.byte	0
 824 011b 03        		.uleb128 0x3
 825 011c 0E        		.uleb128 0xe
 826 011d 3A        		.uleb128 0x3a
 827 011e 0B        		.uleb128 0xb
 828 011f 3B        		.uleb128 0x3b
 829 0120 0B        		.uleb128 0xb
 830 0121 39        		.uleb128 0x39
 831 0122 0B        		.uleb128 0xb
 832 0123 49        		.uleb128 0x49
 833 0124 13        		.uleb128 0x13
 834 0125 00        		.byte	0
 835 0126 00        		.byte	0
 836 0127 00        		.byte	0
 837               		.section	.gnu.debuglto_.debug_line,"e",@progbits
 838               	.Ldebug_line0:
 839 0000 7100 0000 		.long	.LELT0-.LSLT0
 840               	.LSLT0:
 841 0004 0500      		.word	0x5
 842 0006 04        		.byte	0x4
 843 0007 00        		.byte	0
 844 0008 6900 0000 		.long	.LELTP0-.LASLTP0
 845               	.LASLTP0:
 846 000c 01        		.byte	0x1
 847 000d 01        		.byte	0x1
 848 000e 01        		.byte	0x1
 849 000f F6        		.byte	0xf6
 850 0010 F2        		.byte	0xf2
 851 0011 0D        		.byte	0xd
 852 0012 00        		.byte	0
 853 0013 01        		.byte	0x1
 854 0014 01        		.byte	0x1
 855 0015 01        		.byte	0x1
 856 0016 01        		.byte	0x1
 857 0017 00        		.byte	0
 858 0018 00        		.byte	0
 859 0019 00        		.byte	0
 860 001a 01        		.byte	0x1
 861 001b 00        		.byte	0
 862 001c 00        		.byte	0
 863 001d 01        		.byte	0x1
 864 001e 01        		.byte	0x1
 865 001f 01        		.uleb128 0x1
 866 0020 1F        		.uleb128 0x1f
 867 0021 08        		.uleb128 0x8
 868 0022 0000 0000 		.long	.LASF1
 869 0026 0000 0000 		.long	.LASF47
 870 002a 0000 0000 		.long	.LASF48
 871 002e 0000 0000 		.long	.LASF49
 872 0032 0000 0000 		.long	.LASF50
 873 0036 0000 0000 		.long	.LASF51
 874 003a 0000 0000 		.long	.LASF52
 875 003e 0000 0000 		.long	.LASF53
 876 0042 02        		.byte	0x2
 877 0043 01        		.uleb128 0x1
 878 0044 1F        		.uleb128 0x1f
 879 0045 02        		.uleb128 0x2
 880 0046 0B        		.uleb128 0xb
 881 0047 09        		.uleb128 0x9
 882 0048 0000 0000 		.long	.LASF0
 883 004c 00        		.byte	0
 884 004d 0000 0000 		.long	.LASF54
 885 0051 07        		.byte	0x7
 886 0052 0000 0000 		.long	.LASF55
 887 0056 01        		.byte	0x1
 888 0057 0000 0000 		.long	.LASF56
 889 005b 03        		.byte	0x3
 890 005c 0000 0000 		.long	.LASF57
 891 0060 05        		.byte	0x5
 892 0061 0000 0000 		.long	.LASF58
 893 0065 02        		.byte	0x2
 894 0066 0000 0000 		.long	.LASF59
 895 006a 04        		.byte	0x4
 896 006b 0000 0000 		.long	.LASF60
 897 006f 06        		.byte	0x6
 898 0070 0000 0000 		.long	.LASF0
 899 0074 00        		.byte	0
 900               	.LELTP0:
 901               	.LELT0:
 902               		.section	.gnu.debuglto_.debug_str,"eMS",@progbits,1
 903               	.LASF32:
 904 0000 656E 765F 		.string	"env_gfx_image_rgb565"
 904      6766 785F 
 904      696D 6167 
 904      655F 7267 
 904      6235 3635 
 905               	.LASF23:
 906 0015 786D 656D 		.string	"xmem_size"
 906      5F73 697A 
 906      6500 
 907               	.LASF29:
 908 001f 656E 765F 		.string	"env_gfx_image_1bit"
 908      6766 785F 
 908      696D 6167 
 908      655F 3162 
 908      6974 00
 909               	.LASF18:
 910 0032 6368 6172 		.string	"char"
 910      00
 911               	.LASF21:
 912 0037 786D 656D 		.string	"xmem_write"
 912      5F77 7269 
 912      7465 00
 913               	.LASF37:
 914 0042 5F61 6267 		.string	"_abgr_to_rgb565"
 914      725F 746F 
 914      5F72 6762 
 914      3536 3500 
 915               	.LASF43:
 916 0052 656E 765F 		.string	"env_memory_read"
 916      6D65 6D6F 
 916      7279 5F72 
 916      6561 6400 
 917               	.LASF13:
 918 0062 666C 6F61 		.string	"float"
 918      7400 
 919               	.LASF26:
 920 0068 6461 7461 		.string	"data"
 920      00
 921               	.LASF25:
 922 006d 656E 765F 		.string	"env_random_get"
 922      7261 6E64 
 922      6F6D 5F67 
 922      6574 00
 923               	.LASF42:
 924 007c 7369 7A65 		.string	"size"
 924      00
 925               	.LASF22:
 926 0081 786D 656D 		.string	"xmem_read"
 926      5F72 6561 
 926      6400 
 927               	.LASF11:
 928 008b 6C6F 6E67 		.string	"long unsigned int"
 928      2075 6E73 
 928      6967 6E65 
 928      6420 696E 
 928      7400 
 929               	.LASF30:
 930 009d 6164 6472 		.string	"addr"
 930      00
 931               	.LASF28:
 932 00a2 656E 765F 		.string	"env_serial_write"
 932      7365 7269 
 932      616C 5F77 
 932      7269 7465 
 932      00
 933               	.LASF10:
 934 00b3 7569 6E74 		.string	"uint32_t"
 934      3332 5F74 
 934      00
 935               	.LASF46:
 936 00bc 6C63 645F 		.string	"lcd_color"
 936      636F 6C6F 
 936      7200 
 937               	.LASF31:
 938 00c6 656E 765F 		.string	"env_gfx_image_grayscale"
 938      6766 785F 
 938      696D 6167 
 938      655F 6772 
 938      6179 7363 
 939               	.LASF8:
 940 00de 756E 7369 		.string	"unsigned char"
 940      676E 6564 
 940      2063 6861 
 940      7200 
 941               	.LASF35:
 942 00ec 656E 765F 		.string	"env_gfx_rect"
 942      6766 785F 
 942      7265 6374 
 942      00
 943               	.LASF14:
 944 00f9 646F 7562 		.string	"double"
 944      6C65 00
 945               	.LASF39:
 946 0100 5F61 6267 		.string	"_abgr_g"
 946      725F 6700 
 947               	.LASF36:
 948 0108 636F 6C6F 		.string	"color"
 948      7200 
 949               	.LASF2:
 950 010e 756E 7369 		.string	"unsigned int"
 950      676E 6564 
 950      2069 6E74 
 950      00
 951               	.LASF40:
 952 011b 5F61 6267 		.string	"_abgr_r"
 952      725F 7200 
 953               	.LASF12:
 954 0123 6C6F 6E67 		.string	"long long unsigned int"
 954      206C 6F6E 
 954      6720 756E 
 954      7369 676E 
 954      6564 2069 
 955               	.LASF7:
 956 013a 7569 6E74 		.string	"uint8_t"
 956      385F 7400 
 957               	.LASF41:
 958 0142 656E 765F 		.string	"env_memory_write"
 958      6D65 6D6F 
 958      7279 5F77 
 958      7269 7465 
 958      00
 959               	.LASF19:
 960 0153 7365 7269 		.string	"serial_tx"
 960      616C 5F74 
 960      7800 
 961               	.LASF15:
 962 015d 5247 4235 		.string	"RGB565"
 962      3635 00
 963               	.LASF6:
 964 0164 696E 7433 		.string	"int32_t"
 964      325F 7400 
 965               	.LASF38:
 966 016c 5F61 6267 		.string	"_abgr_b"
 966      725F 6200 
 967               	.LASF27:
 968 0174 6461 7461 		.string	"data8"
 968      3800 
 969               	.LASF5:
 970 017a 6C6F 6E67 		.string	"long long int"
 970      206C 6F6E 
 970      6720 696E 
 970      7400 
 971               	.LASF44:
 972 0188 656E 765F 		.string	"env_memory_size"
 972      6D65 6D6F 
 972      7279 5F73 
 972      697A 6500 
 973               	.LASF24:
 974 0198 656E 765F 		.string	"env_millis"
 974      6D69 6C6C 
 974      6973 00
 975               	.LASF33:
 976 01a3 656E 765F 		.string	"env_gfx_image_rgb"
 976      6766 785F 
 976      696D 6167 
 976      655F 7267 
 976      6200 
 977               	.LASF9:
 978 01b5 7569 6E74 		.string	"uint16_t"
 978      3136 5F74 
 978      00
 979               	.LASF34:
 980 01be 656E 765F 		.string	"env_gfx_image_rgba"
 980      6766 785F 
 980      696D 6167 
 980      655F 7267 
 980      6261 00
 981               	.LASF4:
 982 01d1 6C6F 6E67 		.string	"long int"
 982      2069 6E74 
 982      00
 983               	.LASF16:
 984 01da 6D69 6C6C 		.string	"millis"
 984      6973 00
 985               	.LASF20:
 986 01e1 6C63 645F 		.string	"lcd_rect"
 986      7265 6374 
 986      00
 987               	.LASF3:
 988 01ea 7369 676E 		.string	"signed char"
 988      6564 2063 
 988      6861 7200 
 989               	.LASF17:
 990 01f6 7261 6E64 		.string	"random_get"
 990      6F6D 5F67 
 990      6574 00
 991               	.LASF45:
 992 0201 474E 5520 		.string	"GNU C99 12.2.0 -mn-flash=1 -mno-skip-bug -mdouble=32 -mlong-double=64 -mmcu=avr5 -g -Os -
 992      4339 3920 
 992      3132 2E32 
 992      2E30 202D 
 992      6D6E 2D66 
 993               		.section	.gnu.debuglto_.debug_line_str,"eMS",@progbits,1
 994               	.LASF58:
 995 0000 7261 6E64 		.string	"random.h"
 995      6F6D 2E68 
 995      00
 996               	.LASF0:
 997 0009 706C 6174 		.string	"platform.c"
 997      666F 726D 
 997      2E63 00
 998               	.LASF51:
 999 0014 7469 6D65 		.string	"timer"
 999      7200 
 1000               	.LASF55:
 1001 001a 7479 7065 		.string	"types.h"
 1001      732E 6800 
 1002               	.LASF48:
 1003 0022 7261 6E64 		.string	"random"
 1003      6F6D 00
 1004               	.LASF54:
 1005 0029 7374 6469 		.string	"stdint-gcc.h"
 1005      6E74 2D67 
 1005      6363 2E68 
 1005      00
 1006               	.LASF56:
 1007 0036 6C63 642E 		.string	"lcd.h"
 1007      6800 
 1008               	.LASF59:
 1009 003c 7365 7269 		.string	"serial.h"
 1009      616C 2E68 
 1009      00
 1010               	.LASF49:
 1011 0045 6C63 6400 		.string	"lcd"
 1012               	.LASF53:
 1013 0049 2F75 7372 		.string	"/usr/lib/gcc/avr/12.2.0/include"
 1013      2F6C 6962 
 1013      2F67 6363 
 1013      2F61 7672 
 1013      2F31 322E 
 1014               	.LASF1:
 1015 0069 2F68 6F6D 		.string	"/home/files/osdev/platform/avr"
 1015      652F 6669 
 1015      6C65 732F 
 1015      6F73 6465 
 1015      762F 706C 
 1016               	.LASF47:
 1017 0088 2E2E 2F2E 		.string	"../../types"
 1017      2E2F 7479 
 1017      7065 7300 
 1018               	.LASF57:
 1019 0094 7469 6D65 		.string	"timer.h"
 1019      722E 6800 
 1020               	.LASF50:
 1021 009c 7365 7269 		.string	"serial"
 1021      616C 00
 1022               	.LASF60:
 1023 00a3 786D 656D 		.string	"xmem.h"
 1023      2E68 00
 1024               	.LASF52:
 1025 00aa 786D 656D 		.string	"xmem"
 1025      00
 1026               		.text
 1027               		.section	.gnu.lto_.profile.ae844b073def78f5,"e",@progbits
 1028 0000 28B5 2FFD 		.string	"(\265/\375 \0061"
 1028      2006 3100 
 1029 0008 00        		.string	""
 1030 0009 0200      		.string	"\002"
 1031 000b 00        		.string	""
 1032 000c 00        		.string	""
 1033 000d 00        		.string	""
 1034 000e 00        		.string	""
 1035               		.text
 1036               		.section	.gnu.lto_.icf.ae844b073def78f5,"e",@progbits
 1037 0000 28B5 2FFD 		.string	"(\265/\375 m\265\002"
 1037      206D B502 
 1037      00
 1038 0009 5404 6100 		.string	"T\004a"
 1039 000d 0D00      		.string	"\r"
 1040 000f C68F 9AB2 		.string	"\306\217\232\262\b"
 1040      0800 
 1041 0015 01D8 E9B2 		.string	"\001\330\351\262\307\t"
 1041      C709 00
 1042 001c 02D9 CCFD 		.string	"\002\331\314\375\276\n"
 1042      BE0A 00
 1043 0023 0304 D3EE 		.string	"\003\004\323\356\230\374\002"
 1043      98FC 0200 
 1044 002b 05D5 97F3 		.string	"\005\325\227\363\271\r"
 1044      B90D 00
 1045 0032 0607 0881 		.string	"\006\007\b\201\274\271\361\003"
 1045      BCB9 F103 
 1045      00
 1046 003b 090A 9DD1 		.string	"\t\n\235\321\267\257\017\002\002"
 1046      B7AF 0F02 
 1046      0200 
 1047 0045 0200      		.string	"\002"
 1048 0047 0B0C D8E9 		.string	"\013\f\330\351\262\307\t"
 1048      B2C7 0900 
 1049 004f 00        		.string	""
 1050 0050 0600      		.string	"\006"
 1051 0052 4D18 090C 		.ascii	"M\030\t\f\006\203\005\243V\031b\003m"
 1051      0683 05A3 
 1051      5619 6203 
 1051      6D
 1052               		.text
 1053               		.section	.gnu.lto_.ipa_sra.ae844b073def78f5,"e",@progbits
 1054 0000 28B5 2FFD 		.string	"(\265/\375`5"
 1054      6035 00
 1055 0007 AD03 00   		.string	"\255\003"
 1056 000a 7403 2901 		.string	"t\003)\001"
 1056      00
 1057 000f 0D00      		.string	"\r"
 1058 0011 0103 0302 		.string	"\001\003\003\002\001"
 1058      0100 
 1059 0017 0300      		.string	"\003"
 1060 0019 0202 0305 		.string	"\002\002\003\005\001\201\004"
 1060      0181 0400 
 1061 0021 00        		.string	""
 1062 0022 0102 0405 		.string	"\001\002\004\005\001\001\005\001\001\001\001\004"
 1062      0101 0501 
 1062      0101 0104 
 1062      00
 1063 002f 00        		.string	""
 1064 0030 00        		.string	""
 1065 0031 0505 0106 		.string	"\005\005\001\006\007\b\007\001\t\n\002\013\f"
 1065      0708 0701 
 1065      090A 020B 
 1065      0C00 
 1066 003f 0300      		.string	"\003"
 1067 0041 0200      		.string	"\002"
 1068 0043 1A00      		.string	"\032"
 1069 0045 0B2B 046B 		.string	"\013+\004k\300\305\004"
 1069      C0C5 0400 
 1070 004d 322C 9440 		.ascii	"2,\224@\360\006@#P\230N\245W\270UJ\016a\003\214@\327u\321\013"
 1070      F006 4023 
 1070      5098 4EA5 
 1070      57B8 554A 
 1070      0E61 038C 
 1071 0066 1420 5C90 		.ascii	"\024 \\\220aP\034\252\272U\324\334J`2s\354r\251\264\203\271\232"
 1071      6150 1CAA 
 1071      BA55 D4DC 
 1071      4A60 3273 
 1071      EC72 A9B4 
 1072 007d 06DC      		.ascii	"\006\334"
 1073               		.text
 1074               		.section	.gnu.lto_.inline.ae844b073def78f5,"e",@progbits
 1075 0000 28B5 2FFD 		.string	"(\265/\375`\222\001\375\005"
 1075      6092 01FD 
 1075      0500 
 1076 000a D288 1B23 		.string	"\322\210\033#\220)\351\177+\330\252\264T\377\305v\336\360\273\336F~\304\232\016UU\225\032
 1076      9029 E97F 
 1076      2BD8 AAB4 
 1076      54FF C576 
 1076      DEF0 BBDE 
 1077 0047 98C9 5E96 		.string	"\230\311^\226*\376\321\0320\263\245\255I\031\345\356\242\227\265\315\205\372,\030\204K\22
 1077      2AFE D11A 
 1077      30B3 A5AD 
 1077      4919 E5EE 
 1077      A297 B5CD 
 1078 00a3 1980 806F 		.ascii	"\031\200\200o\203\305X\n\326\375\347\235\275\230\236\220c\266"
 1078      83C5 580A 
 1078      D6FD E79D 
 1078      BD98 9E90 
 1078      63B6 
 1079 00b5 5DB8 93ED 		.ascii	"]\270\223\355\305\257\001\230Z\310\342\352\234\356@\340F)\236"
 1079      C5AF 0198 
 1079      5AC8 E2EA 
 1079      9CEE 40E0 
 1079      4629 9E
 1080 00c8 1B        		.ascii	"\033"
 1081               		.text
 1082               		.section	.gnu.lto_.jmpfuncs.ae844b073def78f5,"e",@progbits
 1083 0000 28B5 2FFD 		.string	"(\265/\375`\334"
 1083      60DC 00
 1084 0007 4504 00   		.string	"E\004"
 1085 000a D245 1119 		.string	"\322E\021\031\260%\351\f\003YnI\022Z\222$\316a\0169\326Zb\033!do\231d$) \031\3405\323["
 1085      B025 E90C 
 1085      0359 6E49 
 1085      125A 9224 
 1085      CE61 0E39 
 1086 0030 6420 E396 		.string	"d \343\226\024e\325roM\\E\025\221\350\255h\356\316\352N\350\245\336\037\376\231\034\327\2
 1086      1465 D572 
 1086      6F4D 5C45 
 1086      1591 E8AD 
 1086      68EE CEEA 
 1087 0054 2233 71B3 		.ascii	"\"3q\263\256\022J\234\216\205\022\034\200\026\201\302t\252\246"
 1087      AE12 4A9C 
 1087      8E85 121C 
 1087      8016 81C2 
 1087      74AA A6
 1088 0067 9BB4 63F8 		.ascii	"\233\264c\370j\002\373\025G\2159\001\213%\321\251\306Y38\267"
 1088      6A02 FB15 
 1088      478D 3901 
 1088      8B25 D1A9 
 1088      C659 3338 
 1089 007c 08F0 1075 		.ascii	"\b\360\020u\256M\343P\305\261Wy?-\200\t\200P\213i`\b"
 1089      AE4D E350 
 1089      C5B1 5779 
 1089      3F2D 8009 
 1089      8050 8B69 
 1090               		.text
 1091               		.section	.gnu.lto_.pureconst.ae844b073def78f5,"e",@progbits
 1092 0000 28B5 2FFD 		.string	"(\265/\375 ,a\001"
 1092      202C 6101 
 1092      00
 1093 0009 2800      		.string	"("
 1094 000b 00        		.string	""
 1095 000c 00        		.string	""
 1096 000d 0D00      		.string	"\r"
 1097 000f 9804 0198 		.ascii	"\230\004\001\230\004\002\230\004\003\230\004\004\230\004\005"
 1097      0402 9804 
 1097      0398 0404 
 1097      9804 05
 1098 001e 8004 0680 		.ascii	"\200\004\006\200\004\007\200\004\b\200\004\t\200\004\n\231\004"
 1098      0407 8004 
 1098      0880 0409 
 1098      8004 0A99 
 1098      04
 1099 002f 0B98 040C 		.ascii	"\013\230\004\f\230\004"
 1099      9804 
 1100               		.text
 1101               		.section	.gnu.lto_.ipa_modref.ae844b073def78f5,"e",@progbits
 1102 0000 28B5 2FFD 		.string	"(\265/\375 \270]\002"
 1102      20B8 5D02 
 1102      00
 1103 0009 1402 AC00 		.string	"\024\002\254"
 1104 000d 0D00      		.string	"\r"
 1105 000f 0100      		.string	"\001"
 1106 0011 0200      		.string	"\002"
 1107 0013 0300      		.string	"\003"
 1108 0015 0400      		.string	"\004"
 1109 0017 0505 0200 		.string	"\005\005\002"
 1110 001b 0607 0807 		.string	"\006\007\b\007\t\007\n\002\024\274\006\001\013"
 1110      0907 0A02 
 1110      14BC 0601 
 1110      0B00 
 1111 0029 0C00      		.string	"\f"
 1112 002b 00        		.string	""
 1113 002c 1200      		.string	"\022"
 1114 002e 2C04 8312 		.string	",\004\203\022\206\260\"\004f(\315\r\240\241T0"
 1114      86B0 2204 
 1114      6628 CD0D 
 1114      A0A1 5430 
 1114      00
 1115 003f 0181 CC64 		.string	"\001\201\314dJ\001~\301\032\340a\3600x\030<\f4\336"
 1115      4A01 7EC1 
 1115      1AE0 61F0 
 1115      3078 183C 
 1115      0C34 DE00 
 1116 0053 16        		.ascii	"\026"
 1117               		.text
 1118               		.section	.gnu.lto_.lto.ae844b073def78f5,"e",@progbits
 1119 0000 0C00      		.string	"\f"
 1120 0002 00        		.string	""
 1121 0003 00        		.string	""
 1122 0004 0100      		.string	"\001"
 1123 0006 0100      		.string	"\001"
 1124               		.text
 1125               		.section	.gnu.lto_env_memory_size.3.ae844b073def78f5,"e",@progbits
 1126 0000 28B5 2FFD 		.string	"(\265/\375 \354}\006"
 1126      20EC 7D06 
 1126      00
 1127 0009 E2CB 2C34 		.string	"\342\313,4Pm\222\016\004\210\250\001\201\244\211i\322\t\007\271!\021\321\\\253Q\263h\355n
 1127      506D 920E 
 1127      0488 A801 
 1127      81A4 8969 
 1127      D209 07B9 
 1128 0028 77E6 A581 		.string	"w\346\245\201m\260khff\211\005\027BVp+\004eu4\3226\221)3$X\346x0o\303\2512\021\030\r\304\
 1128      6DB0 6B68 
 1128      6666 8905 
 1128      1742 5670 
 1128      2B04 6575 
 1129 00ac 33B9 44A0 		.string	"3\271D\2406\200\205\314\274]\"\254c\377\203\037\341\267\b\t"
 1129      3680 85CC 
 1129      BC5D 22AC 
 1129      63FF 831F 
 1129      E1B7 0809 
 1130 00c1 8949 4F66 		.ascii	"\211IOf\300Qg\244\013\341\271\206\233F\f+D\016\356J\247\235d"
 1130      C051 67A4 
 1130      0BE1 B986 
 1130      9B46 0C2B 
 1130      440E EE4A 
 1131               		.text
 1132               		.section	.gnu.lto_env_memory_read.4.ae844b073def78f5,"e",@progbits
 1133 0000 28B5 2FFD 		.string	"(\265/\375`\226"
 1133      6096 00
 1134 0007 250A 00   		.string	"%\n"
 1135 000a 36D3 453C 		.string	"6\323E< \345*\035\3508\322\021\370\234\f\310\265\004\bG\241?@*X%\020n1\n\353\016\004\341\
 1135      20E5 2A1D 
 1135      E838 D211 
 1135      F89C 0CC8 
 1135      B504 0847 
 1136 004c 3700      		.string	"7"
 1137 004e 2F00      		.string	"/"
 1138 0050 EED4 53CE 		.string	"\356\324S\316\r0\247\363\033\314\251=\273\005\001c\340\305*\001\260\273\232t\335{\364\374
 1138      0D30 A7F3 
 1138      1BCC A93D 
 1138      BB05 0163 
 1138      E0C5 2A01 
 1139 006f 5CA9 1E33 		.string	"\\\251\0363\016\273\353\b\256X\267\274m\005\333\021\366\017\002\317d\\\033\223\335\216\00
 1139      0EBB EB08 
 1139      AE58 B7BC 
 1139      6D05 DB11 
 1139      F60F 02CF 
 1140 0126 34F7 494C 		.ascii	"4\367ILz2\2415h`\301\005h\256\001\013f(0\f\206p\302\360\247\202"
 1140      7A32 A135 
 1140      6860 C105 
 1140      68AE 010B 
 1140      6628 300C 
 1141 0140 8380 C128 		.ascii	"\203\200\301(86\247\232\016'xqM2"
 1141      3836 A79A 
 1141      0E27 7871 
 1141      4D32 
 1142               		.text
 1143               		.section	.gnu.lto_env_memory_write.5.ae844b073def78f5,"e",@progbits
 1144 0000 28B5 2FFD 		.string	"(\265/\375`\226"
 1144      6096 00
 1145 0007 0D0A 00   		.string	"\r\n"
 1146 000a 3613 4539 		.string	"6\023E90\257\322\001(L\031\177\342dO.#\026\242h/\0171\325\230\t\257\234@z\2638w\273J\360<
 1146      30AF D201 
 1146      284C 197F 
 1146      E264 4F2E 
 1146      2316 A268 
 1147 0049 3700      		.string	"7"
 1148 004b 2F00      		.string	"/"
 1149 004d EE70 AF9C 		.string	"\356p\257\234\023d^\3517\231W\207\266\212\201E"
 1149      1364 5EE9 
 1149      3799 5787 
 1149      B68A 8145 
 1149      00
 1150 005e AC35 E2B2 		.string	"\2545\342\262\273\335\344xx\031\372\0279\200\310R]n\f\273k)\262Z\367\274m\004\333\017\366
 1150      BBDD E478 
 1150      7819 FA17 
 1150      3980 C852 
 1150      5D6E 0CBB 
 1151 0123 34F7 494C 		.ascii	"4\367ILz2\2415h`\301\005h\256\001\013f(0\f\206p\302\360\247\202"
 1151      7A32 A135 
 1151      6860 C105 
 1151      68AE 010B 
 1151      6628 300C 
 1152 013d 8380 C128 		.ascii	"\203\200\301(86\247\232\016'xqM2"
 1152      3836 A79A 
 1152      0E27 7871 
 1152      4D32 
 1153               		.text
 1154               		.section	.gnu.lto__abgr_to_rgb565.9.ae844b073def78f5,"e",@progbits
 1155 0000 28B5 2FFD 		.string	"(\265/\375`:\002\375\017"
 1155      603A 02FD 
 1155      0F00 
 1156 000a C61C 6645 		.string	"\306\034fE"
 1156      00
 1157 000f AF28 1D85 		.string	"\257(\035\205\b\333\355e5\256\320\3575!\222\"\214@\214\203\323\204T\200\2511\005\363\266f
 1157      08DB ED65 
 1157      35AE D0EF 
 1157      3521 9222 
 1157      8C40 8C83 
 1158 0038 DC5B F7FF 		.string	"\334[\367\377\377u\377\217\214\032\222\265\356\367\030\322\342HH\244\021B\310&R\246\024O"
 1158      FF75 FF8F 
 1158      8C1A 92B5 
 1158      EEF7 18D2 
 1158      E248 48A4 
 1159 0055 5700      		.string	"W"
 1160 0057 4C00      		.string	"L"
 1161 0059 5A0B 8E4C 		.string	"Z\013\216L\373$^bu\024\020\353\256\205\231\023\273!\002\203\270\307Of\333\027\361\021+\26
 1161      FB24 5E62 
 1161      7514 10EB 
 1161      AE85 9913 
 1161      BB21 0283 
 1162 00ac 4264 B8D8 		.ascii	"Bd\270\330\275\360bgm\"\212\023?\3464\250\031\231P\006E\023\203"
 1162      BDF0 6267 
 1162      6D22 8A13 
 1162      3FE6 34A8 
 1162      1999 5006 
 1163 00c3 7239 4CEA 		.ascii	"r9L\352\005\326\001\2262\341\222\262\275\267\250\256\342\263"
 1163      05D6 0196 
 1163      32E1 92B2 
 1163      BDB7 A8AE 
 1163      E2B3 
 1164 00d5 0C38 C9D9 		.ascii	"\f8\311\331]\3571\3146\303\206J\r\316nx\340qsqd>T\035\005Dcc"
 1164      5DEF 31CC 
 1164      36C3 864A 
 1164      0DCE 6E78 
 1164      E071 7371 
 1165 00f1 2705 CEA3 		.ascii	"'\005\316\243\277\242\262\275G\265W\266g\007\260?\345\334\315"
 1165      BFA2 B2BD 
 1165      47B5 57B6 
 1165      6707 B03F 
 1165      E5DC CD
 1166 0104 8A4D A71E 		.ascii	"\212M\247\036\335n*\304Z\0313w\253\320R;\325X\210\304B2\346\267"
 1166      DD6E 2AC4 
 1166      5A19 3377 
 1166      ABD0 523B 
 1166      D558 88C4 
 1167 011c 3C96 989C 		.ascii	"<\226\230\234\345\335\013\304\212\324\207\377\264R\307\321dS"
 1167      E5DD 0BC4 
 1167      8AD4 87FF 
 1167      B452 C7D1 
 1167      6453 
 1168 012e C70E 4352 		.ascii	"\307\016CR9\330\317vw\255\033\354-\355\321\322\335\226\346\234"
 1168      39D8 CF76 
 1168      77AD 1BEC 
 1168      2DED D1D2 
 1168      DD96 E69C 
 1169 0142 DEB4 74DC 		.ascii	"\336\264t\334\322\231\226\326\007\026% u(\350\b\205@\002N`\t"
 1169      D299 96D6 
 1169      0716 2520 
 1169      7528 E808 
 1169      8540 024E 
 1170 0158 1445 8B40 		.ascii	"\024E\213@\236O\037\241\317t\002I\022B\245\b\337\307\310\201"
 1170      9E4F 1FA1 
 1170      CF74 0249 
 1170      1242 A508 
 1170      DFC7 C881 
 1171 016c 07F8 798C 		.ascii	"\007\370y\214J\020H\337\310\004>\370\b\204\255\333\233~Z\332"
 1171      4A10 48DF 
 1171      C804 3EF8 
 1171      0884 ADDB 
 1171      9B7E 5ADA 
 1172 0180 B227 3DCA 		.ascii	"\262'=\312i\246\266\t\314\2736\375\210\350F\315\364\032Q\267"
 1172      69A6 B609 
 1172      CCBB 36FD 
 1172      88E8 46CD 
 1172      F41A 51B7 
 1173 0194 1B9A 9977 		.ascii	"\033\232\231w/\r20U\016Ca^\336\275J\0024 0#!\252\003\265\215"
 1173      2F0D 3230 
 1173      550E 4361 
 1173      5EDE BD4A 
 1173      0234 2030 
 1174 01ae 12A4 2703 		.ascii	"\022\244'\003\3720C2\022*\005\013\223\277C\0344\337\242\bC\b"
 1174      FA30 4332 
 1174      122A 050B 
 1174      93BF 431C 
 1174      34DF A208 
 1175 01c4 7C96 1BCC 		.ascii	"|\226\033\314\026\212\212\330\351\263i1\276\257\355\331\315\234"
 1175      168A 8AD8 
 1175      E9B3 6931 
 1175      BEAF EDD9 
 1175      CD9C 
 1176 01d6 6103 603F 		.ascii	"a\003`?\2619t\260\201<\256\030&\304\031li\351\230\260\316\301"
 1176      B139 74B0 
 1176      813C AE18 
 1176      26C4 196C 
 1176      69E9 98B0 
 1177 01ec 96B0 2318 		.ascii	"\226\260#\030\206\320\\:\362a\231\255\336\266\002c\305\036\356"
 1177      86D0 5C3A 
 1177      F261 99AD 
 1177      DEB6 0263 
 1177      C51E EE
 1178 01ff 5064 308D 		.ascii	"Pd0\215\365@t\347\252d"
 1178      F540 74E7 
 1178      AA64 
 1179               		.text
 1180               		.section	.gnu.lto_env_gfx_rect.10.ae844b073def78f5,"e",@progbits
 1181 0000 28B5 2FFD 		.string	"(\265/\375`\030\001\345\013"
 1181      6018 01E5 
 1181      0B00 
 1182 000a 9656 4F3E 		.string	"\226VO> O\225\016\310\030D\"\020\271\324\354\271\243\321\"\254c\201\003=\001( d\330\231\3
 1182      204F 950E 
 1182      C818 4422 
 1182      10B9 D4EC 
 1182      B9A3 D122 
 1183 0037 78A1 81A3 		.string	"x\241\201\243@0\ta\001\303\330\334\032gbZD6\2212\245<"
 1183      4030 0961 
 1183      01C3 D8DC 
 1183      1A67 625A 
 1183      4436 9132 
 1184 004e 4000      		.string	"@"
 1185 0050 3900      		.string	"9"
 1186 0052 4F55 B0EE 		.string	"OU\260\356j8\265v\227\342\n\344qr"
 1186      6A38 B576 
 1186      97E2 0AE4 
 1186      7172 00
 1187 0061 D923 768E 		.string	"\331#v\216\354\321\237\275B\300\005I\213\322\b\030\273\313\351\207\177\317\317\277\210k I
 1187      ECD1 9FBD 
 1187      42C0 0549 
 1187      8BD2 0818 
 1187      BBCB E987 
 1188 014c 6097 C4A4 		.string	"`\227\304\244'\023\272\223\006..<@\006 \343\200<\3270\221\262\341\330\314\330\24008\006\2
 1188      2713 BA93 
 1188      062E 2E3C 
 1188      4006 20E3 
 1188      803C D730 
 1189 0173 7360 3030 		.ascii	"s`00\002\302\001\303\300\020\027jJ\270\303\213v\222\001"
 1189      02C2 01C3 
 1189      C010 176A 
 1189      4AB8 C38B 
 1189      7692 01
 1190               		.text
 1191               		.section	.gnu.lto_env_gfx_image_rgba.11.ae844b073def78f5,"e",@progbits
 1192 0000 28B5 2FFD 		.string	"(\265/\375`\216"
 1192      608E 00
 1193 0007 1509 00   		.string	"\025\t"
 1194 000a B20F 3B3A 		.string	"\262\017;: \221\323\001\234v"
 1194      2091 D301 
 1194      9C76 00
 1195 0015 4801 2350 		.string	"H\001#P!\242V\310\330'\n\026\361\027y~\007a\371\021\231\346c\034\315\322\006M6@\200\331&\
 1195      21A2 56C8 
 1195      D827 0A16 
 1195      F117 797E 
 1195      0761 F911 
 1196 0059 E306 6D1C 		.string	"\343\006m\034\223L]\035\221B\320\242\023UT\323\347\225\302Z\372D\024`\375Fa\250&\214{l'\3
 1196      934C 5D1D 
 1196      9142 D0A2 
 1196      1355 54D3 
 1196      E795 C25A 
 1197 00fb 6097 C4A4 		.ascii	"`\227\304\244'\023\232\202\006\206\013\3125<\337B\263\231a@a"
 1197      2713 9A82 
 1197      0686 0BCA 
 1197      353C DF42 
 1197      B399 6140 
 1198 0110 700C 2C03 		.ascii	"p\f,\003F\300\270`\0240\007\006\003# \0340\f\fq\241\246\204;"
 1198      46C0 B860 
 1198      1430 0706 
 1198      0323 201C 
 1198      300C 0C71 
 1199 0128 BC68 2719 		.ascii	"\274h'\031"
 1200               		.text
 1201               		.section	.gnu.lto_env_gfx_image_rgb.12.ae844b073def78f5,"e",@progbits
 1202 0000 28B5 2FFD 		.string	"(\265/\375`\222"
 1202      6092 00
 1203 0007 0509 00   		.string	"\005\t"
 1204 000a B20F 3A39 		.string	"\262\017:9@\215\323\0014e\365\210\007\270\236>\017&\255\265\264\277\240)d\301\201\243\370
 1204      408D D301 
 1204      3465 F588 
 1204      07B8 9E3E 
 1204      0F26 ADB5 
 1205 003d 37DE 2660 		.string	"7\336&`\253\275\311\336)\005a\327qX\347\022\247\2709\333\267A\330p\234\206\231\2709\332\3
 1205      ABBD C9DE 
 1205      2905 61D7 
 1205      7158 E712 
 1205      A7B8 39DB 
 1206 00e2 C924 BA04 		.string	"\311$\272\004H\330]K\222\351t\317\333>\260\355`\037\023\030"
 1206      48D8 5D4B 
 1206      92E9 74CF 
 1206      DB3E B0ED 
 1206      601F 1318 
 1207 00f7 6097 C4A4 		.ascii	"`\227\304\244'\023\032\203\006\206\013\3125\034\200\r\303f\306"
 1207      2713 1A83 
 1207      0686 0BCA 
 1207      351C 800D 
 1207      C366 C6
 1208 010a 0685 C131 		.ascii	"\006\205\3011\260\f\030\001\343\3000\020\004\230\003\203\201"
 1208      B00C 1801 
 1208      E3C0 3010 
 1208      0498 0383 
 1208      81
 1209 011b 1110 0E18 		.ascii	"\021\020\016\030\006\206\270PS\300]^\264\223\f"
 1209      0686 B850 
 1209      53C0 5D5E 
 1209      B493 0C
 1210               		.text
 1211               		.section	.gnu.lto_env_gfx_image_rgb565.13.ae844b073def78f5,"e",@progbits
 1212 0000 28B5 2FFD 		.string	"(\265/\375`\222"
 1212      6092 00
 1213 0007 FD08 00   		.string	"\375\b"
 1214 000a D28F 3A39 		.string	"\322\217:90\217\323\001\220\233\007\313"
 1214      308F D301 
 1214      909B 07CB 
 1214      00
 1215 0017 6A16 7A28 		.string	"j\026z(\225Z#\307\201\f\310\377\252&t\272~k\352\340\200U\217\307b\327\365a\004\251\226\00
 1215      955A 23C7 
 1215      810C C8FF 
 1215      AA26 74BA 
 1215      7E6B EAE0 
 1216 00e8 09BB 6B89 		.string	"\t\273k\211J\251\356y\333\007\266\035\354s\002\027"
 1216      4AA9 EE79 
 1216      DB07 B61D 
 1216      EC73 0217 
 1216      00
 1217 00f9 6097 C4A4 		.ascii	"`\227\304\244'3`\2373\340\202\242k<\233\031\006\024\006\307\300"
 1217      2733 609F 
 1217      33E0 82A2 
 1217      6B3C 9B19 
 1217      0614 06C7 
 1218 010e 3260 048C 		.ascii	"2`\004\214\003\303@\020`\016\f\006F@8`\030\030\342BM\001wy\321"
 1218      03C3 4010 
 1218      600E 0C06 
 1218      4640 3860 
 1218      1818 E242 
 1219 0127 4E32      		.ascii	"N2"
 1220               		.text
 1221               		.section	.gnu.lto_env_gfx_image_grayscale.14.ae844b073def78f5,"e",@progbits
 1222 0000 28B5 2FFD 		.string	"(\265/\375`\326"
 1222      60D6 00
 1223 0007 650A 00   		.string	"e\n"
 1224 000a 0611 423B 		.string	"\006\021B;\020\263\322\001\330\374"
 1224      10B3 D201 
 1224      D8FC 00
 1225 0015 03F1 1F56 		.string	"\003\361\037V\030\232t&\f\377?\305[m\224\026\001\240\013\222P\303d\322\267[\366i\313\322H
 1225      189A 7426 
 1225      0CFF 3FC5 
 1225      5B6D 9416 
 1225      01A0 0B92 
 1226 004b 3300      		.string	"3"
 1227 004d 3100      		.string	"1"
 1228 004f 1F00      		.string	"\037"
 1229 0051 FF99 B47B 		.string	"\377\231\264{/C\366.:\034\214\317\356\206\024\344\344'\351?\346\001\266\033\355\023`aw=m7
 1229      2F43 F62E 
 1229      3A1C 8CCF 
 1229      EE86 14E4 
 1229      E427 E93F 
 1230 0117 6097 C4A4 		.ascii	"`\227\304\244'\023\332\212\006\206\013\3125\034\237\r\203n\306"
 1230      2713 DA8A 
 1230      0686 0BCA 
 1230      351C 9F0D 
 1230      836E C6
 1231 012a 0346 C038 		.ascii	"\003F\30080\f\004\001\346\300``\004\b\003\024\006\307\3002`\004"
 1231      300C 0401 
 1231      E6C0 6060 
 1231      0408 0314 
 1231      06C7 C032 
 1232 0140 8C03 C340 		.ascii	"\214\003\303@\020`\016\f\006F@\270\300\316\205\272\002\256\345"
 1232      1060 0E0C 
 1232      0646 40B8 
 1232      C0CE 85BA 
 1232      02AE E5
 1233 0153 8530 C9   		.ascii	"\2050\311"
 1234               		.text
 1235               		.section	.gnu.lto_env_gfx_image_1bit.15.ae844b073def78f5,"e",@progbits
 1236 0000 28B5 2FFD 		.string	"(\265/\375`\326"
 1236      60D6 00
 1237 0007 850A 00   		.string	"\205\n"
 1238 000a 4651 433E 		.string	"FQC>\020\005+\035"
 1238      1005 2B1D 
 1238      00
 1239 0013 0454 FE1C 		.string	"\004T\376\034N\207\"\007\341%\035\t\207\026PY\304\207\257B\344_!\327\bfK\237\301\361_\232
 1239      4E87 2207 
 1239      E125 1D09 
 1239      8716 5059 
 1239      C487 AF42 
 1240 003e 96C8 897F 		.string	"\226\310\211\177\217.\035\214\b\221\275wJ\001,"
 1240      8F2E 1D8C 
 1240      0891 BD77 
 1240      4A01 2C00 
 1241 004e 3200      		.string	"2"
 1242 0050 3300      		.string	"3"
 1243 0052 F503 9E7B 		.string	"\365\003\236{\036\355\334K\222\375KK-F\267\273 \035\371\3709\372\237y\300\214F~~\026v\327
 1243      1EED DC4B 
 1243      92FD 4B4B 
 1243      2D46 B7BB 
 1243      201D F9F8 
 1244 00ba BB24 2715 		.string	"\273$'\025\261_\227\332\354\371\371\3001\330\355v\354\002\354\215Wcb\373 \273\206\310\344
 1244      B15F 97DA 
 1244      ECF9 F9C0 
 1244      31D8 ED76 
 1244      EC02 EC8D 
 1245 011c 6097 C4A4 		.ascii	"`\227\304\244'\023\332\212\006\206\013\3125\034\237\r\203n\306"
 1245      2713 DA8A 
 1245      0686 0BCA 
 1245      351C 9F0D 
 1245      836E C6
 1246 012f 0346 C038 		.ascii	"\003F\30080\f\004\001\346\300``\004\b\003\024\006\356\003\303"
 1246      300C 0401 
 1246      E6C0 6060 
 1246      0408 0314 
 1246      06EE 03C3 
 1247 0143 C010 3007 		.ascii	"\300\0200\007\002\003F\30080\f\004\001\354\\\250+\340Z^\b\223"
 1247      0203 46C0 
 1247      3830 0C04 
 1247      01EC 5CA8 
 1247      2BE0 5A5E 
 1248 0159 0C        		.ascii	"\f"
 1249               		.text
 1250               		.section	.gnu.lto_env_serial_write.16.ae844b073def78f5,"e",@progbits
 1251 0000 28B5 2FFD 		.string	"(\265/\375`\355\001}\021"
 1251      60ED 017D 
 1251      1100 
 1252 000a 6661 7346 		.string	"fasF\340\322&\035\023\353\250\307\r\200IJ-A\003R\222\245\006\274UD\262EV\200\343\\Q~[R\31
 1252      E0D2 261D 
 1252      13EB A8C7 
 1252      0D80 494A 
 1252      2D41 0352 
 1253 0056 5E00      		.string	"^"
 1254 0058 5E00      		.string	"^"
 1255 005a 46BB 5F02 		.string	"F\273_\002\223l\217\002^@{\314\017\320\036\355\262\223\376\001\355c3tV\360\330]\224v0\334
 1255      936C 8F02 
 1255      5E40 7BCC 
 1255      0FD0 1EED 
 1255      B293 FE01 
 1256 011b 8054 B559 		.string	"\200T\265Y\026\362\236Ght\355\263\270\340\262}\360c\264G\325\020\034\r\252i\352mH\314\344
 1256      16F2 9E47 
 1256      6874 EDB3 
 1256      B8E0 B27D 
 1256      F063 B447 
 1257 01cc 6DD2 E5EC 		.ascii	"m\322\345\354\376dv\341I\017\373H\367V( P\0021\224]\007t\237"
 1257      FE64 76E1 
 1257      490F FB48 
 1257      F756 2820 
 1257      5002 3194 
 1258 01e4 44F4 84C0 		.ascii	"D\364\204\300\372#\350\266\320\267\002\327\002xB\364\306\271"
 1258      FA23 E8B6 
 1258      D0B7 02D7 
 1258      0278 42F4 
 1258      C6B9 
 1259 01f6 2EC6 AF67 		.ascii	".\306\257g8\030\016\266\367<\331\260\2634\253\007+\202l\001^"
 1259      3818 0EB6 
 1259      F73C D9B0 
 1259      B334 AB07 
 1259      2B82 6C01 
 1260 020b 42B5 A697 		.ascii	"B\265\246\227\253\344\376\264yU\352\210b\267\272\0239\211\005"
 1260      ABE4 FEB4 
 1260      7955 EA88 
 1260      62B7 BA13 
 1260      3989 05
 1261 021e 442E 4DD8 		.ascii	"D.M\3305\266\003\356(\307\370\332t'.\234E-\203\222\226\337\227"
 1261      35B6 03EE 
 1261      28C7 F8DA 
 1261      7427 2E9C 
 1261      452D 8392 
 1262 0235 3B42 7802 		.ascii	";Bx\002"
 1263               		.text
 1264               		.section	.gnu.lto_env_random_get.17.ae844b073def78f5,"e",@progbits
 1265 0000 28B5 2FFD 		.string	"(\265/\375 \360\225\006"
 1265      20F0 9506 
 1265      00
 1266 0009 228C 2D34 		.string	"\"\214-4Pm\222\016\004\004\201\240\205\nD\263nG,$\332$\376\264j\313\374\216\265\273\001\3
 1266      506D 920E 
 1266      0404 81A0 
 1266      850A 44B3 
 1266      6E47 2C24 
 1267 00c4 8949 4F66 		.ascii	"\211IOf\300Qg\304\013\341\271\206\337F\214,D\036\356\212\251"
 1267      C051 67C4 
 1267      0BE1 B986 
 1267      DF46 8C2C 
 1267      441E EE8A 
 1268 00d9 9D64      		.ascii	"\235d"
 1269               		.text
 1270               		.section	.gnu.lto_env_millis.18.ae844b073def78f5,"e",@progbits
 1271 0000 28B5 2FFD 		.string	"(\265/\375 \360\215\006"
 1271      20F0 8D06 
 1271      00
 1272 0009 224C 2D34 		.string	"\"L-4Pm\222\016\220\210\342\321"
 1272      506D 920E 
 1272      9088 E2D1 
 1272      00
 1273 0016 5444 85DF 		.string	"TD\205\337\001\013\2116\t\023\rj\325\374\216\265\273\001\334\231\227\006\266\301\256\241\
 1273      010B 8936 
 1273      0913 0D6A 
 1273      D5FC 8EB5 
 1273      BB01 DC99 
 1274 00a0 4A25 5700 		.string	"J%W"
 1275 00a4 4A25 B468 		.string	"J%\264h\325V\335r\324eH\210XW\250\255b\220\2317\353\032u\354/\360\017\374W\t"
 1275      D556 DD72 
 1275      D465 4888 
 1275      5857 A8AD 
 1275      6290 9937 
 1276 00c3 8949 4F66 		.ascii	"\211IOf\300Qg\304\013\341\271\206\337F\214,D\036\356\212\251"
 1276      C051 67C4 
 1276      0BE1 B986 
 1276      DF46 8C2C 
 1276      441E EE8A 
 1277 00d8 9D64      		.ascii	"\235d"
 1278               		.text
 1279               		.section	.gnu.lto_.symbol_nodes.ae844b073def78f5,"e",@progbits
 1280 0000 28B5 2FFD 		.string	"(\265/\375`t\001\215\006"
 1280      6074 018D 
 1280      0600 
 1281 000a 0249 2128 		.string	"\002I!(\200I\035\034M\300<\235\236a\306(a\251\345\033\304y\312 a\256\206f\b\236aF\266fdkm
 1281      8049 1D1C 
 1281      4DC0 3C9D 
 1281      9E61 C628 
 1281      61A9 E51B 
 1282 009d 5983 F081 		.string	"Y\203\360\201[\tA\221A\2106\223(\031\256\007p"
 1282      5B09 4191 
 1282      4188 3693 
 1282      2819 AE07 
 1282      7000 
 1283 00af 0770 0407 		.string	"\007p\004\007\300\341\004R\262K\237/\030\262\227v\377]\330\304\322\023\3067\276\361\033\2
 1283      C0E1 0452 
 1283      B24B 9F2F 
 1283      18B2 9776 
 1283      FF5D D8C4 
 1284 00d2 E646 7D0D 		.ascii	"\346F}\r\335\240\003\355\004"
 1284      DDA0 03ED 
 1284      04
 1285               		.text
 1286               		.section	.gnu.lto_.refs.ae844b073def78f5,"e",@progbits
 1287 0000 28B5 2FFD 		.string	"(\265/\375 \005)"
 1287      2005 2900 
 1288 0008 00        		.string	""
 1289 0009 0100      		.string	"\001"
 1290 000b 00        		.string	""
 1291 000c 00        		.string	""
 1292 000d 00        		.string	""
 1293               		.text
 1294               		.section	.gnu.lto_.decls.ae844b073def78f5,"e",@progbits
 1295 0000 28B5 2FFD 		.string	"(\265/\375`\006\016-F"
 1295      6006 0E2D 
 1295      4600 
 1296 000a AA7A E81A 		.string	"\252z\350\032EP\332N:7\370\302\233-\324}\226"
 1296      4550 DA4E 
 1296      3A37 F8C2 
 1296      9B2D D47D 
 1296      9600 
 1297 001c 7B59 F056 		.string	"{Y\360V\342\311\213\304\344\240\243E \272\325\375\004e\0325\016g\021@\363&L]\302\001\030\
 1297      E2C9 8BC4 
 1297      E4A0 A345 
 1297      20BA D5FD 
 1297      0465 1A35 
 1298 0110 F1E4 3466 		.string	"\361\3444f]\216\370w\rj\002\307\333\002\216E\230\207\302\225"
 1298      5D8E F877 
 1298      0D6A 02C7 
 1298      DB02 8E45 
 1298      9887 C295 
 1299 0125 E23F 94FF 		.ascii	"\342?\224\377l\377\003\334N\204\203\310\2460\f\341\236\361o\275"
 1299      6CFF 03DC 
 1299      4E84 83C8 
 1299      A630 0CE1 
 1299      9EF1 6FBD 
 1300 0139 BF1F 7CF8 		.ascii	"\277\037|\370\177\327\036\220\177\343\375\355\323\341\177\202"
 1300      7FD7 1E90 
 1300      7FE3 FDED 
 1300      D3E1 7F82 
 1301 0149 FF11 FEE6 		.ascii	"\377\021\376\346\360\267\206\277\217\354\376\003\370\333\310"
 1301      F0B7 86BF 
 1301      8FEC FE03 
 1301      F8DB C8
 1302 0158 DF0A 2CB8 		.ascii	"\337\n,\270\370\233\362w\201\n\377W\354\374\355\344\377\026#"
 1302      F89B F277 
 1302      810A FF57 
 1302      ECFC EDE4 
 1302      FF16 23
 1303 016b 9D        		.ascii	"\235"
 1304 016c BF93 FC5D 		.string	"\277\223\374]\3647\205\277'\374\r\341\357\005\177\033\370;\350\357\237\277\361\337\367\35
 1304      F437 85BF 
 1304      27FC 0DE1 
 1304      EF05 7F1B 
 1304      F83B E8EF 
 1305 026d AC50 2ECA 		.ascii	"\254P.\312a\206>\211\376\306\362\326\362_8\352\273\236\234\023"
 1305      6186 3E89 
 1305      FEC6 F2D6 
 1305      F25F 38EA 
 1305      BB9E 9C13 
 1306 0281 F0E4 3733 		.ascii	"\360\34473z\027w\226\256\353\352\367\332\356Ff\233\273\332HX"
 1306      7A17 7796 
 1306      AEEB EAF7 
 1306      DAEE 4666 
 1306      9BBB DA48 
 1307 0296 96E0 C52F 		.ascii	"\226\340\305/\261\336\270\270\330\337;^M"
 1307      B1DE B8B8 
 1307      D8DF 3B5E 
 1307      4D
 1308 02a3 CBFD E739 		.string	"\313\375\3479\002\306\361\022\275\370\033\3267\3109\25797\310DM\3463\310\t'e\3278?\026LG+
 1308      02C6 F112 
 1308      BDF8 1BD6 
 1308      37C8 39AF 
 1308      3937 C844 
 1309 03a4 E666 C4CB 		.ascii	"\346f\304\313\305\327\253\345\214dXg\362\305\327\307\0031!\222"
 1309      C5D7 ABE5 
 1309      8C64 5867 
 1309      F2C5 D7C7 
 1309      0331 2192 
 1310 03b8 1C6D BA4C 		.ascii	"\034m\272LL\247\325\333\003I\221G\233\213od\256\277\207\253\221"
 1310      4CA7 D5DB 
 1310      0349 9147 
 1310      9B8B 6F64 
 1310      AEBF 87AB 
 1311 03cd 7D3E 3BCF 		.ascii	"}>;\317@\264\313\006\1774Ab\245%\276\375\255=\007\301\377keu"
 1311      40B4 CB06 
 1311      7F34 4162 
 1311      A525 BEFD 
 1311      AD3D 07C1 
 1312 03e5 B7BA 9AAB 		.ascii	"\267\272\232\253\216TP/\276\303\234\241D:U\276\350\341\325\372"
 1312      8E54 502F 
 1312      BEC3 9CA1 
 1312      443A 55BE 
 1312      E8E1 D5FA 
 1313 03f9 DDBA 7A03 		.ascii	"\335\272z\0032w\361\315\272Xc\354\035\331\305W\307\305\362!\003"
 1313      3277 F1CD 
 1313      BA58 63EC 
 1313      1DD9 C557 
 1313      C7C5 F221 
 1314 040e 860B DEC5 		.ascii	"\206\013\336\305Ws\261\334\264!c^|\257\256\263\253\nn\016 \237"
 1314      5773 B1DC 
 1314      B421 635E 
 1314      7CAF AEB3 
 1314      AB0A 6E0E 
 1315 0424 F62B CE0C 		.ascii	"\366+\316\fo}+8\366b+8\376ZY\215Y\267y\233\235\227HE\nN\263\022"
 1315      6F7D 2B38 
 1315      F662 2B38 
 1315      FE5A 598D 
 1315      59B7 799B 
 1316 0440 DF56 A3D7 		.ascii	"\337V\243\327e^f\3475\224@\030\032\303\025\211jug\2531\252\250"
 1316      655E 66E7 
 1316      3594 4018 
 1316      1AC3 1589 
 1316      6A75 67AB 
 1317 0457 7873 5817 		.ascii	"xsX\027\352\016K%\256j\3617\003\221"
 1317      EA0E 4B25 
 1317      AE6A F137 
 1317      0391 
 1318 0465 59D9 C1BC 		.string	"Y\331\301\274\270\347|\255F\276\304D\267\0367}D\020/\376\325\261\34225j\032q\n\324\274\03
 1318      B8E7 7CAD 
 1318      46BE C444 
 1318      B71E 377D 
 1318      4410 2FFE 
 1319 0566 A1A4 9229 		.ascii	"\241\244\222)\t\345\024`JI\271L\252\321\202\251G9\345\264\244"
 1319      09E5 1460 
 1319      4A49 B94C 
 1319      AAD1 82A9 
 1319      4739 E5B4 
 1320 057b 11B4 9454 		.ascii	"\021\264\224T.\2257\234\244\222l,\243\240\224PI3`(\201\256T\004"
 1320      2E95 379C 
 1320      A492 6C2C 
 1320      A3A0 9450 
 1320      4933 6028 
 1321 0593 E0CB 1949 		.ascii	"\340\313\031I#\243\031\312%\251(#)\345\223S\013#%TT\223\021\203"
 1321      23A3 19CA 
 1321      25A9 2823 
 1321      29E5 9353 
 1321      0B23 2554 
 1322 05ab 23A4 2311 		.ascii	"#\244#\021$P\034\217\220\216X0-\223\242\246\222\226L,\222I@\027"
 1322      2450 1C8F 
 1322      908E 5830 
 1322      2D93 A2A6 
 1322      9296 4C2C 
 1323 05c3 3038 192F 		.ascii	"08\031/`\220a\274R\205\026H\033\220\222\311\242\001\347\300a"
 1323      6090 61BC 
 1323      5285 1648 
 1323      1B90 92C9 
 1323      A201 E7C0 
 1324 05d8 4403 1527 		.ascii	"D\003\025'H\254JEP\313\250\026S\311\247\030\310e\262I\t\277\335"
 1324      48AC 4A45 
 1324      50CB A816 
 1324      53C9 A718 
 1324      C865 B249 
 1325 05ef B2DB D251 		.ascii	"\262\333\322Q\025q\033\363\241\242\b\204\017Jk9\306\241b\321"
 1325      1571 1BF3 
 1325      A1A2 0884 
 1325      0F4A 6B39 
 1325      C6A1 62D1 
 1326 0603 3DD9 DAD9 		.ascii	"=\331\332\331:\343\272\273x\007\215\355\266\261\321\301Yw\274"
 1326      3AE3 BABB 
 1326      7807 8DED 
 1326      B6B1 D1C1 
 1326      5977 BC
 1327 0616 9CDC 3527 		.ascii	"\234\3345'uTc\341zL\\r\233,\271Lx\330\234\3316W\245\370r\365"
 1327      7554 63E1 
 1327      7A4C 5C72 
 1327      9B2C B94C 
 1327      78D8 9CD9 
 1328 0630 7698 A15D 		.ascii	"v\230\241]D\377U\373er\261\264\216\320-1\236Y\377\233\3665T\225"
 1328      44FF 55FB 
 1328      6572 B1B4 
 1328      8ED0 2D31 
 1328      9E59 FF9B 
 1329 0648 4410 ED42 		.ascii	"D\020\355B\357[\236\2347j\036\200\314\303\007\331\305}\305\314"
 1329      EF5B 9E9C 
 1329      376A 1E80 
 1329      CCC3 07D9 
 1329      C57D C5CC 
 1330 065c ACF3 BA8A 		.ascii	"\254\363\272\212\\\3732\\\353\371\222\223\326\345nm.\323)\333"
 1330      5CFB 325C 
 1330      EBF9 9293 
 1330      D6E5 6E6D 
 1330      2ED3 29DB 
 1331 0670 D7F3 50AF 		.ascii	"\327\363P\257.L\027\223\265\377\220 \271e]E\232\t\201\256u\241"
 1331      2E4C 1793 
 1331      B5FF 9020 
 1331      B965 5D45 
 1331      9A09 81AE 
 1332 0686 97E2 21D9 		.ascii	"\227\342!\331o\231\216\232\030\332`\233\220:4\302 \353\375\212"
 1332      6F99 8E9A 
 1332      18DA 609B 
 1332      903A 34C2 
 1332      20EB FD8A 
 1333 069a 46EF 9881 		.ascii	"F\357\230\201h\207%\361\342[\353\273\351\216l\344w\354\247\325"
 1333      6887 25F1 
 1333      E25B EBBB 
 1333      E98E 6CE4 
 1333      77EC A7D5 
 1334 06ae 32B6 75F1 		.ascii	"2\266u\361\025\273]\330\007\0247`\027\337\260\333\325s6\305S"
 1334      15BB 5DD8 
 1334      0714 3760 
 1334      17DF B0DB 
 1334      D573 36C5 
 1335 06c3 72F1 9546 		.ascii	"r\361\225F\003\201#\250a<d$4\"3$\022D\222$I\007\261\005\304("
 1335      0381 23A8 
 1335      613C 6424 
 1335      3422 3324 
 1335      1244 9224 
 1336 06dd E5A8 E306 		.ascii	"\345\250\343\006\021P\251\264\2104I\222\016 \027Q\026\031\t="
 1336      1150 A9B4 
 1336      8834 4992 
 1336      0E20 1751 
 1336      1619 093D 
 1337 06f1 89F9 A2DF 		.ascii	"\211\371\242\337\374T0W\024\273\204v_\362c\231\263lKq\352?S\005"
 1337      FC54 3057 
 1337      14BB 8476 
 1337      5FF2 6399 
 1337      B36C 4B71 
 1338 0709 48D2 586C 		.ascii	"H\322Xl\374\223s\022l\240\363\202\312\323\240\372-\375\3054\023"
 1338      FC93 7312 
 1338      6CA0 F382 
 1338      CAD3 A0FA 
 1338      2DFD C534 
 1339 071e AF02 F44C 		.ascii	"\257\002\364LgDi9\217d\034\032Np\377\275\372\311\025k\350S\363"
 1339      6744 6939 
 1339      8F64 1C1A 
 1339      4E70 FFBD 
 1339      FAC9 156B 
 1340 0735 EE06 8F8F 		.ascii	"\356\006\217\217\270]\311(\277CP\026\237\037Yv\323:\f\247!\013"
 1340      B85D C928 
 1340      BF43 5016 
 1340      9F1F 5976 
 1340      D33A 0CA7 
 1341 074b 14A7 7979 		.ascii	"\024\247yy\224g\023}4i\t\324 \3522\020^>\260\245\260\316\341"
 1341      9467 137D 
 1341      3469 09D4 
 1341      20EA 3210 
 1341      5E3E B0A5 
 1342 0762 4E3A E538 		.ascii	"N:\3458\205\353\360\340\367c\027E\240\335\200\276\266\377\001"
 1342      85EB F0E0 
 1342      F763 1745 
 1342      A0DD 80BE 
 1342      B6FF 01
 1343 0775 F855 A782 		.ascii	"\370U\247\202\002\201\004\342xY\232k\002\365\230G\013\334k\016"
 1343      0281 04E2 
 1343      7859 9A6B 
 1343      02F5 9847 
 1343      0BDC 6B0E 
 1344 0789 7092 1D6D 		.ascii	"p\222\035mi\331n\354] \371\233\020\306b\226\221\020\312X\364"
 1344      69D9 6EEC 
 1344      5D20 F99B 
 1344      10C6 6296 
 1344      9110 CA58 
 1345 079e 03BF 8B80 		.ascii	"\003\277\213\200-[\250&\345\"99\033\231\241\216\255\325\355\242"
 1345      2D5B A826 
 1345      E522 3939 
 1345      1B99 A18E 
 1345      ADD5 EDA2 
 1346 07b2 BC0F D1C5 		.ascii	"\274\017\321\305\376\021\027\021\243\221\366\274\241N9\363I\025"
 1346      FE11 1711 
 1346      A391 F6BC 
 1346      A14E 39F3 
 1346      4915 
 1347 07c4 3CDA 93E7 		.ascii	"<\332\223\347\212[\307\227\3549\341\302"
 1347      8A5B C797 
 1347      EC39 E1C2 
 1348 07d0 CDF0 E3D9 		.ascii	"\315\360\343\331_\304\335r?j-\304\374/\332\323\033\366\tk\275"
 1348      5FC4 DD72 
 1348      3F6A 2DC4 
 1348      FC2F DAD3 
 1348      1BF6 096B 
 1349 07e5 74C6 5AC0 		.ascii	"t\306Z\300J1\2432\232\020\217\217y\374\212\200^\272\n\203\032"
 1349      4A31 A332 
 1349      9A10 8F8F 
 1349      79FC 8A80 
 1349      5EBA 0A83 
 1350 07fa 841D 699E 		.ascii	"\204\035i\236\200^\016\262\345\312\036\314ugGl\334hO=w\307]n"
 1350      805E 0EB2 
 1350      E5CA 1ECC 
 1350      7567 476C 
 1350      DC68 4F3D 
 1351 0812 8B04 8685 		.ascii	"\213\004\206\205\001+\013(q\362\276C>~myiD\033vUja\3767\311\027"
 1351      012B 0B28 
 1351      71F2 BE43 
 1351      3E7E 6D79 
 1351      6944 1B76 
 1352 082d B1EC D8EB 		.ascii	"\261\354\330\353\006\002g\tdw\313%\220\356\245\260'Z\220b\221"
 1352      0602 6709 
 1352      6477 CB25 
 1352      90EE A5B0 
 1352      275A 9062 
 1353 0842 F941 F94E 		.ascii	"\371A\371Np%L \250X|9\277{\225_F4\245\026\026\267\"\344\2655"
 1353      7025 4C20 
 1353      A858 7C39 
 1353      BF7B 955F 
 1353      4634 A516 
 1354 085c 83D9 CCE7 		.ascii	"\203\331\314\347-\244\252\256Q\350\220 \310?\303:k\234\244(\236"
 1354      2DA4 AAAE 
 1354      51E8 9020 
 1354      C83F C33A 
 1354      6B9C A428 
 1355 0871 194D BB33 		.ascii	"\031M\2733\177m\r\377\frG\344\2552\003\240\344\317\003\257\002"
 1355      7F6D 0DFF 
 1355      0C72 47E4 
 1355      AD32 03A0 
 1355      E4CF 03AF 
 1356 0886 7527 8FED 		.ascii	"u'\217\355K\263\305\025c#V\031.\261\353<c\363\272PW\265*-\352"
 1356      4BB3 C515 
 1356      6323 5619 
 1356      2EB1 EB3C 
 1356      63F3 BA50 
 1357 089f 16A8 D3EE 		.ascii	"\026\250\323\356\\\327\004\316ii\027$\377\007\256\331\203-\234"
 1357      5CD7 04CE 
 1357      6969 1724 
 1357      FF07 AED9 
 1357      832D 9C
 1358 08b2 21F2 0CFB 		.ascii	"!\362\f\373y\254\243\255\371\224L\235XS\265\305\263\307\005\363"
 1358      79AC A3AD 
 1358      F994 4C9D 
 1358      5853 B5C5 
 1358      B3C7 05F3 
 1359 08c6 9C19 FB57 		.ascii	"\234\031\373W\202\304\213\217U"
 1359      82C4 8B8F 
 1359      55
 1360               		.text
 1361               		.section	.gnu.lto_.symtab.ae844b073def78f5,"e",@progbits
 1362 0000 656E 765F 		.string	"env_memory_size"
 1362      6D65 6D6F 
 1362      7279 5F73 
 1362      697A 6500 
 1363 0010 00        		.string	""
 1364 0011 00        		.string	""
 1365 0012 00        		.string	""
 1366 0013 00        		.string	""
 1367 0014 00        		.string	""
 1368 0015 00        		.string	""
 1369 0016 00        		.string	""
 1370 0017 00        		.string	""
 1371 0018 00        		.string	""
 1372 0019 00        		.string	""
 1373 001a 00        		.string	""
 1374 001b D500      		.string	"\325"
 1375 001d 00        		.string	""
 1376 001e 00        		.string	""
 1377 001f 656E 765F 		.string	"env_memory_read"
 1377      6D65 6D6F 
 1377      7279 5F72 
 1377      6561 6400 
 1378 002f 00        		.string	""
 1379 0030 00        		.string	""
 1380 0031 00        		.string	""
 1381 0032 00        		.string	""
 1382 0033 00        		.string	""
 1383 0034 00        		.string	""
 1384 0035 00        		.string	""
 1385 0036 00        		.string	""
 1386 0037 00        		.string	""
 1387 0038 00        		.string	""
 1388 0039 00        		.string	""
 1389 003a DB00      		.string	"\333"
 1390 003c 00        		.string	""
 1391 003d 00        		.string	""
 1392 003e 656E 765F 		.string	"env_memory_write"
 1392      6D65 6D6F 
 1392      7279 5F77 
 1392      7269 7465 
 1392      00
 1393 004f 00        		.string	""
 1394 0050 00        		.string	""
 1395 0051 00        		.string	""
 1396 0052 00        		.string	""
 1397 0053 00        		.string	""
 1398 0054 00        		.string	""
 1399 0055 00        		.string	""
 1400 0056 00        		.string	""
 1401 0057 00        		.string	""
 1402 0058 00        		.string	""
 1403 0059 00        		.string	""
 1404 005a E100      		.string	"\341"
 1405 005c 00        		.string	""
 1406 005d 00        		.string	""
 1407 005e 656E 765F 		.string	"env_gfx_rect"
 1407      6766 785F 
 1407      7265 6374 
 1407      00
 1408 006b 00        		.string	""
 1409 006c 00        		.string	""
 1410 006d 00        		.string	""
 1411 006e 00        		.string	""
 1412 006f 00        		.string	""
 1413 0070 00        		.string	""
 1414 0071 00        		.string	""
 1415 0072 00        		.string	""
 1416 0073 00        		.string	""
 1417 0074 00        		.string	""
 1418 0075 00        		.string	""
 1419 0076 E900      		.string	"\351"
 1420 0078 00        		.string	""
 1421 0079 00        		.string	""
 1422 007a 656E 765F 		.string	"env_gfx_image_rgba"
 1422      6766 785F 
 1422      696D 6167 
 1422      655F 7267 
 1422      6261 00
 1423 008d 00        		.string	""
 1424 008e 00        		.string	""
 1425 008f 00        		.string	""
 1426 0090 00        		.string	""
 1427 0091 00        		.string	""
 1428 0092 00        		.string	""
 1429 0093 00        		.string	""
 1430 0094 00        		.string	""
 1431 0095 00        		.string	""
 1432 0096 00        		.string	""
 1433 0097 00        		.string	""
 1434 0098 EB00      		.string	"\353"
 1435 009a 00        		.string	""
 1436 009b 00        		.string	""
 1437 009c 656E 765F 		.string	"env_gfx_image_rgb"
 1437      6766 785F 
 1437      696D 6167 
 1437      655F 7267 
 1437      6200 
 1438 00ae 00        		.string	""
 1439 00af 00        		.string	""
 1440 00b0 00        		.string	""
 1441 00b1 00        		.string	""
 1442 00b2 00        		.string	""
 1443 00b3 00        		.string	""
 1444 00b4 00        		.string	""
 1445 00b5 00        		.string	""
 1446 00b6 00        		.string	""
 1447 00b7 00        		.string	""
 1448 00b8 00        		.string	""
 1449 00b9 ED00      		.string	"\355"
 1450 00bb 00        		.string	""
 1451 00bc 00        		.string	""
 1452 00bd 656E 765F 		.string	"env_gfx_image_rgb565"
 1452      6766 785F 
 1452      696D 6167 
 1452      655F 7267 
 1452      6235 3635 
 1453 00d2 00        		.string	""
 1454 00d3 00        		.string	""
 1455 00d4 00        		.string	""
 1456 00d5 00        		.string	""
 1457 00d6 00        		.string	""
 1458 00d7 00        		.string	""
 1459 00d8 00        		.string	""
 1460 00d9 00        		.string	""
 1461 00da 00        		.string	""
 1462 00db 00        		.string	""
 1463 00dc 00        		.string	""
 1464 00dd EF00      		.string	"\357"
 1465 00df 00        		.string	""
 1466 00e0 00        		.string	""
 1467 00e1 656E 765F 		.string	"env_gfx_image_grayscale"
 1467      6766 785F 
 1467      696D 6167 
 1467      655F 6772 
 1467      6179 7363 
 1468 00f9 00        		.string	""
 1469 00fa 00        		.string	""
 1470 00fb 00        		.string	""
 1471 00fc 00        		.string	""
 1472 00fd 00        		.string	""
 1473 00fe 00        		.string	""
 1474 00ff 00        		.string	""
 1475 0100 00        		.string	""
 1476 0101 00        		.string	""
 1477 0102 00        		.string	""
 1478 0103 00        		.string	""
 1479 0104 F900      		.string	"\371"
 1480 0106 00        		.string	""
 1481 0107 00        		.string	""
 1482 0108 656E 765F 		.string	"env_gfx_image_1bit"
 1482      6766 785F 
 1482      696D 6167 
 1482      655F 3162 
 1482      6974 00
 1483 011b 00        		.string	""
 1484 011c 00        		.string	""
 1485 011d 00        		.string	""
 1486 011e 00        		.string	""
 1487 011f 00        		.string	""
 1488 0120 00        		.string	""
 1489 0121 00        		.string	""
 1490 0122 00        		.string	""
 1491 0123 00        		.string	""
 1492 0124 00        		.string	""
 1493 0125 00        		.string	""
 1494 0126 FB00      		.string	"\373"
 1495 0128 00        		.string	""
 1496 0129 00        		.string	""
 1497 012a 656E 765F 		.string	"env_serial_write"
 1497      7365 7269 
 1497      616C 5F77 
 1497      7269 7465 
 1497      00
 1498 013b 00        		.string	""
 1499 013c 00        		.string	""
 1500 013d 00        		.string	""
 1501 013e 00        		.string	""
 1502 013f 00        		.string	""
 1503 0140 00        		.string	""
 1504 0141 00        		.string	""
 1505 0142 00        		.string	""
 1506 0143 00        		.string	""
 1507 0144 00        		.string	""
 1508 0145 00        		.string	""
 1509 0146 00        		.string	""
 1510 0147 0100      		.string	"\001"
 1511 0149 00        		.string	""
 1512 014a 656E 765F 		.string	"env_random_get"
 1512      7261 6E64 
 1512      6F6D 5F67 
 1512      6574 00
 1513 0159 00        		.string	""
 1514 015a 00        		.string	""
 1515 015b 00        		.string	""
 1516 015c 00        		.string	""
 1517 015d 00        		.string	""
 1518 015e 00        		.string	""
 1519 015f 00        		.string	""
 1520 0160 00        		.string	""
 1521 0161 00        		.string	""
 1522 0162 00        		.string	""
 1523 0163 00        		.string	""
 1524 0164 0201 00   		.string	"\002\001"
 1525 0167 00        		.string	""
 1526 0168 656E 765F 		.string	"env_millis"
 1526      6D69 6C6C 
 1526      6973 00
 1527 0173 00        		.string	""
 1528 0174 00        		.string	""
 1529 0175 00        		.string	""
 1530 0176 00        		.string	""
 1531 0177 00        		.string	""
 1532 0178 00        		.string	""
 1533 0179 00        		.string	""
 1534 017a 00        		.string	""
 1535 017b 00        		.string	""
 1536 017c 00        		.string	""
 1537 017d 00        		.string	""
 1538 017e 0401 00   		.string	"\004\001"
 1539 0181 00        		.string	""
 1540 0182 6C63 645F 		.string	"lcd_color"
 1540      636F 6C6F 
 1540      7200 
 1541 018c 00        		.string	""
 1542 018d 02        		.ascii	"\002"
 1543 018e 00        		.string	""
 1544 018f 00        		.string	""
 1545 0190 00        		.string	""
 1546 0191 00        		.string	""
 1547 0192 00        		.string	""
 1548 0193 00        		.string	""
 1549 0194 00        		.string	""
 1550 0195 00        		.string	""
 1551 0196 00        		.string	""
 1552 0197 0E01 00   		.string	"\016\001"
 1553 019a 00        		.string	""
 1554 019b 786D 656D 		.string	"xmem_size"
 1554      5F73 697A 
 1554      6500 
 1555 01a5 00        		.string	""
 1556 01a6 02        		.ascii	"\002"
 1557 01a7 00        		.string	""
 1558 01a8 00        		.string	""
 1559 01a9 00        		.string	""
 1560 01aa 00        		.string	""
 1561 01ab 00        		.string	""
 1562 01ac 00        		.string	""
 1563 01ad 00        		.string	""
 1564 01ae 00        		.string	""
 1565 01af 00        		.string	""
 1566 01b0 1001 00   		.string	"\020\001"
 1567 01b3 00        		.string	""
 1568 01b4 786D 656D 		.string	"xmem_read"
 1568      5F72 6561 
 1568      6400 
 1569 01be 00        		.string	""
 1570 01bf 02        		.ascii	"\002"
 1571 01c0 00        		.string	""
 1572 01c1 00        		.string	""
 1573 01c2 00        		.string	""
 1574 01c3 00        		.string	""
 1575 01c4 00        		.string	""
 1576 01c5 00        		.string	""
 1577 01c6 00        		.string	""
 1578 01c7 00        		.string	""
 1579 01c8 00        		.string	""
 1580 01c9 1801 00   		.string	"\030\001"
 1581 01cc 00        		.string	""
 1582 01cd 786D 656D 		.string	"xmem_write"
 1582      5F77 7269 
 1582      7465 00
 1583 01d8 00        		.string	""
 1584 01d9 02        		.ascii	"\002"
 1585 01da 00        		.string	""
 1586 01db 00        		.string	""
 1587 01dc 00        		.string	""
 1588 01dd 00        		.string	""
 1589 01de 00        		.string	""
 1590 01df 00        		.string	""
 1591 01e0 00        		.string	""
 1592 01e1 00        		.string	""
 1593 01e2 00        		.string	""
 1594 01e3 1E01 00   		.string	"\036\001"
 1595 01e6 00        		.string	""
 1596 01e7 6C63 645F 		.string	"lcd_rect"
 1596      7265 6374 
 1596      00
 1597 01f0 00        		.string	""
 1598 01f1 02        		.ascii	"\002"
 1599 01f2 00        		.string	""
 1600 01f3 00        		.string	""
 1601 01f4 00        		.string	""
 1602 01f5 00        		.string	""
 1603 01f6 00        		.string	""
 1604 01f7 00        		.string	""
 1605 01f8 00        		.string	""
 1606 01f9 00        		.string	""
 1607 01fa 00        		.string	""
 1608 01fb 2601 00   		.string	"&\001"
 1609 01fe 00        		.string	""
 1610 01ff 7365 7269 		.string	"serial_tx"
 1610      616C 5F74 
 1610      7800 
 1611 0209 00        		.string	""
 1612 020a 02        		.ascii	"\002"
 1613 020b 00        		.string	""
 1614 020c 00        		.string	""
 1615 020d 00        		.string	""
 1616 020e 00        		.string	""
 1617 020f 00        		.string	""
 1618 0210 00        		.string	""
 1619 0211 00        		.string	""
 1620 0212 00        		.string	""
 1621 0213 00        		.string	""
 1622 0214 2A01 00   		.string	"*\001"
 1623 0217 00        		.string	""
 1624 0218 7261 6E64 		.string	"random_get"
 1624      6F6D 5F67 
 1624      6574 00
 1625 0223 00        		.string	""
 1626 0224 02        		.ascii	"\002"
 1627 0225 00        		.string	""
 1628 0226 00        		.string	""
 1629 0227 00        		.string	""
 1630 0228 00        		.string	""
 1631 0229 00        		.string	""
 1632 022a 00        		.string	""
 1633 022b 00        		.string	""
 1634 022c 00        		.string	""
 1635 022d 00        		.string	""
 1636 022e 2C01 00   		.string	",\001"
 1637 0231 00        		.string	""
 1638 0232 6D69 6C6C 		.string	"millis"
 1638      6973 00
 1639 0239 00        		.string	""
 1640 023a 02        		.ascii	"\002"
 1641 023b 00        		.string	""
 1642 023c 00        		.string	""
 1643 023d 00        		.string	""
 1644 023e 00        		.string	""
 1645 023f 00        		.string	""
 1646 0240 00        		.string	""
 1647 0241 00        		.string	""
 1648 0242 00        		.string	""
 1649 0243 00        		.string	""
 1650 0244 2E01 00   		.string	".\001"
 1651 0247 00        		.string	""
 1652               		.text
 1653               		.section	.gnu.lto_.ext_symtab.ae844b073def78f5,"e",@progbits
 1654 0000 01        		.ascii	"\001"
 1655 0001 01        		.ascii	"\001"
 1656 0002 00        		.string	""
 1657 0003 01        		.ascii	"\001"
 1658 0004 00        		.string	""
 1659 0005 01        		.ascii	"\001"
 1660 0006 00        		.string	""
 1661 0007 01        		.ascii	"\001"
 1662 0008 00        		.string	""
 1663 0009 01        		.ascii	"\001"
 1664 000a 00        		.string	""
 1665 000b 01        		.ascii	"\001"
 1666 000c 00        		.string	""
 1667 000d 01        		.ascii	"\001"
 1668 000e 00        		.string	""
 1669 000f 01        		.ascii	"\001"
 1670 0010 00        		.string	""
 1671 0011 01        		.ascii	"\001"
 1672 0012 00        		.string	""
 1673 0013 01        		.ascii	"\001"
 1674 0014 00        		.string	""
 1675 0015 01        		.ascii	"\001"
 1676 0016 00        		.string	""
 1677 0017 01        		.ascii	"\001"
 1678 0018 00        		.string	""
 1679 0019 01        		.ascii	"\001"
 1680 001a 00        		.string	""
 1681 001b 01        		.ascii	"\001"
 1682 001c 00        		.string	""
 1683 001d 01        		.ascii	"\001"
 1684 001e 00        		.string	""
 1685 001f 01        		.ascii	"\001"
 1686 0020 00        		.string	""
 1687 0021 01        		.ascii	"\001"
 1688 0022 00        		.string	""
 1689 0023 01        		.ascii	"\001"
 1690 0024 00        		.string	""
 1691 0025 01        		.ascii	"\001"
 1692 0026 00        		.string	""
 1693 0027 01        		.ascii	"\001"
 1694 0028 00        		.string	""
 1695               		.text
 1696               		.section	.gnu.lto_.opts,"e",@progbits
 1697 0000 272D 666E 		.ascii	"'-fn"
 1698 0004 6F2D 6F70 		.string	"o-openmp' '-fno-openacc' '-fno-pie' '-fcf-protection=none' '-g' '-mn-flash=1' '-mno-skip-
 1698      656E 6D70 
 1698      2720 272D 
 1698      666E 6F2D 
 1698      6F70 656E 
 1699               		.text
 1700               		.comm	__gnu_lto_slim,1,1
 1701               		.ident	"GCC: (GNU) 12.2.0"
DEFINED SYMBOLS
                            *ABS*:00000000 platform.c
     /tmp/ccR3bpbz.s:2      *ABS*:0000003e __SP_H__
     /tmp/ccR3bpbz.s:3      *ABS*:0000003d __SP_L__
     /tmp/ccR3bpbz.s:4      *ABS*:0000003f __SREG__
     /tmp/ccR3bpbz.s:5      *ABS*:00000000 __tmp_reg__
     /tmp/ccR3bpbz.s:6      *ABS*:00000001 __zero_reg__
     /tmp/ccR3bpbz.s:19     .gnu.debuglto_.debug_info:00000000 platform.c.aa686f0c
                            *COM*:00000001 __gnu_lto_slim
     /tmp/ccR3bpbz.s:540    .gnu.debuglto_.debug_abbrev:00000000 .Ldebug_abbrev0
     /tmp/ccR3bpbz.s:838    .gnu.debuglto_.debug_line:00000000 .Ldebug_line0

NO UNDEFINED SYMBOLS
