   1               		.file	"serial.c"
   2               	__SP_H__ = 0x3e
   3               	__SP_L__ = 0x3d
   4               	__SREG__ = 0x3f
   5               	__tmp_reg__ = 0
   6               	__zero_reg__ = 1
   7               		.file 1 "/usr/lib/gcc/avr/12.2.0/include/stdint-gcc.h"
   8               		.file 2 "serial/serial.c"
   9               		.section	.gnu.debuglto_.debug_info,"e",@progbits
  10               	.Ldebug_info0:
  11               		.hidden	serial.c.6fc1aed4
  12               		.weak	serial.c.6fc1aed4
  13               	serial.c.6fc1aed4:
  14 0000 E300 0000 		.long	0xe3
  15 0004 0500      		.word	0x5
  16 0006 01        		.byte	0x1
  17 0007 04        		.byte	0x4
  18 0008 0000 0000 		.long	.Ldebug_abbrev0
  19 000c 07        		.uleb128 0x7
  20 000d 0000 0000 		.long	.LASF17
  21 0011 0C        		.byte	0xc
  22 0012 0000 0000 		.long	.LASF0
  23 0016 0000 0000 		.long	.LASF1
  24 001a 0000 0000 		.long	.Ldebug_line0
  25 001e 01        		.uleb128 0x1
  26 001f 01        		.byte	0x1
  27 0020 06        		.byte	0x6
  28 0021 0000 0000 		.long	.LASF2
  29 0025 08        		.uleb128 0x8
  30 0026 02        		.byte	0x2
  31 0027 05        		.byte	0x5
  32 0028 696E 7400 		.string	"int"
  33 002c 01        		.uleb128 0x1
  34 002d 04        		.byte	0x4
  35 002e 05        		.byte	0x5
  36 002f 0000 0000 		.long	.LASF3
  37 0033 01        		.uleb128 0x1
  38 0034 08        		.byte	0x8
  39 0035 05        		.byte	0x5
  40 0036 0000 0000 		.long	.LASF4
  41 003a 04        		.uleb128 0x4
  42 003b 0000 0000 		.long	.LASF6
  43 003f 2E        		.byte	0x2e
  44 0040 18        		.byte	0x18
  45 0041 4500 0000 		.long	0x45
  46 0045 01        		.uleb128 0x1
  47 0046 01        		.byte	0x1
  48 0047 08        		.byte	0x8
  49 0048 0000 0000 		.long	.LASF5
  50 004c 04        		.uleb128 0x4
  51 004d 0000 0000 		.long	.LASF7
  52 0051 31        		.byte	0x31
  53 0052 19        		.byte	0x19
  54 0053 5700 0000 		.long	0x57
  55 0057 01        		.uleb128 0x1
  56 0058 02        		.byte	0x2
  57 0059 07        		.byte	0x7
  58 005a 0000 0000 		.long	.LASF8
  59 005e 01        		.uleb128 0x1
  60 005f 04        		.byte	0x4
  61 0060 07        		.byte	0x7
  62 0061 0000 0000 		.long	.LASF9
  63 0065 01        		.uleb128 0x1
  64 0066 08        		.byte	0x8
  65 0067 07        		.byte	0x7
  66 0068 0000 0000 		.long	.LASF10
  67 006c 02        		.uleb128 0x2
  68 006d 0000 0000 		.long	.LASF14
  69 0071 29        		.byte	0x29
  70 0072 9C00 0000 		.long	0x9c
  71 0076 03        		.uleb128 0x3
  72 0077 7300      		.string	"s"
  73 0079 29        		.byte	0x29
  74 007a 22        		.byte	0x22
  75 007b 9C00 0000 		.long	0x9c
  76 007f 05        		.uleb128 0x5
  77 0080 6300      		.string	"c"
  78 0082 2B        		.byte	0x2b
  79 0083 A200 0000 		.long	0xa2
  80 0087 09        		.uleb128 0x9
  81 0088 06        		.uleb128 0x6
  82 0089 0000 0000 		.long	.LASF11
  83 008d 4C00 0000 		.long	0x4c
  84 0091 06        		.uleb128 0x6
  85 0092 0000 0000 		.long	.LASF12
  86 0096 3A00 0000 		.long	0x3a
  87 009a 00        		.byte	0
  88 009b 00        		.byte	0
  89 009c 0A        		.uleb128 0xa
  90 009d 02        		.byte	0x2
  91 009e A900 0000 		.long	0xa9
  92 00a2 01        		.uleb128 0x1
  93 00a3 01        		.byte	0x1
  94 00a4 08        		.byte	0x8
  95 00a5 0000 0000 		.long	.LASF13
  96 00a9 0B        		.uleb128 0xb
  97 00aa A200 0000 		.long	0xa2
  98 00ae 02        		.uleb128 0x2
  99 00af 0000 0000 		.long	.LASF15
 100 00b3 20        		.byte	0x20
 101 00b4 CA00 0000 		.long	0xca
 102 00b8 03        		.uleb128 0x3
 103 00b9 7300      		.string	"s"
 104 00bb 20        		.byte	0x20
 105 00bc 20        		.byte	0x20
 106 00bd 9C00 0000 		.long	0x9c
 107 00c1 05        		.uleb128 0x5
 108 00c2 6300      		.string	"c"
 109 00c4 22        		.byte	0x22
 110 00c5 A200 0000 		.long	0xa2
 111 00c9 00        		.byte	0
 112 00ca 02        		.uleb128 0x2
 113 00cb 0000 0000 		.long	.LASF16
 114 00cf 1A        		.byte	0x1a
 115 00d0 DE00 0000 		.long	0xde
 116 00d4 03        		.uleb128 0x3
 117 00d5 6300      		.string	"c"
 118 00d7 1A        		.byte	0x1a
 119 00d8 15        		.byte	0x15
 120 00d9 A200 0000 		.long	0xa2
 121 00dd 00        		.byte	0
 122 00de 0C        		.uleb128 0xc
 123 00df 0000 0000 		.long	.LASF18
 124 00e3 02        		.byte	0x2
 125 00e4 13        		.byte	0x13
 126 00e5 06        		.byte	0x6
 127 00e6 00        		.byte	0
 128               		.section	.gnu.debuglto_.debug_abbrev,"e",@progbits
 129               	.Ldebug_abbrev0:
 130 0000 01        		.uleb128 0x1
 131 0001 24        		.uleb128 0x24
 132 0002 00        		.byte	0
 133 0003 0B        		.uleb128 0xb
 134 0004 0B        		.uleb128 0xb
 135 0005 3E        		.uleb128 0x3e
 136 0006 0B        		.uleb128 0xb
 137 0007 03        		.uleb128 0x3
 138 0008 0E        		.uleb128 0xe
 139 0009 00        		.byte	0
 140 000a 00        		.byte	0
 141 000b 02        		.uleb128 0x2
 142 000c 2E        		.uleb128 0x2e
 143 000d 01        		.byte	0x1
 144 000e 3F        		.uleb128 0x3f
 145 000f 19        		.uleb128 0x19
 146 0010 03        		.uleb128 0x3
 147 0011 0E        		.uleb128 0xe
 148 0012 3A        		.uleb128 0x3a
 149 0013 21        		.uleb128 0x21
 150 0014 02        		.sleb128 2
 151 0015 3B        		.uleb128 0x3b
 152 0016 0B        		.uleb128 0xb
 153 0017 39        		.uleb128 0x39
 154 0018 21        		.uleb128 0x21
 155 0019 06        		.sleb128 6
 156 001a 27        		.uleb128 0x27
 157 001b 19        		.uleb128 0x19
 158 001c 01        		.uleb128 0x1
 159 001d 13        		.uleb128 0x13
 160 001e 00        		.byte	0
 161 001f 00        		.byte	0
 162 0020 03        		.uleb128 0x3
 163 0021 05        		.uleb128 0x5
 164 0022 00        		.byte	0
 165 0023 03        		.uleb128 0x3
 166 0024 08        		.uleb128 0x8
 167 0025 3A        		.uleb128 0x3a
 168 0026 21        		.uleb128 0x21
 169 0027 02        		.sleb128 2
 170 0028 3B        		.uleb128 0x3b
 171 0029 0B        		.uleb128 0xb
 172 002a 39        		.uleb128 0x39
 173 002b 0B        		.uleb128 0xb
 174 002c 49        		.uleb128 0x49
 175 002d 13        		.uleb128 0x13
 176 002e 00        		.byte	0
 177 002f 00        		.byte	0
 178 0030 04        		.uleb128 0x4
 179 0031 16        		.uleb128 0x16
 180 0032 00        		.byte	0
 181 0033 03        		.uleb128 0x3
 182 0034 0E        		.uleb128 0xe
 183 0035 3A        		.uleb128 0x3a
 184 0036 21        		.uleb128 0x21
 185 0037 01        		.sleb128 1
 186 0038 3B        		.uleb128 0x3b
 187 0039 0B        		.uleb128 0xb
 188 003a 39        		.uleb128 0x39
 189 003b 0B        		.uleb128 0xb
 190 003c 49        		.uleb128 0x49
 191 003d 13        		.uleb128 0x13
 192 003e 00        		.byte	0
 193 003f 00        		.byte	0
 194 0040 05        		.uleb128 0x5
 195 0041 34        		.uleb128 0x34
 196 0042 00        		.byte	0
 197 0043 03        		.uleb128 0x3
 198 0044 08        		.uleb128 0x8
 199 0045 3A        		.uleb128 0x3a
 200 0046 21        		.uleb128 0x21
 201 0047 02        		.sleb128 2
 202 0048 3B        		.uleb128 0x3b
 203 0049 0B        		.uleb128 0xb
 204 004a 39        		.uleb128 0x39
 205 004b 21        		.uleb128 0x21
 206 004c 07        		.sleb128 7
 207 004d 49        		.uleb128 0x49
 208 004e 13        		.uleb128 0x13
 209 004f 00        		.byte	0
 210 0050 00        		.byte	0
 211 0051 06        		.uleb128 0x6
 212 0052 34        		.uleb128 0x34
 213 0053 00        		.byte	0
 214 0054 03        		.uleb128 0x3
 215 0055 0E        		.uleb128 0xe
 216 0056 3A        		.uleb128 0x3a
 217 0057 21        		.uleb128 0x21
 218 0058 02        		.sleb128 2
 219 0059 3B        		.uleb128 0x3b
 220 005a 21        		.uleb128 0x21
 221 005b 2C        		.sleb128 44
 222 005c 39        		.uleb128 0x39
 223 005d 21        		.uleb128 0x21
 224 005e 0D        		.sleb128 13
 225 005f 49        		.uleb128 0x49
 226 0060 13        		.uleb128 0x13
 227 0061 00        		.byte	0
 228 0062 00        		.byte	0
 229 0063 07        		.uleb128 0x7
 230 0064 11        		.uleb128 0x11
 231 0065 01        		.byte	0x1
 232 0066 25        		.uleb128 0x25
 233 0067 0E        		.uleb128 0xe
 234 0068 13        		.uleb128 0x13
 235 0069 0B        		.uleb128 0xb
 236 006a 03        		.uleb128 0x3
 237 006b 1F        		.uleb128 0x1f
 238 006c 1B        		.uleb128 0x1b
 239 006d 1F        		.uleb128 0x1f
 240 006e 10        		.uleb128 0x10
 241 006f 17        		.uleb128 0x17
 242 0070 00        		.byte	0
 243 0071 00        		.byte	0
 244 0072 08        		.uleb128 0x8
 245 0073 24        		.uleb128 0x24
 246 0074 00        		.byte	0
 247 0075 0B        		.uleb128 0xb
 248 0076 0B        		.uleb128 0xb
 249 0077 3E        		.uleb128 0x3e
 250 0078 0B        		.uleb128 0xb
 251 0079 03        		.uleb128 0x3
 252 007a 08        		.uleb128 0x8
 253 007b 00        		.byte	0
 254 007c 00        		.byte	0
 255 007d 09        		.uleb128 0x9
 256 007e 0B        		.uleb128 0xb
 257 007f 01        		.byte	0x1
 258 0080 00        		.byte	0
 259 0081 00        		.byte	0
 260 0082 0A        		.uleb128 0xa
 261 0083 0F        		.uleb128 0xf
 262 0084 00        		.byte	0
 263 0085 0B        		.uleb128 0xb
 264 0086 0B        		.uleb128 0xb
 265 0087 49        		.uleb128 0x49
 266 0088 13        		.uleb128 0x13
 267 0089 00        		.byte	0
 268 008a 00        		.byte	0
 269 008b 0B        		.uleb128 0xb
 270 008c 26        		.uleb128 0x26
 271 008d 00        		.byte	0
 272 008e 49        		.uleb128 0x49
 273 008f 13        		.uleb128 0x13
 274 0090 00        		.byte	0
 275 0091 00        		.byte	0
 276 0092 0C        		.uleb128 0xc
 277 0093 2E        		.uleb128 0x2e
 278 0094 00        		.byte	0
 279 0095 3F        		.uleb128 0x3f
 280 0096 19        		.uleb128 0x19
 281 0097 03        		.uleb128 0x3
 282 0098 0E        		.uleb128 0xe
 283 0099 3A        		.uleb128 0x3a
 284 009a 0B        		.uleb128 0xb
 285 009b 3B        		.uleb128 0x3b
 286 009c 0B        		.uleb128 0xb
 287 009d 39        		.uleb128 0x39
 288 009e 0B        		.uleb128 0xb
 289 009f 27        		.uleb128 0x27
 290 00a0 19        		.uleb128 0x19
 291 00a1 00        		.byte	0
 292 00a2 00        		.byte	0
 293 00a3 00        		.byte	0
 294               		.section	.gnu.debuglto_.debug_line,"e",@progbits
 295               	.Ldebug_line0:
 296 0000 3F00 0000 		.long	.LELT0-.LSLT0
 297               	.LSLT0:
 298 0004 0500      		.word	0x5
 299 0006 04        		.byte	0x4
 300 0007 00        		.byte	0
 301 0008 3700 0000 		.long	.LELTP0-.LASLTP0
 302               	.LASLTP0:
 303 000c 01        		.byte	0x1
 304 000d 01        		.byte	0x1
 305 000e 01        		.byte	0x1
 306 000f F6        		.byte	0xf6
 307 0010 F2        		.byte	0xf2
 308 0011 0D        		.byte	0xd
 309 0012 00        		.byte	0
 310 0013 01        		.byte	0x1
 311 0014 01        		.byte	0x1
 312 0015 01        		.byte	0x1
 313 0016 01        		.byte	0x1
 314 0017 00        		.byte	0
 315 0018 00        		.byte	0
 316 0019 00        		.byte	0
 317 001a 01        		.byte	0x1
 318 001b 00        		.byte	0
 319 001c 00        		.byte	0
 320 001d 01        		.byte	0x1
 321 001e 01        		.byte	0x1
 322 001f 01        		.uleb128 0x1
 323 0020 1F        		.uleb128 0x1f
 324 0021 03        		.uleb128 0x3
 325 0022 0000 0000 		.long	.LASF1
 326 0026 0000 0000 		.long	.LASF19
 327 002a 0000 0000 		.long	.LASF20
 328 002e 02        		.byte	0x2
 329 002f 01        		.uleb128 0x1
 330 0030 1F        		.uleb128 0x1f
 331 0031 02        		.uleb128 0x2
 332 0032 0B        		.uleb128 0xb
 333 0033 03        		.uleb128 0x3
 334 0034 0000 0000 		.long	.LASF0
 335 0038 00        		.byte	0
 336 0039 0000 0000 		.long	.LASF21
 337 003d 02        		.byte	0x2
 338 003e 0000 0000 		.long	.LASF22
 339 0042 01        		.byte	0x1
 340               	.LELTP0:
 341               	.LELT0:
 342               		.section	.gnu.debuglto_.debug_str,"eMS",@progbits,1
 343               	.LASF16:
 344 0000 7365 7269 		.string	"serial_tx"
 344      616C 5F74 
 344      7800 
 345               	.LASF11:
 346 000a 5F5F 6164 		.string	"__addr16"
 346      6472 3136 
 346      00
 347               	.LASF15:
 348 0013 7365 7269 		.string	"serial_tx_str"
 348      616C 5F74 
 348      785F 7374 
 348      7200 
 349               	.LASF5:
 350 0021 756E 7369 		.string	"unsigned char"
 350      676E 6564 
 350      2063 6861 
 350      7200 
 351               	.LASF9:
 352 002f 6C6F 6E67 		.string	"long unsigned int"
 352      2075 6E73 
 352      6967 6E65 
 352      6420 696E 
 352      7400 
 353               	.LASF12:
 354 0041 5F5F 7265 		.string	"__result"
 354      7375 6C74 
 354      00
 355               	.LASF14:
 356 004a 7365 7269 		.string	"serial_tx_str_P"
 356      616C 5F74 
 356      785F 7374 
 356      725F 5000 
 357               	.LASF8:
 358 005a 756E 7369 		.string	"unsigned int"
 358      676E 6564 
 358      2069 6E74 
 358      00
 359               	.LASF10:
 360 0067 6C6F 6E67 		.string	"long long unsigned int"
 360      206C 6F6E 
 360      6720 756E 
 360      7369 676E 
 360      6564 2069 
 361               	.LASF6:
 362 007e 7569 6E74 		.string	"uint8_t"
 362      385F 7400 
 363               	.LASF18:
 364 0086 7365 7269 		.string	"serial_init"
 364      616C 5F69 
 364      6E69 7400 
 365               	.LASF4:
 366 0092 6C6F 6E67 		.string	"long long int"
 366      206C 6F6E 
 366      6720 696E 
 366      7400 
 367               	.LASF13:
 368 00a0 6368 6172 		.string	"char"
 368      00
 369               	.LASF7:
 370 00a5 7569 6E74 		.string	"uint16_t"
 370      3136 5F74 
 370      00
 371               	.LASF3:
 372 00ae 6C6F 6E67 		.string	"long int"
 372      2069 6E74 
 372      00
 373               	.LASF2:
 374 00b7 7369 676E 		.string	"signed char"
 374      6564 2063 
 374      6861 7200 
 375               	.LASF17:
 376 00c3 474E 5520 		.string	"GNU C99 12.2.0 -mn-flash=1 -mno-skip-bug -mdouble=32 -mlong-double=64 -mmcu=avr5 -g -Os -
 376      4339 3920 
 376      3132 2E32 
 376      2E30 202D 
 376      6D6E 2D66 
 377               		.section	.gnu.debuglto_.debug_line_str,"eMS",@progbits,1
 378               	.LASF1:
 379 0000 2F68 6F6D 		.string	"/home/files/osdev/platform/avr"
 379      652F 6669 
 379      6C65 732F 
 379      6F73 6465 
 379      762F 706C 
 380               	.LASF19:
 381 001f 7365 7269 		.string	"serial"
 381      616C 00
 382               	.LASF0:
 383 0026 7365 7269 		.string	"serial/serial.c"
 383      616C 2F73 
 383      6572 6961 
 383      6C2E 6300 
 384               	.LASF21:
 385 0036 7374 6469 		.string	"stdint-gcc.h"
 385      6E74 2D67 
 385      6363 2E68 
 385      00
 386               	.LASF20:
 387 0043 2F75 7372 		.string	"/usr/lib/gcc/avr/12.2.0/include"
 387      2F6C 6962 
 387      2F67 6363 
 387      2F61 7672 
 387      2F31 322E 
 388               	.LASF22:
 389 0063 7365 7269 		.string	"serial.c"
 389      616C 2E63 
 389      00
 390               		.text
 391               		.section	.gnu.lto_.profile.39deb8cd236e95aa,"e",@progbits
 392 0000 28B5 2FFD 		.string	"(\265/\375 \0061"
 392      2006 3100 
 393 0008 00        		.string	""
 394 0009 0200      		.string	"\002"
 395 000b 00        		.string	""
 396 000c 00        		.string	""
 397 000d 00        		.string	""
 398 000e 00        		.string	""
 399               		.text
 400               		.section	.gnu.lto_.icf.39deb8cd236e95aa,"e",@progbits
 401 0000 28B5 2FFD 		.string	"(\265/\375 A\205\001"
 401      2041 8501 
 401      00
 402 0009 3402 3500 		.string	"4\0025"
 403 000d 0400      		.string	"\004"
 404 000f 8889 F8AD 		.string	"\210\211\370\255\f\006\002"
 404      0C06 0200 
 405 0017 0102 0101 		.string	"\001\002\001\001\310\227\231\205\r\004\374\370\274c\002\003\324\376\247\325\f"
 405      C897 9985 
 405      0D04 FCF8 
 405      BC63 0203 
 405      D4FE A7D5 
 406 002d 00        		.string	""
 407 002e 0400      		.string	"\004"
 408 0030 B8A0 6D16 		.ascii	"\270\240m\026\224\313h\003X"
 408      94CB 6803 
 408      58
 409               		.text
 410               		.section	.gnu.lto_.ipa_sra.39deb8cd236e95aa,"e",@progbits
 411 0000 28B5 2FFD 		.string	"(\265/\375 .\365"
 411      202E F500 
 412 0008 00        		.string	""
 413 0009 8022 00   		.string	"\200\""
 414 000c 0400      		.string	"\004"
 415 000e 00        		.string	""
 416 000f 0101 0101 		.string	"\001\001\001\001\002\001\001\003"
 416      0201 0103 
 416      00
 417 0018 0100      		.string	"\001"
 418 001a 0500      		.string	"\005"
 419 001c 3007 4160 		.ascii	"0\007A`*\323d\006\270\2016"
 419      2AD3 6406 
 419      B881 36
 420               		.text
 421               		.section	.gnu.lto_.inline.39deb8cd236e95aa,"e",@progbits
 422 0000 28B5 2FFD 		.string	"(\265/\375 \260m\003"
 422      20B0 6D03 
 422      00
 423 0009 1405 A400 		.string	"\024\005\244"
 424 000d 0400      		.string	"\004"
 425 000f 00        		.string	""
 426 0010 0680 8080 		.string	"\006\200\200\200\300\002e\001"
 426      C002 6501 
 426      00
 427 0019 00        		.string	""
 428 001a 0280 0364 		.string	"\002\200\003d\200\002d\002"
 428      8002 6402 
 428      00
 429 0023 0200      		.string	"\002"
 430 0025 00        		.string	""
 431 0026 00        		.string	""
 432 0027 00        		.string	""
 433 0028 0100      		.string	"\001"
 434 002a 08C9 AEF4 		.string	"\b\311\256\364\272\002h\001"
 434      BA02 6801 
 434      00
 435 0033 00        		.string	""
 436 0034 020A C9AE 		.string	"\002\n\311\256\364\252\002h\002"
 436      F4AA 0268 
 436      0200 
 437 003e 09AB 97BA 		.string	"\t\253\227\272\375\003i\242\013\001"
 437      FD03 69A2 
 437      0B01 00
 438 0049 00        		.string	""
 439 004a 0190 4E00 		.string	"\001\220N"
 440 004e 0300      		.string	"\003"
 441 0050 0ACA AEF4 		.string	"\n\312\256\364\220\002j\234\272\321\353"
 441      9002 6A9C 
 441      BAD1 EB00 
 442 005c 0A00      		.string	"\n"
 443 005e 5011 00   		.string	"P\021"
 444 0061 92A4 C2B5 		.ascii	"\222\244\302\265G\345I\025\001\004\307\243\220\2739\203KP\033"
 444      47E5 4915 
 444      0104 C7A3 
 444      90BB 3983 
 444      4B50 1B
 445 0074 C002      		.ascii	"\300\002"
 446               		.text
 447               		.section	.gnu.lto_.jmpfuncs.39deb8cd236e95aa,"e",@progbits
 448 0000 28B5 2FFD 		.string	"(\265/\375 BM\001"
 448      2042 4D01 
 448      00
 449 0009 F836 00   		.string	"\3706"
 450 000c 0400      		.string	"\004"
 451 000e 00        		.string	""
 452 000f 00        		.string	""
 453 0010 0101 0103 		.string	"\001\001\001\003\177\002\003\002\002\002"
 453      7F02 0302 
 453      0202 00
 454 001b 00        		.string	""
 455 001c 01C0 0101 		.string	"\001\300\001\001"
 455      00
 456 0021 C001 01FF 		.string	"\300\001\001\377\001"
 456      0100 
 457 0027 0300      		.string	"\003"
 458 0029 0300      		.string	"\003"
 459 002b 70D2 A522 		.ascii	"p\322\245\"\322\006\260"
 459      D206 B0
 460               		.text
 461               		.section	.gnu.lto_.pureconst.39deb8cd236e95aa,"e",@progbits
 462 0000 28B5 2FFD 		.string	"(\265/\375 \021\211"
 462      2011 8900 
 463 0008 00        		.string	""
 464 0009 0D00      		.string	"\r"
 465 000b 00        		.string	""
 466 000c 00        		.string	""
 467 000d 0400      		.string	"\004"
 468 000f 9A04 019A 		.ascii	"\232\004\001\232\004\002\271\004\003\272\005"
 468      0402 B904 
 468      03BA 05
 469               		.text
 470               		.section	.gnu.lto_.ipa_modref.39deb8cd236e95aa,"e",@progbits
 471 0000 28B5 2FFD 		.string	"(\265/\375 -\355"
 471      202D ED00 
 472 0008 00        		.string	""
 473 0009 8821 00   		.string	"\210!"
 474 000c 0300      		.string	"\003"
 475 000e 0100      		.string	"\001"
 476 0010 00        		.string	""
 477 0011 0602 0114 		.string	"\006\002\001\024"
 477      00
 478 0016 00        		.string	""
 479 0017 0203 0600 		.string	"\002\003\006"
 480 001b 0400      		.string	"\004"
 481 001d 4311 6139 		.ascii	"C\021a9\003\032\206\001\026"
 481      031A 8601 
 481      16
 482               		.text
 483               		.section	.gnu.lto_.lto.39deb8cd236e95aa,"e",@progbits
 484 0000 0C00      		.string	"\f"
 485 0002 00        		.string	""
 486 0003 00        		.string	""
 487 0004 0100      		.string	"\001"
 488 0006 0100      		.string	"\001"
 489               		.text
 490               		.section	.gnu.lto_serial_init.1.39deb8cd236e95aa,"e",@progbits
 491 0000 28B5 2FFD 		.string	"(\265/\375`D"
 491      6044 00
 492 0007 E507 00   		.string	"\345\007"
 493 000a 828D 3337 		.string	"\202\21537@\217\322\001S\310q\025\316\b\302\037\207\374\367\216\364\027\246\0246\f\006\24
 493      408F D201 
 493      53C8 7115 
 493      CE08 C21F 
 493      87FC F78E 
 494 00dd 3301 637E 		.ascii	"3\001c~\206\237\271\001\310M\341\004\330\201\306\200\020\220"
 494      869F B901 
 494      C84D E104 
 494      D881 C680 
 494      1090 
 495 00ef 0FA9 8239 		.ascii	"\017\251\2029\305\342S-L\021\3025q\025\202x\031\"\\\216E;\311"
 495      C5E2 532D 
 495      4C11 C235 
 495      7115 8278 
 495      1922 5C8E 
 496               		.text
 497               		.section	.gnu.lto_serial_tx.2.39deb8cd236e95aa,"e",@progbits
 498 0000 28B5 2FFD 		.string	"(\265/\375`\347"
 498      60E7 00
 499 0007 450C 00   		.string	"E\f"
 500 000a 5616 5343 		.string	"V\026SC\020q\224\016\f\017\270\n\"\315\207\320p\\\020\224\242\217|\f\3538\013@Q+\306\003\
 500      1071 940E 
 500      0C0F B80A 
 500      22CD 87D0 
 500      705C 1094 
 501 003c 00        		.string	""
 502 003d 850B 10B6 		.string	"\205\013\020\266\373\027\256Z\260T\361\262\017M\032![\312\224\002@"
 502      FB17 AE5A 
 502      B054 F1B2 
 502      0F4D 1A21 
 502      5BCA 9402 
 503 0053 3D00      		.string	"="
 504 0055 4000      		.string	"@"
 505 0057 00        		.string	""
 506 0058 4278 9898 		.string	"Bx\230\230\261\273\232n\260f\367xiv~K\006\353S=b@\264~E\213\327\341!\300\307\021=aJ\311\3
 506      B1BB 9A6E 
 506      B066 F778 
 506      6976 7E4B 
 506      06EB 533D 
 507 0116 E2B6 CD27 		.string	"\342\266\315'\244@#\340s\1774\332h\023\231\270\023\306&\324\246\221L\245\320\203m\344@Cq\
 507      A440 23E0 
 507      737F 34DA 
 507      6813 99B8 
 507      13C6 26D4 
 508 015b 2FA4 4065 		.ascii	"/\244@e\212\314h^/#a'\f\226`.\0307\322\260p\301.\t\026\300J\023"
 508      8ACC 685E 
 508      2F23 6127 
 508      0C96 602E 
 508      1837 D2B0 
 509 0177 45CA 59A0 		.ascii	"E\312Y\240l\347\264\202\323\374[Z\001SH\200fq\220\002\275C5\255"
 509      6CE7 B482 
 509      D3FC 5B5A 
 509      0153 4880 
 509      6671 9002 
 510 018f 73CD 27   		.ascii	"s\315'"
 511               		.text
 512               		.section	.gnu.lto_serial_tx_str.3.39deb8cd236e95aa,"e",@progbits
 513 0000 28B5 2FFD 		.string	"(\265/\375`D\001U\016"
 513      6044 0155 
 513      0E00 
 514 000a A6DA 5F45 		.string	"\246\332_E"
 514      00
 515 000f B126 1D84 		.string	"\261&\035\204\022\021\210K\300#\266\233\f\374\342\257\254\266}\322\035\212\035n\205\227\3
 515      1211 884B 
 515      C023 B69B 
 515      0CFC E2AF 
 515      ACB6 7DD2 
 516 0055 4A00      		.string	"J"
 517 0057 4C00      		.string	"L"
 518 0059 2730 2FE1 		.string	"'0/\341\007\314KkvN\201\024"
 518      07CC 4B6B 
 518      764E 8114 
 518      00
 519 0066 9B99 163A 		.string	"\233\231\026:v\367R\021\216P\273\214\n5\177d\207\353P\227\361#%SB\244KE\223\257u\023\323\
 519      76F7 5211 
 519      8E50 BB8C 
 519      0A35 7F64 
 519      87EB 5097 
 520 012b A2C1 C6C2 		.string	"\242\301\306\302\317\366PPk\354\233\214\370Z\326\243\233A\n&*\031\221\032\220\b\310\356\0
 520      CFF6 5050 
 520      6BEC 9B8C 
 520      F85A D6A3 
 520      9B41 0A26 
 521 018e 2FA4 4065 		.ascii	"/\244@eJ\314hp\2426\003\033\263:i5\214\021\225\306\204M\032\233"
 521      4ACC 6870 
 521      A236 031B 
 521      B33A 6935 
 521      8C11 95C6 
 522 01a6 DF46 2863 		.ascii	"\337F(c\201\227\270\306\006\333@\302J5\013\224\302\237\346TZ"
 522      8197 B8C6 
 522      06DB 40C2 
 522      4A35 0B94 
 522      C29F E654 
 523 01bb 0784 A515 		.ascii	"\007\204\245\025\217\\\270\027\025+@\2638HE%\267gx?)w\256\371"
 523      8F5C B817 
 523      152B 40B3 
 523      3848 4525 
 523      B767 783F 
 524 01d3 04        		.ascii	"\004"
 525               		.text
 526               		.section	.gnu.lto_serial_tx_str_P.4.39deb8cd236e95aa,"e",@progbits
 527 0000 28B5 2FFD 		.string	"(\265/\375`\027\002\255\022"
 527      6017 02AD 
 527      1200 
 528 000a E622 7C4A 		.string	"\346\"|J\320\322(\035\223\216\211\202K\225\205\305\362\024L\177\005\300\376\216\030\326\0
 528      D0D2 281D 
 528      938E 8982 
 528      4B95 85C5 
 528      F214 4C7F 
 529 0028 7010 D503 		.string	"p\020\325\003\244t\205~\220\374\3050\313\220Dk\0319\3325C\316\n~\340\b _M"
 529      A474 857E 
 529      90FC C530 
 529      CB90 446B 
 529      1939 DA35 
 530 0046 5478 9637 		.string	"Tx\2267C\327\266G;&V#\204l\"wJ\001e"
 530      43D7 B647 
 530      3B26 5623 
 530      846C 2277 
 530      4A01 6500 
 531 005a 6400      		.string	"d"
 532 005c 6400      		.string	"d"
 533 005e B68C E9D3 		.string	"\266\214\351\323\276\212\367\274N\343\340\255u\026CF\255\267\005v"
 533      BE8A F7BC 
 533      4EE3 E0AD 
 533      7516 4346 
 533      ADB7 0576 
 534 0073 9E96 3EE2 		.string	"\236\226>\342\235\316\017\360N\375\262\213\n\304Bh\340"
 534      9DCE 0FF0 
 534      4EFD B28B 
 534      0AC4 4268 
 534      E000 
 535 0085 F1A8 B58A 		.string	"\361\250\265\212K\302\335|\235v;_>\201\240Y\t;\355\276\330\215\211"
 535      4BC2 DD7C 
 535      9D76 3B5F 
 535      3E81 A059 
 535      093B EDBE 
 536 009d 65AC 4BC9 		.string	"e\254K\311\031\ty(if\207\"\347\373\332\347\016\035\2632\347\363S\251\265z\316J\234\333\27
 536      1909 7928 
 536      6966 8722 
 536      E7FB DAE7 
 536      0E1D B332 
 537 010b 9EFE 3583 		.string	"\236\3765\203\274L\266\335\300\364\272\317L\b+U\330\007\033F\265\336\022\234z\002x\032\26
 537      BC4C B6DD 
 537      C0F4 BACF 
 537      4C08 2B55 
 537      D807 1B46 
 538 0192 5808 1530 		.ascii	"X\b\0250@\020\262^V!('c*\205:\235@\230U\214K5\236N \313\375 "
 538      4010 B25E 
 538      5621 2827 
 538      632A 853A 
 538      9D40 9855 
 539 01af A542 9DB0 		.ascii	"\245B\235\260\264\240\230\bp\335,&\342\n\3452\252\\%\2172(\221"
 539      B4A0 9808 
 539      70DD 2C26 
 539      E20A E532 
 539      AA5C 258F 
 540 01c6 35B6 5A60 		.ascii	"5\266Z`P\253\027QF\225r\265D\227j\345\322\"\252X-\f\242\201["
 540      50AB 1751 
 540      4695 72B5 
 540      4497 6AE5 
 540      D222 AA58 
 541 01df FDEA 4898 		.ascii	"\375\352H\230AD.Iw\347@\215\245\353n\356~g\376\214\367\355J\213"
 541      4144 2E49 
 541      77E7 408D 
 541      A5EB 6EEE 
 541      7E67 FE8C 
 542 01f7 A29A D9C3 		.ascii	"\242\232\331\303\347\017* P\202Q\316\314\003\017)PS\342h\235"
 542      E70F 2A20 
 542      5082 51CE 
 542      CC03 0F29 
 542      5053 E268 
 543 020c E7D0 2C54 		.ascii	"\347\320,T\332\002\222\032`\024\237E:\303yD\246\252\030\357]"
 543      DA02 921A 
 543      6014 9F45 
 543      3AC3 7944 
 543      A6AA 18EF 
 544 0221 3B8E AD40 		.ascii	";\216\255@\370\\\3420\272\2078\325\206\325\336\262\264X\241="
 544      F85C E230 
 544      BA87 38D5 
 544      86D5 DEB2 
 544      B458 A13D 
 545 0235 61C5 66C1 		.ascii	"a\305f\301*\327\331\022Z\3572\356#\013p-{\"\237\"h\257\272\360"
 545      2AD7 D912 
 545      5AEF 32EE 
 545      230B 702D 
 545      7B22 9F22 
 546 024d 65D2 474B 		.ascii	"e\322GK\034~-[*\322\267\273\336\373rG\240O"
 546      1C7E 2D5B 
 546      2AD2 B7BB 
 546      DEFB 7247 
 546      A04F 
 547               		.text
 548               		.section	.gnu.lto_.symbol_nodes.39deb8cd236e95aa,"e",@progbits
 549 0000 28B5 2FFD 		.string	"(\265/\375 y-\002"
 549      2079 2D02 
 549      00
 550 0009 5403 7500 		.string	"T\003u"
 551 000d 00        		.string	""
 552 000e 00        		.string	""
 553 000f 00        		.string	""
 554 0010 0201 7F04 		.string	"\002\001\177\004\200\200\200\200\004\001\220\316"
 554      8080 8080 
 554      0401 90CE 
 554      00
 555 001d 00        		.string	""
 556 001e 7F00      		.string	"\177"
 557 0020 00        		.string	""
 558 0021 BA90 8202 		.string	"\272\220\202\002\002\177\005\360\372\2508\003\177\006\004\177\007\003\002\001\221\205\327
 558      027F 05F0 
 558      FAA8 3803 
 558      7F06 047F 
 558      0703 0201 
 559 0040 0500      		.string	"\005"
 560 0042 2EC5 07C9 		.string	".\305\007\311"
 560      00
 561 0047 F4D0 89C6 		.ascii	"\364\320\211\306\r\346\030"
 561      0DE6 18
 562               		.text
 563               		.section	.gnu.lto_.refs.39deb8cd236e95aa,"e",@progbits
 564 0000 28B5 2FFD 		.string	"(\265/\375 \005)"
 564      2005 2900 
 565 0008 00        		.string	""
 566 0009 0100      		.string	"\001"
 567 000b 00        		.string	""
 568 000c 00        		.string	""
 569 000d 00        		.string	""
 570               		.text
 571               		.section	.gnu.lto_.decls.39deb8cd236e95aa,"e",@progbits
 572 0000 28B5 2FFD 		.string	"(\265/\375`\277\004E\036"
 572      60BF 0445 
 572      1E00 
 573 000a 8638 C44A 		.string	"\2068\304J\260TN:\350\017\263\336Z\376\356,<\265\034\251\236T\375\033\326\341\333T.\020~\
 573      B054 4E3A 
 573      E80F B3DE 
 573      5AFE EE2C 
 573      3CB5 1CA9 
 574 005a AB00      		.string	"\253"
 575 005c AC00      		.string	"\254"
 576 005e 4FF6 DA9F 		.string	"O\366\332\237Yp\365E-\276\030\301\340H\372\3064K\261\270\366*\355\205\262\227i\233\226\30
 576      5970 F545 
 576      2DBE 18C1 
 576      E048 FAC6 
 576      344B B1B8 
 577 00d2 7B8D 6C6F 		.ascii	"{\215lo\331\326\262=\264}e[\3126\225\355(\333<l\233\266\263l"
 577      D9D6 B23D 
 577      B47D 655B 
 577      CA36 95ED 
 577      28DB 3C6C 
 578 00ea 0328 168B 		.ascii	"\003(\026\213E\333\325\366\f\233\274\020?\2054}\242\204\310\333"
 578      45DB D5F6 
 578      0C9B BC10 
 578      3F85 347D 
 578      A284 C8DB 
 579 00fe DC81 B8E7 		.ascii	"\334\201\270\347\352e5\351|\356\037w\317\245\2730\\\213\025\006"
 579      EA65 35E9 
 579      7CEE 1F77 
 579      CFA5 BB30 
 579      5C8B 1506 
 580 0112 1153 0459 		.ascii	"\021S\004Y\341\322\255\377\017\240@\227~\253\367dg\016\370\347"
 580      E1D2 ADFF 
 580      0FA0 4097 
 580      7EAB F764 
 580      670E F8E7 
 581 0126 6A92 809F 		.ascii	"j\222\200\237\302\262\366\206\376\207xR\357_:\037\374\271\263"
 581      C2B2 F686 
 581      FE87 7852 
 581      EF5F 3A1F 
 581      FCB9 B3
 582 0139 922C E989 		.ascii	"\222,\351\211F}\207\302\007\2355\354$\"\330\241>\036M8\264\244"
 582      467D 87C2 
 582      079D 35EC 
 582      2422 D8A1 
 582      3E1E 4D38 
 583 014f 341C FA97 		.ascii	"4\034\372\227\370"
 583      F8
 584 0154 3FE9 61BE 		.string	"?\351a\276\235\t<\353\203\377w\254Dqd\f\310H\332[EUJ\221\0223\032\311:3\221\220\254\230\0
 584      9D09 3CEB 
 584      83FF 77AC 
 584      4471 640C 
 584      C848 DA5B 
 585 0255 899B ADC5 		.string	"\211\233\255\3051\376\031\201S\373\360\343\263s\303\351\tQ\033\241\323\001\310\247\006\24
 585      31FE 1981 
 585      53FB F0E3 
 585      B373 C3E9 
 585      0951 1BA1 
 586 0291 7ED0 4107 		.ascii	"~\320A\007\307&g\347\246f\200%H\250@\263\001\303\0053\247\246"
 586      C726 67E7 
 586      A666 8025 
 586      48A8 40B3 
 586      01C3 0533 
 587 02a7 D683 C3F3 		.ascii	"\326\203\303\363\243\0034\263\027\254\210d\"\0225\031I\0076^"
 587      A303 34B3 
 587      17AC 8864 
 587      2212 3519 
 587      4907 365E 
 588 02bb A20C 8658 		.ascii	"\242\f\206X\222 #\351=b\257\221\375\332)\016/ \323\375\240\320"
 588      9220 23E9 
 588      3D62 AF91 
 588      FDDA 290E 
 588      2F20 D3FD 
 589 02d1 9134 B004 		.ascii	"\2214\260\004J\226\225)\227\311\306[\3042\237\2750\255 \n\363"
 589      4A96 9529 
 589      97C9 C65B 
 589      C432 9FBD 
 589      30AD 200A 
 590 02e6 1A8E D52A 		.ascii	"\032\216\325*\b\306l\326\025uel\366\002T\021&4\222=[[]/aB,p\270"
 590      08C6 6CD6 
 590      1575 656C 
 590      F602 5411 
 590      2634 923D 
 591 0303 30B7 4656 		.ascii	"0\267FV\326j\005a\276d\020\251\020\342\325\202I\"\306E\245J\003"
 591      D66A 0561 
 591      BE64 10A9 
 591      10E2 D582 
 591      4922 C645 
 592 031a 54B0 2A55 		.ascii	"T\260*U\250\221,c\230C\306\310\314H 2a\266)6\260\002\2311\325"
 592      A891 2C63 
 592      9843 C6C8 
 592      CC48 2032 
 592      61B6 2936 
 593 0333 0611 702D 		.ascii	"\006\021p-\243\206\204\246i\315!\223\322N\032\214\216#_\350q"
 593      A386 84A6 
 593      69CD 2193 
 593      D24E 1A8C 
 593      8E23 5FE8 
 594 0348 BD4C AD6A 		.ascii	"\275L\255j\221!PzC\303\375\365\f\336\326\235\320\207\202\372"
 594      9121 507A 
 594      43C3 FDF5 
 594      0CDE D69D 
 594      D087 82FA 
 595 035c 1729 58B0 		.ascii	"\027)X\260\023f?V\0068\245y\202^5@\213\024\177\312\274\313\267"
 595      1366 3F56 
 595      0638 A579 
 595      825E 3540 
 595      8B14 7FCA 
 596 0373 D731 D269 		.ascii	"\3271\322i\3773\267H{\r\367\020E\251\301>\213\177c\253\300\323"
 596      FF33 B748 
 596      7B0D F710 
 596      45A9 C13E 
 596      8B7F 63AB 
 597 0389 3938 11EC 		.ascii	"98\021\354\300\240\330\206K\f\\\231\201,\264T.\034B\244I\"\317"
 597      C0A0 D886 
 597      4B0C 5C99 
 597      812C B454 
 597      2E1C 42A4 
 598 03a0 831D 72E1 		.ascii	"\203\035r\341\352P\007\351Lh\035`\267\255\205!\205\370\025\226"
 598      EA50 07E9 
 598      4C68 1D60 
 598      B7AD 8521 
 598      85F8 1596 
 599 03b4 98F6 8CBE 		.ascii	"\230\366\214\276\341D\032\213\n\314\252\212\316\344A\216\327"
 599      E144 1A8B 
 599      0ACC AA8A 
 599      CEE4 418E 
 599      D7
 600 03c5 3C1E BBC0 		.ascii	"<\036\273\300u~\013\036\370\006\353,5"
 600      757E 0B1E 
 600      F806 EB2C 
 600      35
 601               		.text
 602               		.section	.gnu.lto_.symtab.39deb8cd236e95aa,"e",@progbits
 603 0000 7365 7269 		.string	"serial_init"
 603      616C 5F69 
 603      6E69 7400 
 604 000c 00        		.string	""
 605 000d 00        		.string	""
 606 000e 00        		.string	""
 607 000f 00        		.string	""
 608 0010 00        		.string	""
 609 0011 00        		.string	""
 610 0012 00        		.string	""
 611 0013 00        		.string	""
 612 0014 00        		.string	""
 613 0015 00        		.string	""
 614 0016 00        		.string	""
 615 0017 CD00      		.string	"\315"
 616 0019 00        		.string	""
 617 001a 00        		.string	""
 618 001b 7365 7269 		.string	"serial_tx"
 618      616C 5F74 
 618      7800 
 619 0025 00        		.string	""
 620 0026 00        		.string	""
 621 0027 00        		.string	""
 622 0028 00        		.string	""
 623 0029 00        		.string	""
 624 002a 00        		.string	""
 625 002b 00        		.string	""
 626 002c 00        		.string	""
 627 002d 00        		.string	""
 628 002e 00        		.string	""
 629 002f 00        		.string	""
 630 0030 D100      		.string	"\321"
 631 0032 00        		.string	""
 632 0033 00        		.string	""
 633 0034 7365 7269 		.string	"serial_tx_str"
 633      616C 5F74 
 633      785F 7374 
 633      7200 
 634 0042 00        		.string	""
 635 0043 00        		.string	""
 636 0044 00        		.string	""
 637 0045 00        		.string	""
 638 0046 00        		.string	""
 639 0047 00        		.string	""
 640 0048 00        		.string	""
 641 0049 00        		.string	""
 642 004a 00        		.string	""
 643 004b 00        		.string	""
 644 004c 00        		.string	""
 645 004d D500      		.string	"\325"
 646 004f 00        		.string	""
 647 0050 00        		.string	""
 648 0051 7365 7269 		.string	"serial_tx_str_P"
 648      616C 5F74 
 648      785F 7374 
 648      725F 5000 
 649 0061 00        		.string	""
 650 0062 00        		.string	""
 651 0063 00        		.string	""
 652 0064 00        		.string	""
 653 0065 00        		.string	""
 654 0066 00        		.string	""
 655 0067 00        		.string	""
 656 0068 00        		.string	""
 657 0069 00        		.string	""
 658 006a 00        		.string	""
 659 006b 00        		.string	""
 660 006c D700      		.string	"\327"
 661 006e 00        		.string	""
 662 006f 00        		.string	""
 663               		.text
 664               		.section	.gnu.lto_.ext_symtab.39deb8cd236e95aa,"e",@progbits
 665 0000 01        		.ascii	"\001"
 666 0001 01        		.ascii	"\001"
 667 0002 00        		.string	""
 668 0003 01        		.ascii	"\001"
 669 0004 00        		.string	""
 670 0005 01        		.ascii	"\001"
 671 0006 00        		.string	""
 672 0007 01        		.ascii	"\001"
 673 0008 00        		.string	""
 674               		.text
 675               		.section	.gnu.lto_.opts,"e",@progbits
 676 0000 272D 666E 		.ascii	"'-fno-ope"
 676      6F2D 6F70 
 676      65
 677 0009 6E6D 7027 		.string	"nmp' '-fno-openacc' '-fno-pie' '-fcf-protection=none' '-g' '-mn-flash=1' '-mno-skip-bug' 
 677      2027 2D66 
 677      6E6F 2D6F 
 677      7065 6E61 
 677      6363 2720 
 678               		.text
 679               		.comm	__gnu_lto_slim,1,1
 680               		.ident	"GCC: (GNU) 12.2.0"
DEFINED SYMBOLS
                            *ABS*:00000000 serial.c
     /tmp/cclKxdh4.s:2      *ABS*:0000003e __SP_H__
     /tmp/cclKxdh4.s:3      *ABS*:0000003d __SP_L__
     /tmp/cclKxdh4.s:4      *ABS*:0000003f __SREG__
     /tmp/cclKxdh4.s:5      *ABS*:00000000 __tmp_reg__
     /tmp/cclKxdh4.s:6      *ABS*:00000001 __zero_reg__
     /tmp/cclKxdh4.s:13     .gnu.debuglto_.debug_info:00000000 serial.c.6fc1aed4
                            *COM*:00000001 __gnu_lto_slim
     /tmp/cclKxdh4.s:129    .gnu.debuglto_.debug_abbrev:00000000 .Ldebug_abbrev0
     /tmp/cclKxdh4.s:295    .gnu.debuglto_.debug_line:00000000 .Ldebug_line0

NO UNDEFINED SYMBOLS
