   1               		.file	"german.c"
   2               	__SP_H__ = 0x3e
   3               	__SP_L__ = 0x3d
   4               	__SREG__ = 0x3f
   5               	__tmp_reg__ = 0
   6               	__zero_reg__ = 1
   7               		.file 1 "/usr/lib/gcc/avr/12.2.0/include/stdint-gcc.h"
   8               		.file 2 "../../types/types.h"
   9               		.file 3 "../../keyboard/keyboard-shared.h"
  10               		.file 4 "../../keyboard/german.c"
  11               		.file 5 "../../keyboard/keys.h"
  12               		.file 6 "/usr/avr/include/ctype.h"
  13               		.section	.gnu.debuglto_.debug_info,"e",@progbits
  14               	.Ldebug_info0:
  15               		.hidden	german.c.d95371e0
  16               		.weak	german.c.d95371e0
  17               	german.c.d95371e0:
  18 0000 E203 0000 		.long	0x3e2
  19 0004 0500      		.word	0x5
  20 0006 01        		.byte	0x1
  21 0007 04        		.byte	0x4
  22 0008 0000 0000 		.long	.Ldebug_abbrev0
  23 000c 09        		.uleb128 0x9
  24 000d 0000 0000 		.long	.LASF124
  25 0011 0C        		.byte	0xc
  26 0012 0000 0000 		.long	.LASF0
  27 0016 0000 0000 		.long	.LASF1
  28 001a 0000 0000 		.long	.Ldebug_line0
  29 001e 0A        		.uleb128 0xa
  30 001f 02        		.byte	0x2
  31 0020 05        		.byte	0x5
  32 0021 696E 7400 		.string	"int"
  33 0025 02        		.uleb128 0x2
  34 0026 02        		.byte	0x2
  35 0027 07        		.byte	0x7
  36 0028 0000 0000 		.long	.LASF2
  37 002c 02        		.uleb128 0x2
  38 002d 01        		.byte	0x1
  39 002e 06        		.byte	0x6
  40 002f 0000 0000 		.long	.LASF3
  41 0033 06        		.uleb128 0x6
  42 0034 0000 0000 		.long	.LASF7
  43 0038 28        		.byte	0x28
  44 0039 18        		.byte	0x18
  45 003a 3E00 0000 		.long	0x3e
  46 003e 02        		.uleb128 0x2
  47 003f 04        		.byte	0x4
  48 0040 05        		.byte	0x5
  49 0041 0000 0000 		.long	.LASF4
  50 0045 02        		.uleb128 0x2
  51 0046 08        		.byte	0x8
  52 0047 05        		.byte	0x5
  53 0048 0000 0000 		.long	.LASF5
  54 004c 02        		.uleb128 0x2
  55 004d 01        		.byte	0x1
  56 004e 08        		.byte	0x8
  57 004f 0000 0000 		.long	.LASF6
  58 0053 06        		.uleb128 0x6
  59 0054 0000 0000 		.long	.LASF8
  60 0058 34        		.byte	0x34
  61 0059 19        		.byte	0x19
  62 005a 5E00 0000 		.long	0x5e
  63 005e 02        		.uleb128 0x2
  64 005f 04        		.byte	0x4
  65 0060 07        		.byte	0x7
  66 0061 0000 0000 		.long	.LASF9
  67 0065 02        		.uleb128 0x2
  68 0066 08        		.byte	0x8
  69 0067 07        		.byte	0x7
  70 0068 0000 0000 		.long	.LASF10
  71 006c 04        		.uleb128 0x4
  72 006d 6933 3200 		.string	"i32"
  73 0071 02        		.byte	0x2
  74 0072 14        		.byte	0x14
  75 0073 11        		.byte	0x11
  76 0074 3300 0000 		.long	0x33
  77 0078 05        		.uleb128 0x5
  78 0079 6C00 0000 		.long	0x6c
  79 007d 04        		.uleb128 0x4
  80 007e 7533 3200 		.string	"u32"
  81 0082 02        		.byte	0x2
  82 0083 20        		.byte	0x20
  83 0084 12        		.byte	0x12
  84 0085 5300 0000 		.long	0x53
  85 0089 02        		.uleb128 0x2
  86 008a 04        		.byte	0x4
  87 008b 04        		.byte	0x4
  88 008c 0000 0000 		.long	.LASF11
  89 0090 02        		.uleb128 0x2
  90 0091 04        		.byte	0x4
  91 0092 04        		.byte	0x4
  92 0093 0000 0000 		.long	.LASF12
  93 0097 0B        		.uleb128 0xb
  94 0098 07        		.byte	0x7
  95 0099 01        		.byte	0x1
  96 009a 4C00 0000 		.long	0x4c
  97 009e 05        		.byte	0x5
  98 009f 0F        		.byte	0xf
  99 00a0 01        		.byte	0x1
 100 00a1 2203 0000 		.long	0x322
 101 00a5 01        		.uleb128 0x1
 102 00a6 0000 0000 		.long	.LASF13
 103 00aa 00        		.byte	0
 104 00ab 01        		.uleb128 0x1
 105 00ac 0000 0000 		.long	.LASF14
 106 00b0 04        		.byte	0x4
 107 00b1 01        		.uleb128 0x1
 108 00b2 0000 0000 		.long	.LASF15
 109 00b6 05        		.byte	0x5
 110 00b7 01        		.uleb128 0x1
 111 00b8 0000 0000 		.long	.LASF16
 112 00bc 06        		.byte	0x6
 113 00bd 01        		.uleb128 0x1
 114 00be 0000 0000 		.long	.LASF17
 115 00c2 07        		.byte	0x7
 116 00c3 01        		.uleb128 0x1
 117 00c4 0000 0000 		.long	.LASF18
 118 00c8 08        		.byte	0x8
 119 00c9 01        		.uleb128 0x1
 120 00ca 0000 0000 		.long	.LASF19
 121 00ce 09        		.byte	0x9
 122 00cf 01        		.uleb128 0x1
 123 00d0 0000 0000 		.long	.LASF20
 124 00d4 0A        		.byte	0xa
 125 00d5 01        		.uleb128 0x1
 126 00d6 0000 0000 		.long	.LASF21
 127 00da 0B        		.byte	0xb
 128 00db 01        		.uleb128 0x1
 129 00dc 0000 0000 		.long	.LASF22
 130 00e0 0C        		.byte	0xc
 131 00e1 01        		.uleb128 0x1
 132 00e2 0000 0000 		.long	.LASF23
 133 00e6 0D        		.byte	0xd
 134 00e7 01        		.uleb128 0x1
 135 00e8 0000 0000 		.long	.LASF24
 136 00ec 0E        		.byte	0xe
 137 00ed 01        		.uleb128 0x1
 138 00ee 0000 0000 		.long	.LASF25
 139 00f2 0F        		.byte	0xf
 140 00f3 01        		.uleb128 0x1
 141 00f4 0000 0000 		.long	.LASF26
 142 00f8 10        		.byte	0x10
 143 00f9 01        		.uleb128 0x1
 144 00fa 0000 0000 		.long	.LASF27
 145 00fe 11        		.byte	0x11
 146 00ff 01        		.uleb128 0x1
 147 0100 0000 0000 		.long	.LASF28
 148 0104 12        		.byte	0x12
 149 0105 01        		.uleb128 0x1
 150 0106 0000 0000 		.long	.LASF29
 151 010a 13        		.byte	0x13
 152 010b 01        		.uleb128 0x1
 153 010c 0000 0000 		.long	.LASF30
 154 0110 14        		.byte	0x14
 155 0111 01        		.uleb128 0x1
 156 0112 0000 0000 		.long	.LASF31
 157 0116 15        		.byte	0x15
 158 0117 01        		.uleb128 0x1
 159 0118 0000 0000 		.long	.LASF32
 160 011c 16        		.byte	0x16
 161 011d 01        		.uleb128 0x1
 162 011e 0000 0000 		.long	.LASF33
 163 0122 17        		.byte	0x17
 164 0123 01        		.uleb128 0x1
 165 0124 0000 0000 		.long	.LASF34
 166 0128 18        		.byte	0x18
 167 0129 01        		.uleb128 0x1
 168 012a 0000 0000 		.long	.LASF35
 169 012e 19        		.byte	0x19
 170 012f 01        		.uleb128 0x1
 171 0130 0000 0000 		.long	.LASF36
 172 0134 1A        		.byte	0x1a
 173 0135 01        		.uleb128 0x1
 174 0136 0000 0000 		.long	.LASF37
 175 013a 1B        		.byte	0x1b
 176 013b 01        		.uleb128 0x1
 177 013c 0000 0000 		.long	.LASF38
 178 0140 1C        		.byte	0x1c
 179 0141 01        		.uleb128 0x1
 180 0142 0000 0000 		.long	.LASF39
 181 0146 1D        		.byte	0x1d
 182 0147 01        		.uleb128 0x1
 183 0148 0000 0000 		.long	.LASF40
 184 014c 1E        		.byte	0x1e
 185 014d 01        		.uleb128 0x1
 186 014e 0000 0000 		.long	.LASF41
 187 0152 1F        		.byte	0x1f
 188 0153 01        		.uleb128 0x1
 189 0154 0000 0000 		.long	.LASF42
 190 0158 20        		.byte	0x20
 191 0159 01        		.uleb128 0x1
 192 015a 0000 0000 		.long	.LASF43
 193 015e 21        		.byte	0x21
 194 015f 01        		.uleb128 0x1
 195 0160 0000 0000 		.long	.LASF44
 196 0164 22        		.byte	0x22
 197 0165 01        		.uleb128 0x1
 198 0166 0000 0000 		.long	.LASF45
 199 016a 23        		.byte	0x23
 200 016b 01        		.uleb128 0x1
 201 016c 0000 0000 		.long	.LASF46
 202 0170 24        		.byte	0x24
 203 0171 01        		.uleb128 0x1
 204 0172 0000 0000 		.long	.LASF47
 205 0176 25        		.byte	0x25
 206 0177 01        		.uleb128 0x1
 207 0178 0000 0000 		.long	.LASF48
 208 017c 26        		.byte	0x26
 209 017d 01        		.uleb128 0x1
 210 017e 0000 0000 		.long	.LASF49
 211 0182 27        		.byte	0x27
 212 0183 01        		.uleb128 0x1
 213 0184 0000 0000 		.long	.LASF50
 214 0188 28        		.byte	0x28
 215 0189 01        		.uleb128 0x1
 216 018a 0000 0000 		.long	.LASF51
 217 018e 29        		.byte	0x29
 218 018f 01        		.uleb128 0x1
 219 0190 0000 0000 		.long	.LASF52
 220 0194 2A        		.byte	0x2a
 221 0195 01        		.uleb128 0x1
 222 0196 0000 0000 		.long	.LASF53
 223 019a 2B        		.byte	0x2b
 224 019b 01        		.uleb128 0x1
 225 019c 0000 0000 		.long	.LASF54
 226 01a0 2C        		.byte	0x2c
 227 01a1 01        		.uleb128 0x1
 228 01a2 0000 0000 		.long	.LASF55
 229 01a6 2D        		.byte	0x2d
 230 01a7 01        		.uleb128 0x1
 231 01a8 0000 0000 		.long	.LASF56
 232 01ac 2E        		.byte	0x2e
 233 01ad 01        		.uleb128 0x1
 234 01ae 0000 0000 		.long	.LASF57
 235 01b2 2F        		.byte	0x2f
 236 01b3 01        		.uleb128 0x1
 237 01b4 0000 0000 		.long	.LASF58
 238 01b8 30        		.byte	0x30
 239 01b9 01        		.uleb128 0x1
 240 01ba 0000 0000 		.long	.LASF59
 241 01be 31        		.byte	0x31
 242 01bf 01        		.uleb128 0x1
 243 01c0 0000 0000 		.long	.LASF60
 244 01c4 33        		.byte	0x33
 245 01c5 01        		.uleb128 0x1
 246 01c6 0000 0000 		.long	.LASF61
 247 01ca 34        		.byte	0x34
 248 01cb 01        		.uleb128 0x1
 249 01cc 0000 0000 		.long	.LASF62
 250 01d0 35        		.byte	0x35
 251 01d1 01        		.uleb128 0x1
 252 01d2 0000 0000 		.long	.LASF63
 253 01d6 36        		.byte	0x36
 254 01d7 01        		.uleb128 0x1
 255 01d8 0000 0000 		.long	.LASF64
 256 01dc 37        		.byte	0x37
 257 01dd 01        		.uleb128 0x1
 258 01de 0000 0000 		.long	.LASF65
 259 01e2 38        		.byte	0x38
 260 01e3 01        		.uleb128 0x1
 261 01e4 0000 0000 		.long	.LASF66
 262 01e8 39        		.byte	0x39
 263 01e9 01        		.uleb128 0x1
 264 01ea 0000 0000 		.long	.LASF67
 265 01ee 3A        		.byte	0x3a
 266 01ef 01        		.uleb128 0x1
 267 01f0 0000 0000 		.long	.LASF68
 268 01f4 3B        		.byte	0x3b
 269 01f5 01        		.uleb128 0x1
 270 01f6 0000 0000 		.long	.LASF69
 271 01fa 3C        		.byte	0x3c
 272 01fb 01        		.uleb128 0x1
 273 01fc 0000 0000 		.long	.LASF70
 274 0200 3D        		.byte	0x3d
 275 0201 01        		.uleb128 0x1
 276 0202 0000 0000 		.long	.LASF71
 277 0206 3E        		.byte	0x3e
 278 0207 01        		.uleb128 0x1
 279 0208 0000 0000 		.long	.LASF72
 280 020c 3F        		.byte	0x3f
 281 020d 01        		.uleb128 0x1
 282 020e 0000 0000 		.long	.LASF73
 283 0212 40        		.byte	0x40
 284 0213 01        		.uleb128 0x1
 285 0214 0000 0000 		.long	.LASF74
 286 0218 41        		.byte	0x41
 287 0219 01        		.uleb128 0x1
 288 021a 0000 0000 		.long	.LASF75
 289 021e 42        		.byte	0x42
 290 021f 01        		.uleb128 0x1
 291 0220 0000 0000 		.long	.LASF76
 292 0224 43        		.byte	0x43
 293 0225 01        		.uleb128 0x1
 294 0226 0000 0000 		.long	.LASF77
 295 022a 44        		.byte	0x44
 296 022b 01        		.uleb128 0x1
 297 022c 0000 0000 		.long	.LASF78
 298 0230 45        		.byte	0x45
 299 0231 01        		.uleb128 0x1
 300 0232 0000 0000 		.long	.LASF79
 301 0236 46        		.byte	0x46
 302 0237 01        		.uleb128 0x1
 303 0238 0000 0000 		.long	.LASF80
 304 023c 47        		.byte	0x47
 305 023d 01        		.uleb128 0x1
 306 023e 0000 0000 		.long	.LASF81
 307 0242 48        		.byte	0x48
 308 0243 01        		.uleb128 0x1
 309 0244 0000 0000 		.long	.LASF82
 310 0248 49        		.byte	0x49
 311 0249 01        		.uleb128 0x1
 312 024a 0000 0000 		.long	.LASF83
 313 024e 4A        		.byte	0x4a
 314 024f 01        		.uleb128 0x1
 315 0250 0000 0000 		.long	.LASF84
 316 0254 4B        		.byte	0x4b
 317 0255 01        		.uleb128 0x1
 318 0256 0000 0000 		.long	.LASF85
 319 025a 4C        		.byte	0x4c
 320 025b 01        		.uleb128 0x1
 321 025c 0000 0000 		.long	.LASF86
 322 0260 4D        		.byte	0x4d
 323 0261 01        		.uleb128 0x1
 324 0262 0000 0000 		.long	.LASF87
 325 0266 4E        		.byte	0x4e
 326 0267 01        		.uleb128 0x1
 327 0268 0000 0000 		.long	.LASF88
 328 026c 4F        		.byte	0x4f
 329 026d 01        		.uleb128 0x1
 330 026e 0000 0000 		.long	.LASF89
 331 0272 50        		.byte	0x50
 332 0273 01        		.uleb128 0x1
 333 0274 0000 0000 		.long	.LASF90
 334 0278 51        		.byte	0x51
 335 0279 01        		.uleb128 0x1
 336 027a 0000 0000 		.long	.LASF91
 337 027e 52        		.byte	0x52
 338 027f 01        		.uleb128 0x1
 339 0280 0000 0000 		.long	.LASF92
 340 0284 54        		.byte	0x54
 341 0285 01        		.uleb128 0x1
 342 0286 0000 0000 		.long	.LASF93
 343 028a 55        		.byte	0x55
 344 028b 01        		.uleb128 0x1
 345 028c 0000 0000 		.long	.LASF94
 346 0290 56        		.byte	0x56
 347 0291 01        		.uleb128 0x1
 348 0292 0000 0000 		.long	.LASF95
 349 0296 57        		.byte	0x57
 350 0297 01        		.uleb128 0x1
 351 0298 0000 0000 		.long	.LASF96
 352 029c 58        		.byte	0x58
 353 029d 01        		.uleb128 0x1
 354 029e 0000 0000 		.long	.LASF97
 355 02a2 59        		.byte	0x59
 356 02a3 01        		.uleb128 0x1
 357 02a4 0000 0000 		.long	.LASF98
 358 02a8 5A        		.byte	0x5a
 359 02a9 01        		.uleb128 0x1
 360 02aa 0000 0000 		.long	.LASF99
 361 02ae 5B        		.byte	0x5b
 362 02af 01        		.uleb128 0x1
 363 02b0 0000 0000 		.long	.LASF100
 364 02b4 5C        		.byte	0x5c
 365 02b5 01        		.uleb128 0x1
 366 02b6 0000 0000 		.long	.LASF101
 367 02ba 5D        		.byte	0x5d
 368 02bb 01        		.uleb128 0x1
 369 02bc 0000 0000 		.long	.LASF102
 370 02c0 5E        		.byte	0x5e
 371 02c1 01        		.uleb128 0x1
 372 02c2 0000 0000 		.long	.LASF103
 373 02c6 5F        		.byte	0x5f
 374 02c7 01        		.uleb128 0x1
 375 02c8 0000 0000 		.long	.LASF104
 376 02cc 60        		.byte	0x60
 377 02cd 01        		.uleb128 0x1
 378 02ce 0000 0000 		.long	.LASF105
 379 02d2 61        		.byte	0x61
 380 02d3 01        		.uleb128 0x1
 381 02d4 0000 0000 		.long	.LASF106
 382 02d8 62        		.byte	0x62
 383 02d9 01        		.uleb128 0x1
 384 02da 0000 0000 		.long	.LASF107
 385 02de 63        		.byte	0x63
 386 02df 01        		.uleb128 0x1
 387 02e0 0000 0000 		.long	.LASF108
 388 02e4 64        		.byte	0x64
 389 02e5 01        		.uleb128 0x1
 390 02e6 0000 0000 		.long	.LASF109
 391 02ea 67        		.byte	0x67
 392 02eb 01        		.uleb128 0x1
 393 02ec 0000 0000 		.long	.LASF110
 394 02f0 E0        		.byte	0xe0
 395 02f1 01        		.uleb128 0x1
 396 02f2 0000 0000 		.long	.LASF111
 397 02f6 E1        		.byte	0xe1
 398 02f7 01        		.uleb128 0x1
 399 02f8 0000 0000 		.long	.LASF112
 400 02fc E2        		.byte	0xe2
 401 02fd 01        		.uleb128 0x1
 402 02fe 0000 0000 		.long	.LASF113
 403 0302 E3        		.byte	0xe3
 404 0303 01        		.uleb128 0x1
 405 0304 0000 0000 		.long	.LASF114
 406 0308 E4        		.byte	0xe4
 407 0309 01        		.uleb128 0x1
 408 030a 0000 0000 		.long	.LASF115
 409 030e E5        		.byte	0xe5
 410 030f 01        		.uleb128 0x1
 411 0310 0000 0000 		.long	.LASF116
 412 0314 E6        		.byte	0xe6
 413 0315 01        		.uleb128 0x1
 414 0316 0000 0000 		.long	.LASF117
 415 031a E7        		.byte	0xe7
 416 031b 01        		.uleb128 0x1
 417 031c 0000 0000 		.long	.LASF118
 418 0320 E8        		.byte	0xe8
 419 0321 00        		.byte	0
 420 0322 04        		.uleb128 0x4
 421 0323 4B65 7900 		.string	"Key"
 422 0327 03        		.byte	0x3
 423 0328 18        		.byte	0x18
 424 0329 0D        		.byte	0xd
 425 032a 7D00 0000 		.long	0x7d
 426 032e 0C        		.uleb128 0xc
 427 032f 0000 0000 		.long	.LASF125
 428 0333 06        		.byte	0x6
 429 0334 B9        		.byte	0xb9
 430 0335 0C        		.byte	0xc
 431 0336 1E00 0000 		.long	0x1e
 432 033a 4403 0000 		.long	0x344
 433 033e 0D        		.uleb128 0xd
 434 033f 1E00 0000 		.long	0x1e
 435 0343 00        		.byte	0
 436 0344 0E        		.uleb128 0xe
 437 0345 0000 0000 		.long	.LASF126
 438 0349 04        		.byte	0x4
 439 034a 31        		.byte	0x31
 440 034b 05        		.byte	0x5
 441 034c 6C00 0000 		.long	0x6c
 442 0350 A503 0000 		.long	0x3a5
 443 0354 07        		.uleb128 0x7
 444 0355 6B00      		.string	"k"
 445 0357 04        		.byte	0x4
 446 0358 31        		.byte	0x31
 447 0359 1A        		.byte	0x1a
 448 035a 2203 0000 		.long	0x322
 449 035e 03        		.uleb128 0x3
 450 035f 0000 0000 		.long	.LASF119
 451 0363 33        		.byte	0x33
 452 0364 06        		.byte	0x6
 453 0365 2203 0000 		.long	0x322
 454 0369 0F        		.uleb128 0xf
 455 036a 7703 0000 		.long	0x377
 456 036e 08        		.uleb128 0x8
 457 036f 6300      		.string	"c"
 458 0371 55        		.byte	0x55
 459 0372 6C00 0000 		.long	0x6c
 460 0376 00        		.byte	0
 461 0377 10        		.uleb128 0x10
 462 0378 03        		.uleb128 0x3
 463 0379 0000 0000 		.long	.LASF120
 464 037d 69        		.byte	0x69
 465 037e 16        		.byte	0x16
 466 037f A503 0000 		.long	0x3a5
 467 0383 03        		.uleb128 0x3
 468 0384 0000 0000 		.long	.LASF121
 469 0388 6B        		.byte	0x6b
 470 0389 14        		.byte	0x14
 471 038a C703 0000 		.long	0x3c7
 472 038e 03        		.uleb128 0x3
 473 038f 0000 0000 		.long	.LASF122
 474 0393 6E        		.byte	0x6e
 475 0394 14        		.byte	0x14
 476 0395 C703 0000 		.long	0x3c7
 477 0399 08        		.uleb128 0x8
 478 039a 6964 7800 		.string	"idx"
 479 039e 71        		.byte	0x71
 480 039f 7D00 0000 		.long	0x7d
 481 03a3 00        		.byte	0
 482 03a4 00        		.byte	0
 483 03a5 11        		.uleb128 0x11
 484 03a6 02        		.byte	0x2
 485 03a7 B203 0000 		.long	0x3b2
 486 03ab 02        		.uleb128 0x2
 487 03ac 01        		.byte	0x1
 488 03ad 08        		.byte	0x8
 489 03ae 0000 0000 		.long	.LASF123
 490 03b2 05        		.uleb128 0x5
 491 03b3 AB03 0000 		.long	0x3ab
 492 03b7 12        		.uleb128 0x12
 493 03b8 7800 0000 		.long	0x78
 494 03bc C703 0000 		.long	0x3c7
 495 03c0 13        		.uleb128 0x13
 496 03c1 2500 0000 		.long	0x25
 497 03c5 09        		.byte	0x9
 498 03c6 00        		.byte	0
 499 03c7 05        		.uleb128 0x5
 500 03c8 B703 0000 		.long	0x3b7
 501 03cc 14        		.uleb128 0x14
 502 03cd 0000 0000 		.long	.LASF127
 503 03d1 03        		.byte	0x3
 504 03d2 20        		.byte	0x20
 505 03d3 13        		.byte	0x13
 506 03d4 2203 0000 		.long	0x322
 507 03d8 07        		.uleb128 0x7
 508 03d9 6B65 7900 		.string	"key"
 509 03dd 03        		.byte	0x3
 510 03de 20        		.byte	0x20
 511 03df 26        		.byte	0x26
 512 03e0 2203 0000 		.long	0x322
 513 03e4 00        		.byte	0
 514 03e5 00        		.byte	0
 515               		.section	.gnu.debuglto_.debug_abbrev,"e",@progbits
 516               	.Ldebug_abbrev0:
 517 0000 01        		.uleb128 0x1
 518 0001 28        		.uleb128 0x28
 519 0002 00        		.byte	0
 520 0003 03        		.uleb128 0x3
 521 0004 0E        		.uleb128 0xe
 522 0005 1C        		.uleb128 0x1c
 523 0006 0B        		.uleb128 0xb
 524 0007 00        		.byte	0
 525 0008 00        		.byte	0
 526 0009 02        		.uleb128 0x2
 527 000a 24        		.uleb128 0x24
 528 000b 00        		.byte	0
 529 000c 0B        		.uleb128 0xb
 530 000d 0B        		.uleb128 0xb
 531 000e 3E        		.uleb128 0x3e
 532 000f 0B        		.uleb128 0xb
 533 0010 03        		.uleb128 0x3
 534 0011 0E        		.uleb128 0xe
 535 0012 00        		.byte	0
 536 0013 00        		.byte	0
 537 0014 03        		.uleb128 0x3
 538 0015 34        		.uleb128 0x34
 539 0016 00        		.byte	0
 540 0017 03        		.uleb128 0x3
 541 0018 0E        		.uleb128 0xe
 542 0019 3A        		.uleb128 0x3a
 543 001a 21        		.uleb128 0x21
 544 001b 04        		.sleb128 4
 545 001c 3B        		.uleb128 0x3b
 546 001d 0B        		.uleb128 0xb
 547 001e 39        		.uleb128 0x39
 548 001f 0B        		.uleb128 0xb
 549 0020 49        		.uleb128 0x49
 550 0021 13        		.uleb128 0x13
 551 0022 00        		.byte	0
 552 0023 00        		.byte	0
 553 0024 04        		.uleb128 0x4
 554 0025 16        		.uleb128 0x16
 555 0026 00        		.byte	0
 556 0027 03        		.uleb128 0x3
 557 0028 08        		.uleb128 0x8
 558 0029 3A        		.uleb128 0x3a
 559 002a 0B        		.uleb128 0xb
 560 002b 3B        		.uleb128 0x3b
 561 002c 0B        		.uleb128 0xb
 562 002d 39        		.uleb128 0x39
 563 002e 0B        		.uleb128 0xb
 564 002f 49        		.uleb128 0x49
 565 0030 13        		.uleb128 0x13
 566 0031 00        		.byte	0
 567 0032 00        		.byte	0
 568 0033 05        		.uleb128 0x5
 569 0034 26        		.uleb128 0x26
 570 0035 00        		.byte	0
 571 0036 49        		.uleb128 0x49
 572 0037 13        		.uleb128 0x13
 573 0038 00        		.byte	0
 574 0039 00        		.byte	0
 575 003a 06        		.uleb128 0x6
 576 003b 16        		.uleb128 0x16
 577 003c 00        		.byte	0
 578 003d 03        		.uleb128 0x3
 579 003e 0E        		.uleb128 0xe
 580 003f 3A        		.uleb128 0x3a
 581 0040 21        		.uleb128 0x21
 582 0041 01        		.sleb128 1
 583 0042 3B        		.uleb128 0x3b
 584 0043 0B        		.uleb128 0xb
 585 0044 39        		.uleb128 0x39
 586 0045 0B        		.uleb128 0xb
 587 0046 49        		.uleb128 0x49
 588 0047 13        		.uleb128 0x13
 589 0048 00        		.byte	0
 590 0049 00        		.byte	0
 591 004a 07        		.uleb128 0x7
 592 004b 05        		.uleb128 0x5
 593 004c 00        		.byte	0
 594 004d 03        		.uleb128 0x3
 595 004e 08        		.uleb128 0x8
 596 004f 3A        		.uleb128 0x3a
 597 0050 0B        		.uleb128 0xb
 598 0051 3B        		.uleb128 0x3b
 599 0052 0B        		.uleb128 0xb
 600 0053 39        		.uleb128 0x39
 601 0054 0B        		.uleb128 0xb
 602 0055 49        		.uleb128 0x49
 603 0056 13        		.uleb128 0x13
 604 0057 00        		.byte	0
 605 0058 00        		.byte	0
 606 0059 08        		.uleb128 0x8
 607 005a 34        		.uleb128 0x34
 608 005b 00        		.byte	0
 609 005c 03        		.uleb128 0x3
 610 005d 08        		.uleb128 0x8
 611 005e 3A        		.uleb128 0x3a
 612 005f 21        		.uleb128 0x21
 613 0060 04        		.sleb128 4
 614 0061 3B        		.uleb128 0x3b
 615 0062 0B        		.uleb128 0xb
 616 0063 39        		.uleb128 0x39
 617 0064 21        		.uleb128 0x21
 618 0065 07        		.sleb128 7
 619 0066 49        		.uleb128 0x49
 620 0067 13        		.uleb128 0x13
 621 0068 00        		.byte	0
 622 0069 00        		.byte	0
 623 006a 09        		.uleb128 0x9
 624 006b 11        		.uleb128 0x11
 625 006c 01        		.byte	0x1
 626 006d 25        		.uleb128 0x25
 627 006e 0E        		.uleb128 0xe
 628 006f 13        		.uleb128 0x13
 629 0070 0B        		.uleb128 0xb
 630 0071 03        		.uleb128 0x3
 631 0072 1F        		.uleb128 0x1f
 632 0073 1B        		.uleb128 0x1b
 633 0074 1F        		.uleb128 0x1f
 634 0075 10        		.uleb128 0x10
 635 0076 17        		.uleb128 0x17
 636 0077 00        		.byte	0
 637 0078 00        		.byte	0
 638 0079 0A        		.uleb128 0xa
 639 007a 24        		.uleb128 0x24
 640 007b 00        		.byte	0
 641 007c 0B        		.uleb128 0xb
 642 007d 0B        		.uleb128 0xb
 643 007e 3E        		.uleb128 0x3e
 644 007f 0B        		.uleb128 0xb
 645 0080 03        		.uleb128 0x3
 646 0081 08        		.uleb128 0x8
 647 0082 00        		.byte	0
 648 0083 00        		.byte	0
 649 0084 0B        		.uleb128 0xb
 650 0085 04        		.uleb128 0x4
 651 0086 01        		.byte	0x1
 652 0087 3E        		.uleb128 0x3e
 653 0088 0B        		.uleb128 0xb
 654 0089 0B        		.uleb128 0xb
 655 008a 0B        		.uleb128 0xb
 656 008b 49        		.uleb128 0x49
 657 008c 13        		.uleb128 0x13
 658 008d 3A        		.uleb128 0x3a
 659 008e 0B        		.uleb128 0xb
 660 008f 3B        		.uleb128 0x3b
 661 0090 0B        		.uleb128 0xb
 662 0091 39        		.uleb128 0x39
 663 0092 0B        		.uleb128 0xb
 664 0093 01        		.uleb128 0x1
 665 0094 13        		.uleb128 0x13
 666 0095 00        		.byte	0
 667 0096 00        		.byte	0
 668 0097 0C        		.uleb128 0xc
 669 0098 2E        		.uleb128 0x2e
 670 0099 01        		.byte	0x1
 671 009a 3F        		.uleb128 0x3f
 672 009b 19        		.uleb128 0x19
 673 009c 03        		.uleb128 0x3
 674 009d 0E        		.uleb128 0xe
 675 009e 3A        		.uleb128 0x3a
 676 009f 0B        		.uleb128 0xb
 677 00a0 3B        		.uleb128 0x3b
 678 00a1 0B        		.uleb128 0xb
 679 00a2 39        		.uleb128 0x39
 680 00a3 0B        		.uleb128 0xb
 681 00a4 27        		.uleb128 0x27
 682 00a5 19        		.uleb128 0x19
 683 00a6 49        		.uleb128 0x49
 684 00a7 13        		.uleb128 0x13
 685 00a8 3C        		.uleb128 0x3c
 686 00a9 19        		.uleb128 0x19
 687 00aa 01        		.uleb128 0x1
 688 00ab 13        		.uleb128 0x13
 689 00ac 00        		.byte	0
 690 00ad 00        		.byte	0
 691 00ae 0D        		.uleb128 0xd
 692 00af 05        		.uleb128 0x5
 693 00b0 00        		.byte	0
 694 00b1 49        		.uleb128 0x49
 695 00b2 13        		.uleb128 0x13
 696 00b3 00        		.byte	0
 697 00b4 00        		.byte	0
 698 00b5 0E        		.uleb128 0xe
 699 00b6 2E        		.uleb128 0x2e
 700 00b7 01        		.byte	0x1
 701 00b8 3F        		.uleb128 0x3f
 702 00b9 19        		.uleb128 0x19
 703 00ba 03        		.uleb128 0x3
 704 00bb 0E        		.uleb128 0xe
 705 00bc 3A        		.uleb128 0x3a
 706 00bd 0B        		.uleb128 0xb
 707 00be 3B        		.uleb128 0x3b
 708 00bf 0B        		.uleb128 0xb
 709 00c0 39        		.uleb128 0x39
 710 00c1 0B        		.uleb128 0xb
 711 00c2 27        		.uleb128 0x27
 712 00c3 19        		.uleb128 0x19
 713 00c4 49        		.uleb128 0x49
 714 00c5 13        		.uleb128 0x13
 715 00c6 01        		.uleb128 0x1
 716 00c7 13        		.uleb128 0x13
 717 00c8 00        		.byte	0
 718 00c9 00        		.byte	0
 719 00ca 0F        		.uleb128 0xf
 720 00cb 0B        		.uleb128 0xb
 721 00cc 01        		.byte	0x1
 722 00cd 01        		.uleb128 0x1
 723 00ce 13        		.uleb128 0x13
 724 00cf 00        		.byte	0
 725 00d0 00        		.byte	0
 726 00d1 10        		.uleb128 0x10
 727 00d2 0B        		.uleb128 0xb
 728 00d3 01        		.byte	0x1
 729 00d4 00        		.byte	0
 730 00d5 00        		.byte	0
 731 00d6 11        		.uleb128 0x11
 732 00d7 0F        		.uleb128 0xf
 733 00d8 00        		.byte	0
 734 00d9 0B        		.uleb128 0xb
 735 00da 0B        		.uleb128 0xb
 736 00db 49        		.uleb128 0x49
 737 00dc 13        		.uleb128 0x13
 738 00dd 00        		.byte	0
 739 00de 00        		.byte	0
 740 00df 12        		.uleb128 0x12
 741 00e0 01        		.uleb128 0x1
 742 00e1 01        		.byte	0x1
 743 00e2 49        		.uleb128 0x49
 744 00e3 13        		.uleb128 0x13
 745 00e4 01        		.uleb128 0x1
 746 00e5 13        		.uleb128 0x13
 747 00e6 00        		.byte	0
 748 00e7 00        		.byte	0
 749 00e8 13        		.uleb128 0x13
 750 00e9 21        		.uleb128 0x21
 751 00ea 00        		.byte	0
 752 00eb 49        		.uleb128 0x49
 753 00ec 13        		.uleb128 0x13
 754 00ed 2F        		.uleb128 0x2f
 755 00ee 0B        		.uleb128 0xb
 756 00ef 00        		.byte	0
 757 00f0 00        		.byte	0
 758 00f1 14        		.uleb128 0x14
 759 00f2 2E        		.uleb128 0x2e
 760 00f3 01        		.byte	0x1
 761 00f4 03        		.uleb128 0x3
 762 00f5 0E        		.uleb128 0xe
 763 00f6 3A        		.uleb128 0x3a
 764 00f7 0B        		.uleb128 0xb
 765 00f8 3B        		.uleb128 0x3b
 766 00f9 0B        		.uleb128 0xb
 767 00fa 39        		.uleb128 0x39
 768 00fb 0B        		.uleb128 0xb
 769 00fc 27        		.uleb128 0x27
 770 00fd 19        		.uleb128 0x19
 771 00fe 49        		.uleb128 0x49
 772 00ff 13        		.uleb128 0x13
 773 0100 00        		.byte	0
 774 0101 00        		.byte	0
 775 0102 00        		.byte	0
 776               		.section	.gnu.debuglto_.debug_line,"e",@progbits
 777               	.Ldebug_line0:
 778 0000 5B00 0000 		.long	.LELT0-.LSLT0
 779               	.LSLT0:
 780 0004 0500      		.word	0x5
 781 0006 04        		.byte	0x4
 782 0007 00        		.byte	0
 783 0008 5300 0000 		.long	.LELTP0-.LASLTP0
 784               	.LASLTP0:
 785 000c 01        		.byte	0x1
 786 000d 01        		.byte	0x1
 787 000e 01        		.byte	0x1
 788 000f F6        		.byte	0xf6
 789 0010 F2        		.byte	0xf2
 790 0011 0D        		.byte	0xd
 791 0012 00        		.byte	0
 792 0013 01        		.byte	0x1
 793 0014 01        		.byte	0x1
 794 0015 01        		.byte	0x1
 795 0016 01        		.byte	0x1
 796 0017 00        		.byte	0
 797 0018 00        		.byte	0
 798 0019 00        		.byte	0
 799 001a 01        		.byte	0x1
 800 001b 00        		.byte	0
 801 001c 00        		.byte	0
 802 001d 01        		.byte	0x1
 803 001e 01        		.byte	0x1
 804 001f 01        		.uleb128 0x1
 805 0020 1F        		.uleb128 0x1f
 806 0021 05        		.uleb128 0x5
 807 0022 0000 0000 		.long	.LASF1
 808 0026 0000 0000 		.long	.LASF128
 809 002a 0000 0000 		.long	.LASF129
 810 002e 0000 0000 		.long	.LASF130
 811 0032 0000 0000 		.long	.LASF131
 812 0036 02        		.byte	0x2
 813 0037 01        		.uleb128 0x1
 814 0038 1F        		.uleb128 0x1f
 815 0039 02        		.uleb128 0x2
 816 003a 0B        		.uleb128 0xb
 817 003b 07        		.uleb128 0x7
 818 003c 0000 0000 		.long	.LASF0
 819 0040 00        		.byte	0
 820 0041 0000 0000 		.long	.LASF132
 821 0045 04        		.byte	0x4
 822 0046 0000 0000 		.long	.LASF133
 823 004a 02        		.byte	0x2
 824 004b 0000 0000 		.long	.LASF134
 825 004f 01        		.byte	0x1
 826 0050 0000 0000 		.long	.LASF135
 827 0054 01        		.byte	0x1
 828 0055 0000 0000 		.long	.LASF136
 829 0059 01        		.byte	0x1
 830 005a 0000 0000 		.long	.LASF137
 831 005e 03        		.byte	0x3
 832               	.LELTP0:
 833               	.LELT0:
 834               		.section	.gnu.debuglto_.debug_str,"eMS",@progbits,1
 835               	.LASF40:
 836 0000 4B45 595F 		.string	"KEY_1"
 836      3100 
 837               	.LASF61:
 838 0006 4B45 595F 		.string	"KEY_APOSTROPHE"
 838      4150 4F53 
 838      5452 4F50 
 838      4845 00
 839               	.LASF56:
 840 0015 4B45 595F 		.string	"KEY_EQUALS"
 840      4551 5541 
 840      4C53 00
 841               	.LASF55:
 842 0020 4B45 595F 		.string	"KEY_MINUS"
 842      4D49 4E55 
 842      5300 
 843               	.LASF127:
 844 002a 6B65 795F 		.string	"key_mod_remove"
 844      6D6F 645F 
 844      7265 6D6F 
 844      7665 00
 845               	.LASF119:
 846 0039 6E6F 6D6F 		.string	"nomods"
 846      6473 00
 847               	.LASF118:
 848 0040 4B45 595F 		.string	"KEY_COUNT"
 848      434F 554E 
 848      5400 
 849               	.LASF108:
 850 004a 4B45 595F 		.string	"KEY_NON_US_BACKSLASH"
 850      4E4F 4E5F 
 850      5553 5F42 
 850      4143 4B53 
 850      4C41 5348 
 851               	.LASF82:
 852 005f 4B45 595F 		.string	"KEY_INSERT"
 852      494E 5345 
 852      5254 00
 853               	.LASF123:
 854 006a 6368 6172 		.string	"char"
 854      00
 855               	.LASF51:
 856 006f 4B45 595F 		.string	"KEY_ESCAPE"
 856      4553 4341 
 856      5045 00
 857               	.LASF110:
 858 007a 4B45 595F 		.string	"KEY_L_CTRL"
 858      4C5F 4354 
 858      524C 00
 859               	.LASF85:
 860 0085 4B45 595F 		.string	"KEY_DELETE"
 860      4445 4C45 
 860      5445 00
 861               	.LASF80:
 862 0090 4B45 595F 		.string	"KEY_SCROLL_LOCK"
 862      5343 524F 
 862      4C4C 5F4C 
 862      4F43 4B00 
 863               	.LASF14:
 864 00a0 4B45 595F 		.string	"KEY_A"
 864      4100 
 865               	.LASF116:
 866 00a6 4B45 595F 		.string	"KEY_R_ALT"
 866      525F 414C 
 866      5400 
 867               	.LASF54:
 868 00b0 4B45 595F 		.string	"KEY_SPACE"
 868      5350 4143 
 868      4500 
 869               	.LASF115:
 870 00ba 4B45 595F 		.string	"KEY_R_SHIFT"
 870      525F 5348 
 870      4946 5400 
 871               	.LASF81:
 872 00c6 4B45 595F 		.string	"KEY_PAUSE"
 872      5041 5553 
 872      4500 
 873               	.LASF58:
 874 00d0 4B45 595F 		.string	"KEY_R_BRACKET"
 874      525F 4252 
 874      4143 4B45 
 874      5400 
 875               	.LASF126:
 876 00de 6B65 795F 		.string	"key_to_codepoint"
 876      746F 5F63 
 876      6F64 6570 
 876      6F69 6E74 
 876      00
 877               	.LASF121:
 878 00ef 6E75 6D62 		.string	"numbers_shift"
 878      6572 735F 
 878      7368 6966 
 878      7400 
 879               	.LASF125:
 880 00fd 746F 7570 		.string	"toupper"
 880      7065 7200 
 881               	.LASF79:
 882 0105 4B45 595F 		.string	"KEY_PRINT_SCREEN"
 882      5052 494E 
 882      545F 5343 
 882      5245 454E 
 882      00
 883               	.LASF120:
 884 0116 6E75 6D62 		.string	"numbers"
 884      6572 7300 
 885               	.LASF92:
 886 011e 4B45 595F 		.string	"KEY_KP_DIVIDE"
 886      4B50 5F44 
 886      4956 4944 
 886      4500 
 887               	.LASF50:
 888 012c 4B45 595F 		.string	"KEY_RETURN"
 888      5245 5455 
 888      524E 00
 889               	.LASF30:
 890 0137 4B45 595F 		.string	"KEY_Q"
 890      5100 
 891               	.LASF33:
 892 013d 4B45 595F 		.string	"KEY_T"
 892      5400 
 893               	.LASF11:
 894 0143 666C 6F61 		.string	"float"
 894      7400 
 895               	.LASF96:
 896 0149 4B45 595F 		.string	"KEY_KP_ENTER"
 896      4B50 5F45 
 896      4E54 4552 
 896      00
 897               	.LASF89:
 898 0156 4B45 595F 		.string	"KEY_LEFT"
 898      4C45 4654 
 898      00
 899               	.LASF5:
 900 015f 6C6F 6E67 		.string	"long long int"
 900      206C 6F6E 
 900      6720 696E 
 900      7400 
 901               	.LASF98:
 902 016d 4B45 595F 		.string	"KEY_KP_2"
 902      4B50 5F32 
 902      00
 903               	.LASF99:
 904 0176 4B45 595F 		.string	"KEY_KP_3"
 904      4B50 5F33 
 904      00
 905               	.LASF100:
 906 017f 4B45 595F 		.string	"KEY_KP_4"
 906      4B50 5F34 
 906      00
 907               	.LASF101:
 908 0188 4B45 595F 		.string	"KEY_KP_5"
 908      4B50 5F35 
 908      00
 909               	.LASF102:
 910 0191 4B45 595F 		.string	"KEY_KP_6"
 910      4B50 5F36 
 910      00
 911               	.LASF103:
 912 019a 4B45 595F 		.string	"KEY_KP_7"
 912      4B50 5F37 
 912      00
 913               	.LASF104:
 914 01a3 4B45 595F 		.string	"KEY_KP_8"
 914      4B50 5F38 
 914      00
 915               	.LASF105:
 916 01ac 4B45 595F 		.string	"KEY_KP_9"
 916      4B50 5F39 
 916      00
 917               	.LASF4:
 918 01b5 6C6F 6E67 		.string	"long int"
 918      2069 6E74 
 918      00
 919               	.LASF78:
 920 01be 4B45 595F 		.string	"KEY_F12"
 920      4631 3200 
 921               	.LASF109:
 922 01c6 4B45 595F 		.string	"KEY_KP_EQUALS"
 922      4B50 5F45 
 922      5155 414C 
 922      5300 
 923               	.LASF65:
 924 01d4 4B45 595F 		.string	"KEY_SLASH"
 924      534C 4153 
 924      4800 
 925               	.LASF95:
 926 01de 4B45 595F 		.string	"KEY_KP_PLUS"
 926      4B50 5F50 
 926      4C55 5300 
 927               	.LASF88:
 928 01ea 4B45 595F 		.string	"KEY_RIGHT"
 928      5249 4748 
 928      5400 
 929               	.LASF117:
 930 01f4 4B45 595F 		.string	"KEY_R_GUI"
 930      525F 4755 
 930      4900 
 931               	.LASF114:
 932 01fe 4B45 595F 		.string	"KEY_R_CTRL"
 932      525F 4354 
 932      524C 00
 933               	.LASF66:
 934 0209 4B45 595F 		.string	"KEY_CAPSLOCK"
 934      4341 5053 
 934      4C4F 434B 
 934      00
 935               	.LASF53:
 936 0216 4B45 595F 		.string	"KEY_TAB"
 936      5441 4200 
 937               	.LASF68:
 938 021e 4B45 595F 		.string	"KEY_F2"
 938      4632 00
 939               	.LASF69:
 940 0225 4B45 595F 		.string	"KEY_F3"
 940      4633 00
 941               	.LASF70:
 942 022c 4B45 595F 		.string	"KEY_F4"
 942      4634 00
 943               	.LASF71:
 944 0233 4B45 595F 		.string	"KEY_F5"
 944      4635 00
 945               	.LASF72:
 946 023a 4B45 595F 		.string	"KEY_F6"
 946      4636 00
 947               	.LASF73:
 948 0241 4B45 595F 		.string	"KEY_F7"
 948      4637 00
 949               	.LASF49:
 950 0248 4B45 595F 		.string	"KEY_0"
 950      3000 
 951               	.LASF6:
 952 024e 756E 7369 		.string	"unsigned char"
 952      676E 6564 
 952      2063 6861 
 952      7200 
 953               	.LASF41:
 954 025c 4B45 595F 		.string	"KEY_2"
 954      3200 
 955               	.LASF42:
 956 0262 4B45 595F 		.string	"KEY_3"
 956      3300 
 957               	.LASF43:
 958 0268 4B45 595F 		.string	"KEY_4"
 958      3400 
 959               	.LASF44:
 960 026e 4B45 595F 		.string	"KEY_5"
 960      3500 
 961               	.LASF45:
 962 0274 4B45 595F 		.string	"KEY_6"
 962      3600 
 963               	.LASF46:
 964 027a 4B45 595F 		.string	"KEY_7"
 964      3700 
 965               	.LASF47:
 966 0280 4B45 595F 		.string	"KEY_8"
 966      3800 
 967               	.LASF48:
 968 0286 4B45 595F 		.string	"KEY_9"
 968      3900 
 969               	.LASF3:
 970 028c 7369 676E 		.string	"signed char"
 970      6564 2063 
 970      6861 7200 
 971               	.LASF10:
 972 0298 6C6F 6E67 		.string	"long long unsigned int"
 972      206C 6F6E 
 972      6720 756E 
 972      7369 676E 
 972      6564 2069 
 973               	.LASF63:
 974 02af 4B45 595F 		.string	"KEY_COMMA"
 974      434F 4D4D 
 974      4100 
 975               	.LASF8:
 976 02b9 7569 6E74 		.string	"uint32_t"
 976      3332 5F74 
 976      00
 977               	.LASF77:
 978 02c2 4B45 595F 		.string	"KEY_F11"
 978      4631 3100 
 979               	.LASF2:
 980 02ca 756E 7369 		.string	"unsigned int"
 980      676E 6564 
 980      2069 6E74 
 980      00
 981               	.LASF15:
 982 02d7 4B45 595F 		.string	"KEY_B"
 982      4200 
 983               	.LASF16:
 984 02dd 4B45 595F 		.string	"KEY_C"
 984      4300 
 985               	.LASF17:
 986 02e3 4B45 595F 		.string	"KEY_D"
 986      4400 
 987               	.LASF18:
 988 02e9 4B45 595F 		.string	"KEY_E"
 988      4500 
 989               	.LASF19:
 990 02ef 4B45 595F 		.string	"KEY_F"
 990      4600 
 991               	.LASF20:
 992 02f5 4B45 595F 		.string	"KEY_G"
 992      4700 
 993               	.LASF21:
 994 02fb 4B45 595F 		.string	"KEY_H"
 994      4800 
 995               	.LASF22:
 996 0301 4B45 595F 		.string	"KEY_I"
 996      4900 
 997               	.LASF23:
 998 0307 4B45 595F 		.string	"KEY_J"
 998      4A00 
 999               	.LASF24:
 1000 030d 4B45 595F 		.string	"KEY_K"
 1000      4B00 
 1001               	.LASF25:
 1002 0313 4B45 595F 		.string	"KEY_L"
 1002      4C00 
 1003               	.LASF26:
 1004 0319 4B45 595F 		.string	"KEY_M"
 1004      4D00 
 1005               	.LASF27:
 1006 031f 4B45 595F 		.string	"KEY_N"
 1006      4E00 
 1007               	.LASF28:
 1008 0325 4B45 595F 		.string	"KEY_O"
 1008      4F00 
 1009               	.LASF29:
 1010 032b 4B45 595F 		.string	"KEY_P"
 1010      5000 
 1011               	.LASF31:
 1012 0331 4B45 595F 		.string	"KEY_R"
 1012      5200 
 1013               	.LASF32:
 1014 0337 4B45 595F 		.string	"KEY_S"
 1014      5300 
 1015               	.LASF34:
 1016 033d 4B45 595F 		.string	"KEY_U"
 1016      5500 
 1017               	.LASF35:
 1018 0343 4B45 595F 		.string	"KEY_V"
 1018      5600 
 1019               	.LASF36:
 1020 0349 4B45 595F 		.string	"KEY_W"
 1020      5700 
 1021               	.LASF37:
 1022 034f 4B45 595F 		.string	"KEY_X"
 1022      5800 
 1023               	.LASF38:
 1024 0355 4B45 595F 		.string	"KEY_Y"
 1024      5900 
 1025               	.LASF39:
 1026 035b 4B45 595F 		.string	"KEY_Z"
 1026      5A00 
 1027               	.LASF111:
 1028 0361 4B45 595F 		.string	"KEY_L_SHIFT"
 1028      4C5F 5348 
 1028      4946 5400 
 1029               	.LASF7:
 1030 036d 696E 7433 		.string	"int32_t"
 1030      325F 7400 
 1031               	.LASF62:
 1032 0375 4B45 595F 		.string	"KEY_GRAVE"
 1032      4752 4156 
 1032      4500 
 1033               	.LASF86:
 1034 037f 4B45 595F 		.string	"KEY_END"
 1034      454E 4400 
 1035               	.LASF52:
 1036 0387 4B45 595F 		.string	"KEY_BACKSPACE"
 1036      4241 434B 
 1036      5350 4143 
 1036      4500 
 1037               	.LASF87:
 1038 0395 4B45 595F 		.string	"KEY_PAGE_DOWN"
 1038      5041 4745 
 1038      5F44 4F57 
 1038      4E00 
 1039               	.LASF93:
 1040 03a3 4B45 595F 		.string	"KEY_KP_MULTIPLY"
 1040      4B50 5F4D 
 1040      554C 5449 
 1040      504C 5900 
 1041               	.LASF113:
 1042 03b3 4B45 595F 		.string	"KEY_L_GUI"
 1042      4C5F 4755 
 1042      4900 
 1043               	.LASF106:
 1044 03bd 4B45 595F 		.string	"KEY_KP_0"
 1044      4B50 5F30 
 1044      00
 1045               	.LASF97:
 1046 03c6 4B45 595F 		.string	"KEY_KP_1"
 1046      4B50 5F31 
 1046      00
 1047               	.LASF84:
 1048 03cf 4B45 595F 		.string	"KEY_PAGE_UP"
 1048      5041 4745 
 1048      5F55 5000 
 1049               	.LASF76:
 1050 03db 4B45 595F 		.string	"KEY_F10"
 1050      4631 3000 
 1051               	.LASF67:
 1052 03e3 4B45 595F 		.string	"KEY_F1"
 1052      4631 00
 1053               	.LASF60:
 1054 03ea 4B45 595F 		.string	"KEY_SEMICOLON"
 1054      5345 4D49 
 1054      434F 4C4F 
 1054      4E00 
 1055               	.LASF90:
 1056 03f8 4B45 595F 		.string	"KEY_DOWN"
 1056      444F 574E 
 1056      00
 1057               	.LASF9:
 1058 0401 6C6F 6E67 		.string	"long unsigned int"
 1058      2075 6E73 
 1058      6967 6E65 
 1058      6420 696E 
 1058      7400 
 1059               	.LASF12:
 1060 0413 646F 7562 		.string	"double"
 1060      6C65 00
 1061               	.LASF64:
 1062 041a 4B45 595F 		.string	"KEY_PERIOD"
 1062      5045 5249 
 1062      4F44 00
 1063               	.LASF94:
 1064 0425 4B45 595F 		.string	"KEY_KP_MINUS"
 1064      4B50 5F4D 
 1064      494E 5553 
 1064      00
 1065               	.LASF74:
 1066 0432 4B45 595F 		.string	"KEY_F8"
 1066      4638 00
 1067               	.LASF75:
 1068 0439 4B45 595F 		.string	"KEY_F9"
 1068      4639 00
 1069               	.LASF59:
 1070 0440 4B45 595F 		.string	"KEY_BACKSLASH"
 1070      4241 434B 
 1070      534C 4153 
 1070      4800 
 1071               	.LASF91:
 1072 044e 4B45 595F 		.string	"KEY_UP"
 1072      5550 00
 1073               	.LASF124:
 1074 0455 474E 5520 		.string	"GNU C99 12.2.0 -mn-flash=1 -mno-skip-bug -mdouble=32 -mlong-double=64 -mmcu=avr5 -g -Os -
 1074      4339 3920 
 1074      3132 2E32 
 1074      2E30 202D 
 1074      6D6E 2D66 
 1075               	.LASF122:
 1076 051c 6E75 6D62 		.string	"numbers_altgr"
 1076      6572 735F 
 1076      616C 7467 
 1076      7200 
 1077               	.LASF112:
 1078 052a 4B45 595F 		.string	"KEY_L_ALT"
 1078      4C5F 414C 
 1078      5400 
 1079               	.LASF83:
 1080 0534 4B45 595F 		.string	"KEY_HOME"
 1080      484F 4D45 
 1080      00
 1081               	.LASF13:
 1082 053d 4B45 595F 		.string	"KEY_UNKNOWN"
 1082      554E 4B4E 
 1082      4F57 4E00 
 1083               	.LASF57:
 1084 0549 4B45 595F 		.string	"KEY_L_BRACKET"
 1084      4C5F 4252 
 1084      4143 4B45 
 1084      5400 
 1085               	.LASF107:
 1086 0557 4B45 595F 		.string	"KEY_KP_PERIOD"
 1086      4B50 5F50 
 1086      4552 494F 
 1086      4400 
 1087               		.section	.gnu.debuglto_.debug_line_str,"eMS",@progbits,1
 1088               	.LASF136:
 1089 0000 6B65 7973 		.string	"keys.h"
 1089      2E68 00
 1090               	.LASF133:
 1091 0007 7479 7065 		.string	"types.h"
 1091      732E 6800 
 1092               	.LASF128:
 1093 000f 2E2E 2F2E 		.string	"../../keyboard"
 1093      2E2F 6B65 
 1093      7962 6F61 
 1093      7264 00
 1094               	.LASF135:
 1095 001e 6765 726D 		.string	"german.c"
 1095      616E 2E63 
 1095      00
 1096               	.LASF132:
 1097 0027 7374 6469 		.string	"stdint-gcc.h"
 1097      6E74 2D67 
 1097      6363 2E68 
 1097      00
 1098               	.LASF131:
 1099 0034 2F75 7372 		.string	"/usr/lib/gcc/avr/12.2.0/include"
 1099      2F6C 6962 
 1099      2F67 6363 
 1099      2F61 7672 
 1099      2F31 322E 
 1100               	.LASF1:
 1101 0054 2F68 6F6D 		.string	"/home/files/osdev/platform/avr"
 1101      652F 6669 
 1101      6C65 732F 
 1101      6F73 6465 
 1101      762F 706C 
 1102               	.LASF129:
 1103 0073 2E2E 2F2E 		.string	"../../types"
 1103      2E2F 7479 
 1103      7065 7300 
 1104               	.LASF137:
 1105 007f 6374 7970 		.string	"ctype.h"
 1105      652E 6800 
 1106               	.LASF0:
 1107 0087 2E2E 2F2E 		.string	"../../keyboard/german.c"
 1107      2E2F 6B65 
 1107      7962 6F61 
 1107      7264 2F67 
 1107      6572 6D61 
 1108               	.LASF134:
 1109 009f 6B65 7962 		.string	"keyboard-shared.h"
 1109      6F61 7264 
 1109      2D73 6861 
 1109      7265 642E 
 1109      6800 
 1110               	.LASF130:
 1111 00b1 2F75 7372 		.string	"/usr/avr/include"
 1111      2F61 7672 
 1111      2F69 6E63 
 1111      6C75 6465 
 1111      00
 1112               		.text
 1113               		.section	.gnu.lto_.profile.4947e0776822d3a,"e",@progbits
 1114 0000 28B5 2FFD 		.string	"(\265/\375 \0061"
 1114      2006 3100 
 1115 0008 00        		.string	""
 1116 0009 0200      		.string	"\002"
 1117 000b 00        		.string	""
 1118 000c 00        		.string	""
 1119 000d 00        		.string	""
 1120 000e 00        		.string	""
 1121               		.text
 1122               		.section	.gnu.lto_.icf.4947e0776822d3a,"e",@progbits
 1123 0000 28B5 2FFD 		.string	"(\265/\375 7}\001"
 1123      2037 7D01 
 1123      00
 1124 0009 4402 2B00 		.string	"D\002+"
 1125 000d 0400      		.string	"\004"
 1126 000f F09A EEBF 		.string	"\360\232\356\277\t\b\002"
 1126      0908 0200 
 1127 0017 0201 0302 		.string	"\002\001\003\002\003\001\304\335\231\200\b\002\277\266\301\351\001\003\275\206\215\203\r"
 1127      0301 C4DD 
 1127      9980 0802 
 1127      BFB6 C1E9 
 1127      0103 BD86 
 1128 002f 0300      		.string	"\003"
 1129 0031 20C0 EEA6 		.ascii	" \300\356\246\r`\001"
 1129      0D60 01
 1130               		.text
 1131               		.section	.gnu.lto_.ipa_sra.4947e0776822d3a,"e",@progbits
 1132 0000 28B5 2FFD 		.string	"(\265/\375 \027\235"
 1132      2017 9D00 
 1133 0008 00        		.string	""
 1134 0009 680B 00   		.string	"h\013"
 1135 000c 0100      		.string	"\001"
 1136 000e 0100      		.string	"\001"
 1137 0010 00        		.string	""
 1138 0011 00        		.string	""
 1139 0012 00        		.string	""
 1140 0013 0300      		.string	"\003"
 1141 0015 0200      		.string	"\002"
 1142 0017 0100      		.string	"\001"
 1143 0019 1BC0 02   		.ascii	"\033\300\002"
 1144               		.text
 1145               		.section	.gnu.lto_.inline.4947e0776822d3a,"e",@progbits
 1146 0000 28B5 2FFD 		.string	"(\265/\375`0\001\265\007"
 1146      6030 01B5 
 1146      0700 
 1147 000a B24A 2932 		.string	"\262J)2`k\323\001\200%\247jp\3535\201\224\205\265\213q8"
 1147      606B D301 
 1147      8025 A76A 
 1147      70EB 3581 
 1147      9485 B58B 
 1148 0021 AE94 253C 		.string	"\256\224%<AN=T=\017F\2148\246IUU\303\374\264\375p\370z\024\354\337_n)S\316\206)Mq\266\241
 1148      414E 3D54 
 1148      3D0F 468C 
 1148      38A6 4955 
 1148      55C3 FCB4 
 1149 00c4 C531 83D1 		.ascii	"\3051\203\321z\037\241\f\351\023sO\306\036r\234\203=\3448\007"
 1149      7A1F A10C 
 1149      E913 734F 
 1149      C61E 729C 
 1149      833D E438 
 1150 00d9 7BC8 710E 		.ascii	"{\310q\016[\274C|n\374&\350\202\013+\242\234\302\212,\247\260"
 1150      5BBC 437C 
 1150      6EFC 26E8 
 1150      820B 2BA2 
 1150      9CC2 8A2C 
 1151 00ef 225D 6E73 		.ascii	"\"]ns\264\003\263\"A\362`\\\235\374\n0\004"
 1151      B403 B322 
 1151      41F2 605C 
 1151      9DFC 0A30 
 1151      04
 1152               		.text
 1153               		.section	.gnu.lto_.jmpfuncs.4947e0776822d3a,"e",@progbits
 1154 0000 28B5 2FFD 		.string	"(\265/\375 0m\001"
 1154      2030 6D01 
 1154      00
 1155 0009 6402 2400 		.string	"d\002$"
 1156 000d 0100      		.string	"\001"
 1157 000f 0102 037F 		.string	"\001\002\003\177\002\004\002"
 1157      0204 0200 
 1158 0017 00        		.string	""
 1159 0018 01C0 0101 		.string	"\001\300\001\001"
 1159      00
 1160 001d C001 01FF 		.string	"\300\001\001\377"
 1160      00
 1161 0022 0102 06DC 		.string	"\001\002\006\334"
 1161      00
 1162 0027 01E1 00   		.string	"\001\341"
 1163 002a 06DC 00   		.string	"\006\334"
 1164 002d 01FA 00   		.string	"\001\372"
 1165 0030 00        		.string	""
 1166 0031 0100      		.string	"\001"
 1167 0033 1BC0 02   		.ascii	"\033\300\002"
 1168               		.text
 1169               		.section	.gnu.lto_.pureconst.4947e0776822d3a,"e",@progbits
 1170 0000 28B5 2FFD 		.string	"(\265/\375 \bA"
 1170      2008 4100 
 1171 0008 00        		.string	""
 1172 0009 0400      		.string	"\004"
 1173 000b 00        		.string	""
 1174 000c 00        		.string	""
 1175 000d 0100      		.string	"\001"
 1176 000f 8504      		.ascii	"\205\004"
 1177               		.text
 1178               		.section	.gnu.lto_.ipa_modref.4947e0776822d3a,"e",@progbits
 1179 0000 28B5 2FFD 		.string	"(\265/\375 \016E"
 1179      200E 4500 
 1180 0008 00        		.string	""
 1181 0009 1002 00   		.string	"\020\002"
 1182 000c 0100      		.string	"\001"
 1183 000e 1CC0 02   		.ascii	"\034\300\002"
 1184               		.text
 1185               		.section	.gnu.lto_.lto.4947e0776822d3a,"e",@progbits
 1186 0000 0C00      		.string	"\f"
 1187 0002 00        		.string	""
 1188 0003 00        		.string	""
 1189 0004 0100      		.string	"\001"
 1190 0006 0100      		.string	"\001"
 1191               		.text
 1192               		.section	.gnu.lto_key_to_codepoint.3.4947e0776822d3a,"e",@progbits
 1193 0000 28B5 2FFD 		.string	"(\265/\375`\277\022=D"
 1193      60BF 123D 
 1193      4400 
 1194 000a 1A6E C418 		.string	"\032n\304\030B@\334R\007\213y1\246\tHj\302\262\340\314S\204\202\273\020\237\004\376\205\2
 1194      4240 DC52 
 1194      078B 7931 
 1194      A609 486A 
 1194      C2B2 E0CC 
 1195 00be 92F4 C8A8 		.string	"\222\364\310\250\210hH((\n\004\375\361\351y\002\340q6wt\230Ke\022\031\303\257\316U\177\26
 1195      8868 4828 
 1195      280A 04FD 
 1195      F1E9 7902 
 1195      E071 3677 
 1196 012f D210 332C 		.string	"\322\0203,\237\204%\016{%\007x\235\324\376t<\027k\345\375!C$\315o\261d$.V\314+\315\313R$G
 1196      9F84 250E 
 1196      7B25 0778 
 1196      9DD4 FE74 
 1196      3C17 6BE5 
 1197 0172 3478 C89C 		.ascii	"4x\310\2343\232Z\306NU\007\006\363\305\322\205\362KI\022Y\005"
 1197      339A 5AC6 
 1197      4E55 0706 
 1197      F3C5 D285 
 1197      F24B 4912 
 1198 0188 3736 220E 		.ascii	"76\"\0161+|\344\004\b\017\250\0344`\260`\212:\215\202zrjb:2*"
 1198      312B 7CE4 
 1198      0408 0FA8 
 1198      1C34 60B0 
 1198      608A 3A8D 
 1199 01a4 221A 120A 		.ascii	"\"\032\022\n\212\"\343\374&\227\303\177\027\016\305W8\306+\246"
 1199      8A22 E3FC 
 1199      2697 C37F 
 1199      170E C557 
 1199      38C6 2BA6 
 1200 01b8 DFA9 BD77 		.ascii	"\337\251\275w\023G\330\233\334{\277\335#\305a\013sFV\355\275"
 1200      1347 D89B 
 1200      DC7B BFDD 
 1200      23C5 610B 
 1200      7346 56ED 
 1201 01cd 3D93 E130 		.ascii	"=\223\3410{'\360\356\372\315\335\255\356Nks\334\030\375\033\007"
 1201      7B27 F0EE 
 1201      FACD DDAD 
 1201      EE4E 6B73 
 1201      DC18 FD1B 
 1202 01e2 15FD E3C0 		.ascii	"\025\375\343\300%\372\277\311\356\355\326\306\037\321\007\325"
 1202      25FA BFC9 
 1202      EEED D6C6 
 1202      1FD1 07D5 
 1203 01f2 F8AF 993A 		.ascii	"\370\257\231:\364G\243\340\214\177a\202A\1773\b\310\370s\017"
 1203      F447 A3E0 
 1203      8C7F 6182 
 1203      417F 3308 
 1203      C8F8 730F 
 1204 0206 04FA 0B1A 		.ascii	"\004\372\013\032\360\363\377#\020\306\277O\n\214\377\036U\317"
 1204      F0F3 FF23 
 1204      10C6 BF4F 
 1204      0A8C FF1E 
 1204      55CF 
 1205 0218 DF4B D47F 		.ascii	"\337K\324\177\305\017?\027w?\374W\363\303L\266\233\036~jO\356"
 1205      C50F 3F17 
 1205      773F FC57 
 1205      F3C3 4CB6 
 1205      9B1E 7E6A 
 1206 022e BA3C C78B 		.ascii	"\272<\307\213\022\333\260{\307P\210\231o\357\r3\t\216u\273\335"
 1206      12DB B07B 
 1206      C750 8899 
 1206      6FEF 0D33 
 1206      098E 75BB 
 1207 0243 D729 AB08 		.ascii	"\327)\253\b0J\267\333\325z\315\237\376+\356\321O\255\241Xft\245"
 1207      304A B7DB 
 1207      D57A CD9F 
 1207      FE2B EED1 
 1207      4FAD A158 
 1208 025a 1FB7 477F 		.ascii	"\037\267G\177\335\277\335KP\023w\244\215\356v\377+~\352\036\375"
 1208      DDBF DD4B 
 1208      5013 77A4 
 1208      8DEE 76FF 
 1208      2B7E EA1E 
 1209 026f 6AC6 D0C2 		.ascii	"j\306\320\302\362\243\277\366)\354\340\356)\257t\303\332P\223"
 1209      F2A3 BFF6 
 1209      29EC E0EE 
 1209      29AF 74C3 
 1209      DA50 93
 1210 0282 F8D4 2FE5 		.ascii	"\370\324/\345\245\326\334\350o\367\024\370\270;7\272"
 1210      A5D6 DCE8 
 1210      6FF7 14F8 
 1210      B83B 37BA 
 1211 0292 67C3 B25E 		.string	"g\303\262^s\177\335\355v\273\256\211\270G\201<;\324\263\377xv\237d\366\236\177\362\377\36
 1211      737F DDED 
 1211      76BB AE89 
 1211      B847 813C 
 1211      3BD4 B3FF 
 1212 0393 5128 5F19 		.ascii	"Q(_\031\225\364\232\377 ]YR^{\"&\201\001\200\364\3031yDr\306"
 1212      95F4 9AFF 
 1212      205D 5952 
 1212      5E7B 2226 
 1212      8101 80F4 
 1213 03ad AFC6 4D4D 		.ascii	"\257\306MM\346\316\024k\r\325\036z\226)~j\255\377n\f\rNSWY\005"
 1213      E6CE 146B 
 1213      0DD5 1E7A 
 1213      9629 7E6A 
 1213      ADFF 6E0C 
 1214 03c7 E8B5 6AFC 		.ascii	"\350\265j\374w\337%\244\303\220\235\033\377\203tI"
 1214      77DF 25A4 
 1214      C390 9D1B 
 1214      FF83 7449 
 1215 03d7 4C62 1CA1 		.string	"Lb\034\241sE\004\243\355\013\240\327\274\361\231\342\254\241Z\303\337\n\002\351\277{\251U
 1215      7345 04A3 
 1215      ED0B A0D7 
 1215      BCF1 99E2 
 1215      ACA1 5AC3 
 1216 04d8 C182 ABE9 		.ascii	"\301\202\253\351\223\304\373\207\251\t+-.,\020\324+.\253-\017"
 1216      93C4 FB87 
 1216      A909 2B2D 
 1216      2E2C 10D4 
 1216      2B2E AB2D 
 1217 04ed 5E58 24A8 		.ascii	"^X$\250\323)u:\215:\327\n+\252\026\327VV\n\253\022'\250+\260"
 1217      D329 753A 
 1217      8D3A D70A 
 1217      2BAA 16D7 
 1217      5656 0AAB 
 1218 0506 AEBA B6A8 		.ascii	"\256\272\266\250]X%DdQ\261\264\266BP\217\262\326\177\267&\222"
 1218      5D58 2544 
 1218      6451 B1B4 
 1218      B642 508F 
 1218      B2D6 7FB7 
 1219 051c 1CEC A2E6 		.ascii	"\034\354\242\346\344F\242\004R}4\204\263\351\217\036c\027\b\005"
 1219      E446 A204 
 1219      527D 3484 
 1219      B3E9 8F1E 
 1219      6317 0805 
 1220 0530 D521 9C04 		.ascii	"\325!\234\00469\365;\322\005\016p)m_\215\013\351\264(y\226\355"
 1220      3639 F53B 
 1220      D205 0E70 
 1220      296D 5F8D 
 1220      0BE9 B428 
 1221 0547 E8FF CE8C 		.ascii	"\350\377\316\214\036\301\265\350\025\025\211~\217p\350\251\354"
 1221      1EC1 B5E8 
 1221      1515 897E 
 1221      8F70 E8A9 
 1221      EC
 1222 0558 09FD E036 		.ascii	"\t\375\3406\310\003\347\242\017\307\006\344c\316\240o\340\372"
 1222      C803 E7A2 
 1222      0FC7 06E4 
 1222      63CE A06F 
 1222      E0FA 
 1223 056a E37F 8A3E 		.ascii	"\343\177\212>\020\b{\034\354=\335q\013\340\301\034\317\023\233"
 1223      1008 7B1C 
 1223      EC3D DD71 
 1223      0BE0 C11C 
 1223      CF13 9B
 1224 057d D31F CF9A 		.ascii	"\323\037\317\232N_\215\t\\w\222\024u\226\b\231Q{K\027\334*\247"
 1224      4E5F 8D09 
 1224      5C77 9214 
 1224      7596 0899 
 1224      517B 4B17 
 1225 0594 7349 066C 		.ascii	"sI\006lH\250\263\270\301Wc"
 1225      48A8 B3B8 
 1225      C157 63
 1226 059f E715 962A 		.string	"\347\025\226*\276\313\257\306;\204:i\367\035\334\002\263\362\2531\017\217\316\332\3529\20
 1226      BECB AFC6 
 1226      3B84 3A69 
 1226      F71D DC02 
 1226      B3F2 AB31 
 1227 06a0 5F0B CE7C 		.string	"_\013\316|\252\025\263oS\225\310X\233N8\337>\361\362\252^'n\234P\340\334\333X\350\001[\34
 1227      AA15 B36F 
 1227      5395 C858 
 1227      9B4E 38DF 
 1227      3EF1 F2AA 
 1228 06dc 1252 54FE 		.string	"\022RT\376\242\210\300\324\310JG\307\234\363\325\003\315M\273\247\n6\363\246\242\310)6\\\
 1228      A288 C0D4 
 1228      C84A 47C7 
 1228      9CF3 D503 
 1228      CD4D BBA7 
 1229 0762 F4D1 F055 		.ascii	"\364\321\360U\340\020P\247ia\235\3626\017\200=\365,.\307\336"
 1229      E010 50A7 
 1229      6961 9DF2 
 1229      360F 803D 
 1229      F52C 2EC7 
 1230 0777 0F82 DB29 		.ascii	"\017\202\333)\277S\336\246\275\316!\3560+lM\214<\230\372\250"
 1230      BF53 DEA6 
 1230      BDCE 21EE 
 1230      302B 6C4D 
 1230      8C3C 98FA 
 1231 078c A9F4 9914 		.ascii	"\251\364\231\024\022*\337\231\243P\345\237\207\023i\232\337\211"
 1231      122A DF99 
 1231      A350 E59F 
 1231      8713 699A 
 1231      DF89 
 1232 079e 9331 69FD 		.ascii	"\2231i\375\2364-YLW\224\252\264\257\271\263\t\230\350\022\037"
 1232      9E34 2D59 
 1232      4C57 94AA 
 1232      B4AF B9B3 
 1232      0998 E812 
 1233 07b3 C511 3FC5 		.ascii	"\305\021?\305\211\037\305\211\037\345EL\364\210N\027\241\275"
 1233      891F C589 
 1233      1FE5 454C 
 1233      F488 4E17 
 1233      A1BD 
 1234 07c5 9298 2107 		.ascii	"\222\230!\007&\025\247\350F\342g"
 1234      2615 A7E8 
 1234      46E2 67
 1235 07d0 7344 E76E 		.string	"sD\347nH=\244 \371\367v\017\006\022\033\320\232\325\233Y\"\245\330\375a\245,\004\302`xS\0
 1235      483D A420 
 1235      F9F7 760F 
 1235      0612 1BD0 
 1235      9AD5 9B59 
 1236 086a 9033 0917 		.ascii	"\2203\t\027\001~\213\026\310\020\236\315\257c.*\254\302*L\322"
 1236      017E 8B16 
 1236      C810 9ECD 
 1236      AF63 2E2A 
 1236      ACC2 2A4C 
 1237 087f 244D C445 		.ascii	"$M\304E\220E\232\033f\361V\205\r\007D\262\270\032"
 1237      9045 9A1B 
 1237      66F1 5685 
 1237      0D07 44B2 
 1237      B81A 
 1238               		.text
 1239               		.section	.gnu.lto_numbers_shift.2.5.4947e0776822d3a,"e",@progbits
 1240 0000 28B5 2FFD 		.string	"(\265/\375 \240\235\003"
 1240      20A0 9D03 
 1240      00
 1241 0009 F404 9300 		.string	"\364\004\223"
 1242 000d 00        		.string	""
 1243 000e 00        		.string	""
 1244 000f 0100      		.string	"\001"
 1245 0011 0501 061A 		.string	"\005\001\006\032\001=\005\001\006\025\001\t)(\007/\006&\005%\004$\003\247\001\002\"!?\202
 1245      013D 0501 
 1245      0615 0109 
 1245      2928 072F 
 1245      0626 0525 
 1246 005a 1000      		.string	"\020"
 1247 005c 5210 0177 		.ascii	"R\020\001w\251j\b\204\201\023\320\016\b\003'\240\035\020\366"
 1247      A96A 0884 
 1247      8113 D00E 
 1247      0803 27A0 
 1247      1D10 F6
 1248 006f 7202 DAD5 		.ascii	"r\002\332\325\024\226r\342\245%\f\024\001"
 1248      1496 72E2 
 1248      A525 0C14 
 1248      01
 1249               		.text
 1250               		.section	.gnu.lto_numbers_altgr.1.6.4947e0776822d3a,"e",@progbits
 1251 0000 28B5 2FFD 		.string	"(\265/\375 \223}\003"
 1251      2093 7D03 
 1251      00
 1252 0009 D404 8600 		.string	"\324\004\206"
 1253 000d 00        		.string	""
 1254 000e 00        		.string	""
 1255 000f 0100      		.string	"\001"
 1256 0011 0501 061A 		.string	"\005\001\006\032\001\375\025\001\t\335\032\001\333\007\373\025\001\006\005\004\003\263\00
 1256      01FD 1501 
 1256      09DD 1A01 
 1256      DB07 FB15 
 1256      0106 0504 
 1257 0058 0E00      		.string	"\016"
 1258 005a 4004 CCC3 		.ascii	"@\004\314\303\235\215\245\210\324\274\307sB\317\033`\007\032"
 1258      9D8D A588 
 1258      D4BC C773 
 1258      42CF 1B60 
 1258      071A 
 1259 006c BB89 0E98 		.ascii	"\273\211\016\230\200\331Ce\025\f\024\001"
 1259      80D9 4365 
 1259      150C 1401 
 1260               		.text
 1261               		.section	.gnu.lto_numbers.0.7.4947e0776822d3a,"e",@progbits
 1262 0000 28B5 2FFD 		.string	"(\265/\375 iI\003"
 1262      2069 4903 
 1262      00
 1263 0009 1700      		.string	"\027"
 1264 000b 00        		.string	""
 1265 000c 00        		.string	""
 1266 000d 4600      		.string	"F"
 1267 000f 00        		.string	""
 1268 0010 00        		.string	""
 1269 0011 00        		.string	""
 1270 0012 00        		.string	""
 1271 0013 00        		.string	""
 1272 0014 00        		.string	""
 1273 0015 0501 2702 		.string	"\005\001'\002\206\b\177\212\001\206\200\200\374\236\274\311\235\020\004}\267\001"
 1273      8608 7F8A 
 1273      0186 8080 
 1273      FC9E BCC9 
 1273      9D10 047D 
 1274 002c 00        		.string	""
 1275 002d 0B31 3233 		.string	"\0131234567890"
 1275      3435 3637 
 1275      3839 3000 
 1276 0039 1F2F 686F 		.string	"\037/home/files/osdev/platform/avr"
 1276      6D65 2F66 
 1276      696C 6573 
 1276      2F6F 7364 
 1276      6576 2F70 
 1277 0059 182E 2E2F 		.string	"\030../../keyboard/german.c"
 1277      2E2E 2F6B 
 1277      6579 626F 
 1277      6172 642F 
 1277      6765 726D 
 1278               		.text
 1279               		.section	.gnu.lto_.symbol_nodes.4947e0776822d3a,"e",@progbits
 1280 0000 28B5 2FFD 		.string	"(\265/\375 ^\205\002"
 1280      205E 8502 
 1280      00
 1281 0009 1244 0F1A 		.string	"\022D\017\032\300\2471\357\375\375]\362\337\331o\233\375COU}\267\242F\366\226[n\231\002\0
 1281      C0A7 31EF 
 1281      FDFD 5DF2 
 1281      DFD9 6F9B 
 1281      FD43 4F55 
 1282 004b 5963 2821 		.ascii	"Yc(!\b\027\300\252@\300\300aV\312"
 1282      0817 C0AA 
 1282      40C0 C061 
 1282      56CA 
 1283               		.text
 1284               		.section	.gnu.lto_.refs.4947e0776822d3a,"e",@progbits
 1285 0000 28B5 2FFD 		.string	"(\265/\375 \026\261"
 1285      2016 B100 
 1286 0008 00        		.string	""
 1287 0009 1200      		.string	"\022"
 1288 000b 00        		.string	""
 1289 000c 00        		.string	""
 1290 000d 0300      		.string	"\003"
 1291 000f 00        		.string	""
 1292 0010 01F2 00   		.string	"\001\362"
 1293 0013 00        		.string	""
 1294 0014 00        		.string	""
 1295 0015 02F7 00   		.string	"\002\367"
 1296 0018 00        		.string	""
 1297 0019 00        		.string	""
 1298 001a 03F9 00   		.string	"\003\371"
 1299 001d 00        		.string	""
 1300 001e 00        		.string	""
 1301               		.text
 1302               		.section	.gnu.lto_.decls.4947e0776822d3a,"e",@progbits
 1303 0000 28B5 2FFD 		.string	"(\265/\375`\250\006\215)"
 1303      60A8 068D 
 1303      2900 
 1304 000a 2A4E FC10 		.string	"*N\374\020I\200X\322p\273\f}\353\353\323J\034\245!L?\267\251\330\302\241T\310\377>E^\330-
 1304      4980 58D2 
 1304      70BB 0C7D 
 1304      EBEB D34A 
 1304      1CA5 214C 
 1305 003c 58A6 1AA6 		.string	"X\246\032\246Y\226\361\022\343\036\324\\\377F\223)\032}\216\r\233\351\266\315\335\266L\00
 1305      5996 F112 
 1305      E31E D45C 
 1305      FF46 9329 
 1305      1A7D 8E0D 
 1306 005a F800      		.string	"\370"
 1307 005c 0301 AC53 		.string	"\003\001\254S\303k.=\306\324\364\024\326\237\227\260\222\335\233\0160-4=+\371\331\b\037\3
 1307      C36B 2E3D 
 1307      C6D4 F414 
 1307      D69F 97B0 
 1307      92DD 9B0E 
 1308 00c9 F981 A63C 		.ascii	"\371\201\246<\036\302S8L\345vS\367\333C\335vtq\242\251\r\337"
 1308      1EC2 5338 
 1308      4CE5 7653 
 1308      F7DB 43DD 
 1308      7674 71A2 
 1309 00e0 A828 1350 		.ascii	"\250(\023P\377\307\375\207\373\217\376lu\204\177\026\362_\213"
 1309      FFC7 FD87 
 1309      FB8F FE6C 
 1309      7584 7F16 
 1309      F25F 8B
 1310 00f3 EC7F D97F 		.ascii	"\354\177\331\177\267\377m^\376c\375\037\340\341\177\227\377\013"
 1310      B7FF 6D5E 
 1310      FE63 FD1F 
 1310      E0E1 7F97 
 1310      FF0B 
 1311 0105 B6FC CFD2 		.ascii	"\266\374\317\322\374_\340g\036\377\325\376O\371\217\366\337\354"
 1311      FC5F E067 
 1311      1EFF D5FE 
 1311      4FF9 8FF6 
 1311      DFEC 
 1312 0117 FF93 FF0B 		.ascii	"\377\223\377\013\376\177\375\337\372\317\365_\311\377\251\377"
 1312      FE7F FDDF 
 1312      FACF F55F 
 1312      C9FF A9FF 
 1313 0127 33FF C3FE 		.ascii	"3\377\303\376\353\236\317\347\363\377\373\263\204_\027\025=\244"
 1313      EB9E CFE7 
 1313      F3FF FBB3 
 1313      845F 1715 
 1313      3DA4 
 1314 0139 71A9 ECB7 		.ascii	"q\251\354\267\230\344\356n\247\214n\367\372u[d/\333\202\022i"
 1314      98E4 EE6E 
 1314      A78C 6EF7 
 1314      FA75 5B64 
 1314      2FDB 8212 
 1315 014e 745B 4636 		.ascii	"t[F6\227\312n.\223=d\323U\"\337bs\033\213Q\335\305d\017\371\272"
 1315      97CA 6E2E 
 1315      933D 64D3 
 1315      5522 DF62 
 1315      731B 8B51 
 1316 0168 CA36 2EDB 		.ascii	"\3126.\333^\033\227\215|\273-\270\256\223-M\311\307n\026\373"
 1316      5E1B 978D 
 1316      7CBB 2DB8 
 1316      AE93 2D4D 
 1316      C9C7 6E16 
 1317 017d F836 CDCB 		.ascii	"\3706\315\313l\373\330\215&\373\350&\327\2121\330k)\255\305\322"
 1317      6CFB D88D 
 1317      26FB E826 
 1317      D78A 31D8 
 1317      6B29 ADC5 
 1318 0192 56D1 E5B7 		.ascii	"V\321\345\267\273\021\2600Juo\265\023M{lv\037_f\200n\275\324"
 1318      BB11 B030 
 1318      4A75 6FB5 
 1318      134D 7B6C 
 1318      761F 5F66 
 1319 01aa D789 A9BB 		.ascii	"\327\211\251\273\217\232\351\324-\325B\350>\266o\3329\2675Z5"
 1319      8F9A E9D4 
 1319      2DD5 42E8 
 1319      3EB6 6FDA 
 1319      39B7 355A 
 1320 01bf 7F79 F552 		.ascii	"\177y\365R\373\256\265i8I\343R\331\363b\222\362\361\305\324\315"
 1320      FBAE B569 
 1320      3849 E352 
 1320      D9F3 6292 
 1320      F2F1 C5D4 
 1321 01d4 69DD CDEC 		.ascii	"i\335\315\354\265erm\266oc\271\251,\244\2705AS\356b/\246\362"
 1321      B565 726D 
 1321      B66F 63B9 
 1321      A92C A4B8 
 1321      3541 53EE 
 1322 01ec F197 6EC8 		.ascii	"\361\227n\310\333\021\f\232\276\302z\366\2515>\365\347&\\\002"
 1322      DB11 0C9A 
 1322      BEC2 7AF6 
 1322      A935 3EF5 
 1322      E726 5C02 
 1323 0200 96C6 54C1 		.ascii	"\226\306T\301\302\265\245\206\271j\223\201\246o\315Z\243\006"
 1323      C2B5 A586 
 1323      B96A 9381 
 1323      A66F CD5A 
 1323      A306 
 1324 0212 9914 68CA 		.ascii	"\231\024h\312Y(g)\030\323]d&\254u\316b\254\367\370<\327Vu\262"
 1324      5928 6729 
 1324      18D3 5D64 
 1324      26AC 75CE 
 1324      62AC F7F8 
 1325 022b FB65 D6E1 		.ascii	"\373e\326\341\273-6\326r6\316\302k\273\333\267Ot\300r!\006\327"
 1325      BB2D 36D6 
 1325      7236 CEC2 
 1325      6BBB DBB7 
 1325      4F74 C072 
 1326 0242 4E4D BE9F 		.ascii	"NM\276\237\261\234\263\200\241Xqe\234\350\322\252\366\330\241"
 1326      B19C B380 
 1326      A158 7165 
 1326      9CE8 D2AA 
 1326      F6D8 A1
 1327 0255 72B6 4285 		.ascii	"r\266B\205\325\270\252O\354N\304u\375\200\353\206\362u\310zr"
 1327      D5B8 AA4F 
 1327      EC4E C475 
 1327      FD80 EB86 
 1327      F275 C87A 
 1328 026a 71E5 ACF6 		.ascii	"q\345\254\3663\035\223L\030\025?\323\255\025yz\252\362\363hp"
 1328      331D 934C 
 1328      1815 3FD3 
 1328      AD15 797A 
 1328      AAF2 F368 
 1329 027f 9CA1 B551 		.ascii	"\234\241\265QY\317f\253\n\227\006\205\2470\327\332LT\313\212"
 1329      59CF 66AB 
 1329      0A97 0685 
 1329      A730 D7DA 
 1329      4C54 CB8A 
 1330 0293 CCD9 C997 		.ascii	"\314\331\311\227\3019l=g\255\273\026Q\320\330,\247\265\351\246"
 1330      C139 6C3D 
 1330      67AD BB16 
 1330      51D0 D82C 
 1330      A7B5 E9A6 
 1331 02a7 81C6 E422 		.ascii	"\201\306\344\"\353Y\307\272[\332\341 \314cP\230\214\315\326f"
 1331      EB59 C7BA 
 1331      5BDA E120 
 1331      CC63 5098 
 1331      8CCD D666 
 1332 02bb 6A58 3273 		.ascii	"jX2sv\262\211A\231\016\005[\216\2667wc,\314E\323\363\214\365"
 1332      76B2 8941 
 1332      990E 055B 
 1332      8EB6 3777 
 1332      632C CC45 
 1333 02d3 CC62 559B 		.ascii	"\314bU\233;\034\366\263\030\025\213\361\023\236S\267\023\234"
 1333      3B1C F6B3 
 1333      1815 8BF1 
 1333      139E 53B7 
 1333      139C 
 1334 02e5 2830 4732 		.string	"(0G2\270vr\362\355\300\336(1'\347'\177\217\017_\321t'\230\271A\204H\023\232\336\013\203\3
 1334      B876 72F2 
 1334      EDC0 DE28 
 1334      3127 E727 
 1334      7F8F 0F5F 
 1335 03e6 FE7E C0DF 		.ascii	"\376~\300\337\317\200\230\270\032W\311\304\204\246\347\270\237"
 1335      CF80 98B8 
 1335      1A57 C9C4 
 1335      84A6 E7B8 
 1335      9F
 1336 03f7 C330 1C67 		.ascii	"\3030\034g\031\213N(4\375\030\337\2503o<g0\2733\256*(4\005p\376"
 1336      198B 4E28 
 1336      34FD 18DF 
 1336      A833 6F3C 
 1336      6730 BB33 
 1337 0412 6206 E0C5 		.ascii	"b\006\340\305\332\030\227w\325!\344\tF\233\332\214\2150Y<\320"
 1337      DA18 9777 
 1337      D521 E409 
 1337      469B DA8C 
 1337      8D30 593C 
 1338 0427 949D 6CE2 		.ascii	"\224\235l\342\371|>\307x\341.g\347\331\251bX*\221M\267\273\310"
 1338      F97C 3EC7 
 1338      78E1 2E67 
 1338      E7D9 A962 
 1338      582A 914D 
 1339 043e AC83 610A 		.ascii	"\254\203a\n\305\024u\013\215\230\256e\234\324\032g\250Q,D\220"
 1339      C514 750B 
 1339      8D98 AE65 
 1339      9CD4 1A67 
 1339      A851 2C44 
 1340 0453 5346 2122 		.ascii	"SF!\"$\301LI\223\244\003\200\002\021*\243z\021\220\255\241\b"
 1340      24C1 4C49 
 1340      93A4 0380 
 1340      0211 2AA3 
 1340      7A11 90AD 
 1341 0469 8382 24C9 		.ascii	"\203\202$\311\260\006\034x\200\220:\206{\0051g\321\013\031\013"
 1341      B006 1C78 
 1341      8090 3A86 
 1341      7B05 3167 
 1341      D10B 190B 
 1342 047d 1810 669A 		.ascii	"\030\020f\232)j&5\224\252\262)\301;\345\274\205i\030\205\370"
 1342      296A 2635 
 1342      94AA B229 
 1342      C13B E5BC 
 1342      8569 1885 
 1343 0492 1EDE 518A 		.ascii	"\036\336Q\212Q&g\334\036T\212r6F\341%\203\\\357B\215JDz\366q"
 1343      5126 67DC 
 1343      1E54 8A72 
 1343      3646 E125 
 1343      835C EF42 
 1344 04ac F07E 52DE 		.ascii	"\360~R\336\305\303sM\334ZH\357G\366:5\351\306\217&\213\313r#"
 1344      C5C3 734D 
 1344      DC5A 48EF 
 1344      47F6 3A35 
 1344      E9C6 8F26 
 1345 04c4 9420 A857 		.ascii	"\224 \250Wr[\231\312\344{8\225\260\206\241\006\315\330\2301I"
 1345      725B 99CA 
 1345      E47B 3895 
 1345      B086 A106 
 1345      CDD8 9831 
 1346 04d9 9F84 41B5 		.ascii	"\237\204A\265O)\320\220\213\330\237\257\376E\354\212\310\026"
 1346      4F29 D090 
 1346      8BD8 9FAF 
 1346      FE45 EC8A 
 1346      C816 
 1347 04eb 47BF C154 		.ascii	"G\277\301T\233qi\241^u\333\320\220\207\332\367yw\341\267\316"
 1347      9B71 69A1 
 1347      5E75 DBD0 
 1347      9087 DAF7 
 1347      7977 E1B7 
 1348 0500 AE12 8E24 		.ascii	"\256\022\216$\260!:\356\301\"a\021\254H\374\333R\266\274\224"
 1348      B021 3AEE 
 1348      C122 6111 
 1348      AC48 FCDB 
 1348      52B6 BC94 
 1349 0514 27D2 9EB9 		.ascii	"'\322\236\271O\222\221&\276\213\273\200\261P\330x1\243\022<V"
 1349      4F92 9126 
 1349      BE8B BB80 
 1349      B150 D878 
 1349      31A3 123C 
 1350 0529 D68B BFF9 		.ascii	"\326\213\277\371\013$.\212\236;\316\364\033\203h8K\r"
 1350      0B24 2E8A 
 1350      9E3B CEF4 
 1350      1B83 6838 
 1350      4B0D 
 1351               		.text
 1352               		.section	.gnu.lto_.symtab.4947e0776822d3a,"e",@progbits
 1353 0000 6B65 795F 		.string	"key_to_codepoint"
 1353      746F 5F63 
 1353      6F64 6570 
 1353      6F69 6E74 
 1353      00
 1354 0011 00        		.string	""
 1355 0012 00        		.string	""
 1356 0013 00        		.string	""
 1357 0014 00        		.string	""
 1358 0015 00        		.string	""
 1359 0016 00        		.string	""
 1360 0017 00        		.string	""
 1361 0018 00        		.string	""
 1362 0019 00        		.string	""
 1363 001a 00        		.string	""
 1364 001b 00        		.string	""
 1365 001c D600      		.string	"\326"
 1366 001e 00        		.string	""
 1367 001f 00        		.string	""
 1368 0020 746F 7570 		.string	"toupper"
 1368      7065 7200 
 1369 0028 00        		.string	""
 1370 0029 02        		.ascii	"\002"
 1371 002a 00        		.string	""
 1372 002b 00        		.string	""
 1373 002c 00        		.string	""
 1374 002d 00        		.string	""
 1375 002e 00        		.string	""
 1376 002f 00        		.string	""
 1377 0030 00        		.string	""
 1378 0031 00        		.string	""
 1379 0032 00        		.string	""
 1380 0033 E700      		.string	"\347"
 1381 0035 00        		.string	""
 1382 0036 00        		.string	""
 1383               		.text
 1384               		.section	.gnu.lto_.ext_symtab.4947e0776822d3a,"e",@progbits
 1385 0000 01        		.ascii	"\001"
 1386 0001 01        		.ascii	"\001"
 1387 0002 00        		.string	""
 1388 0003 01        		.ascii	"\001"
 1389 0004 00        		.string	""
 1390               		.text
 1391               		.section	.gnu.lto_.opts,"e",@progbits
 1392 0000 272D 666E 		.ascii	"'-fno-openmp' '-f"
 1392      6F2D 6F70 
 1392      656E 6D70 
 1392      2720 272D 
 1392      66
 1393 0011 6E6F 2D6F 		.string	"no-openacc' '-fno-pie' '-fcf-protection=none' '-g' '-mn-flash=1' '-mno-skip-bug' '-mdoubl
 1393      7065 6E61 
 1393      6363 2720 
 1393      272D 666E 
 1393      6F2D 7069 
 1394               		.text
 1395               		.comm	__gnu_lto_slim,1,1
 1396               		.ident	"GCC: (GNU) 12.2.0"
DEFINED SYMBOLS
                            *ABS*:00000000 german.c
     /tmp/ccp99rd1.s:2      *ABS*:0000003e __SP_H__
     /tmp/ccp99rd1.s:3      *ABS*:0000003d __SP_L__
     /tmp/ccp99rd1.s:4      *ABS*:0000003f __SREG__
     /tmp/ccp99rd1.s:5      *ABS*:00000000 __tmp_reg__
     /tmp/ccp99rd1.s:6      *ABS*:00000001 __zero_reg__
     /tmp/ccp99rd1.s:17     .gnu.debuglto_.debug_info:00000000 german.c.d95371e0
                            *COM*:00000001 __gnu_lto_slim
     /tmp/ccp99rd1.s:516    .gnu.debuglto_.debug_abbrev:00000000 .Ldebug_abbrev0
     /tmp/ccp99rd1.s:777    .gnu.debuglto_.debug_line:00000000 .Ldebug_line0

NO UNDEFINED SYMBOLS
